15:38:14.134 [main                     ] DEBUG Logger               - Configured Logger
15:38:14.158 [main                     ] DEBUG GameApplication      - Logging settings
Title: Untitled
Version: 0.0
Width: 1050
Height: 700
Fullscreen: false
Intro: false
Profiling: false
Single step:false
App Mode: DEVELOPER
Menu Key: ESCAPE
Stage Style: DECORATED
Scene Factory: class org.example.Main$1

15:38:14.505 [JavaFX Application Thread] DEBUG FXGLApplication      - Initializing FXGL
15:38:14.508 [JavaFX Application Thread] INFO  Engine               - FXGL-21 (28.12.2023 13.35) on WINDOWS (J:21.0.3 FX:21.0.1)
15:38:14.509 [JavaFX Application Thread] DEBUG Engine               - JRE Vendor Name: Oracle Corporation
15:38:14.509 [JavaFX Application Thread] DEBUG Engine               - Running on OS: Windows 11 version 10.0
15:38:14.509 [JavaFX Application Thread] DEBUG Engine               - Architecture: amd64
15:38:14.509 [JavaFX Application Thread] INFO  Engine               - Source code and latest versions at: https://github.com/AlmasB/FXGL
15:38:14.509 [JavaFX Application Thread] INFO  Engine               -       Ask questions and discuss at: https://github.com/AlmasB/FXGL/discussions
15:38:14.509 [JavaFX Application Thread] INFO  Engine               -              Join the FXGL chat at: https://gitter.im/AlmasB/FXGL
15:38:14.599 [JavaFX Application Thread] DEBUG PrimaryStageWindow   - Creating a JavaFX scene
15:38:14.646 [JavaFX Application Thread] DEBUG PrimaryStageWindow   - Target settings size: 1050.0 x 700.0
15:38:14.647 [JavaFX Application Thread] DEBUG PrimaryStageWindow   - Scaled scene size:    1050.0 x 700.0
15:38:14.647 [JavaFX Application Thread] DEBUG PrimaryStageWindow   - Scaled ratio: (1.0, 1.0)
15:38:14.648 [JavaFX Application Thread] DEBUG PrimaryStageWindow   - Set initial scene to FXGLStartupScene
15:38:14.653 [JavaFX Application Thread] DEBUG PrimaryStageWindow   - Opening main window
15:38:14.730 [JavaFX Application Thread] DEBUG PrimaryStageWindow   - Window border size: (16.0, 39.0)
15:38:14.730 [JavaFX Application Thread] DEBUG PrimaryStageWindow   - Scaled size: 1050.0 x 700.0
15:38:14.731 [JavaFX Application Thread] DEBUG PrimaryStageWindow   - Scaled ratio: (1.0, 1.0)
15:38:14.731 [JavaFX Application Thread] DEBUG PrimaryStageWindow   - Scene size: 1050.0 x 700.0
15:38:14.731 [JavaFX Application Thread] DEBUG PrimaryStageWindow   - Stage size: 1066.0 x 739.0
15:38:14.738 [FXGL Background Thread 1 ] DEBUG Engine               - Initializing environment variables
15:38:14.807 [FXGL Background Thread 1 ] DEBUG FXGLAssetLoaderServi - User app class for loading assets: class org.example.Main
15:38:14.808 [FXGL Background Thread 1 ] DEBUG GameApplicationServi - Applying CSS: fxgl_dark.css
15:38:14.808 [FXGL Background Thread 1 ] DEBUG FXGLAssetLoaderServi - Loading from file system: jar:file:///C:/Users/nykum/.m2/repository/com/github/almasb/fxgl/21/fxgl-21.jar!/fxglassets/ui/css/fxgl_dark.css
15:38:14.853 [FXGL Background Thread 1 ] DEBUG GameApplicationServi - Initializing application scenes
15:38:15.017 [FXGL Background Thread 1 ] WARN  FXGLAssetLoaderServi - Asset "/assets/textures/player.png" was not found!
15:38:15.017 [FXGL Background Thread 1 ] WARN  FXGLAssetLoaderServi - Failed to load IMAGE
15:38:15.038 [FXGL Background Thread 1 ] DEBUG GameWorld            - Game world initialized
15:38:15.083 [FXGL Background Thread 1 ] DEBUG PhysicsWorld         - Physics world initialized: appHeight=700, physics.ppm=50,0
15:38:15.083 [FXGL Background Thread 1 ] DEBUG PhysicsWorld         - Using strategy: BRUTE_FORCE
15:38:15.088 [FXGL Background Thread 1 ] DEBUG GameScene            - Game scene initialized: 1050x700
15:38:15.097 [FXGL Background Thread 1 ] DEBUG FXGL.DefaultMenu     - createMenuBodyGameMenu()
15:38:15.113 [FXGL Background Thread 1 ] DEBUG FXGL.DefaultMenu     - createOptionsMenu()
15:38:15.122 [FXGL Background Thread 1 ] DEBUG FXGLAssetLoaderServi - Loading from file system: jar:file:///C:/Users/nykum/.m2/repository/com/github/almasb/fxgl/21/fxgl-21.jar!/fxglassets/textures/particles/smoke.png
15:38:15.216 [FXGL Background Thread 1 ] DEBUG FXGLAssetLoaderServi - Loading from file system: jar:file:///C:/Users/nykum/.m2/repository/com/github/almasb/fxgl/21/fxgl-21.jar!/fxglassets/textures/particles/trace_horizontal.png
15:38:15.241 [FXGL Background Thread 1 ] DEBUG GameApplicationServi - Application scenes initialized
15:38:15.255 [FXGL Background Thread 1 ] DEBUG SystemBundleService  - Loading FXGL system data
15:38:15.260 [FXGL Background Thread 1 ] DEBUG FileSystemAccess     - Reading from: C:\Users\nykum\OneDrive\Área de Trabalho\The-Fallen-Piolin\Game\system\fxgl.bundle
15:38:15.273 [FXGL Background Thread 1 ] DEBUG SystemBundleService  - Bundle FXGL: {}
15:38:15.274 [FXGL Background Thread 1 ] DEBUG UpdaterService       - Checking for updates
15:38:15.301 [FXGL Background Thread 4 ] DEBUG FXGLApplication      - Loading fonts
15:38:15.302 [FXGL Background Thread 4 ] DEBUG FXGLAssetLoaderServi - Loading from file system: jar:file:///C:/Users/nykum/.m2/repository/com/github/almasb/fxgl/21/fxgl-21.jar!/fxglassets/ui/fonts/VarelaRound-Regular.ttf
15:38:15.302 [FXGL Background Thread 1 ] DEBUG FXGLApplication      - Loading default localization
15:38:15.302 [FXGL Background Thread 1 ] DEBUG FXGLAssetLoaderServi - Loading from file system: jar:file:///C:/Users/nykum/.m2/repository/com/github/almasb/fxgl/21/fxgl-21.jar!/fxglassets/languages/english.lang
15:38:15.323 [FXGL Background Thread 1 ] INFO  FXGLApplication      - FXGL initialization took: 0,584 sec
15:38:15.336 [FXGL Background Thread 4 ] DEBUG FXGLAssetLoaderServi - Loading from file system: jar:file:///C:/Users/nykum/.m2/repository/com/github/almasb/fxgl/21/fxgl-21.jar!/fxglassets/ui/fonts/Abel-Regular.ttf
15:38:15.336 [JavaFX Application Thread] DEBUG Input                - Registered new binding: Left - A
15:38:15.337 [JavaFX Application Thread] DEBUG Input                - Registered new binding: Right - D
15:38:15.337 [JavaFX Application Thread] DEBUG Input                - Registered new binding: Jump - W
15:38:15.338 [JavaFX Application Thread] DEBUG Input                - Registered new binding: Disparar pena - LMB
15:38:15.338 [JavaFX Application Thread] DEBUG Input                - Registered new binding: Disparar água - RMB
15:38:15.338 [JavaFX Application Thread] DEBUG Input                - Registered new binding: PAUSE - F
15:38:15.339 [JavaFX Application Thread] DEBUG Input                - Registered new binding: RESUME - G
15:38:15.339 [JavaFX Application Thread] DEBUG Input                - Registered new binding: Move espalha lixo para a esquerda! - J
15:38:15.339 [JavaFX Application Thread] DEBUG Input                - Registered new binding: Move espalha lixo para a direita! - K
15:38:15.339 [JavaFX Application Thread] DEBUG Input                - Registered new binding: Disparar com Espalha Lixo - L
15:38:15.340 [JavaFX Application Thread] DEBUG FXGLAssetLoaderServi - Loading from file system: file:/C:/Users/nykum/OneDrive/Área%20de%20Trabalho/The-Fallen-Piolin/Game/target/classes/assets/music/backsound.wav
15:38:15.340 [FXGL Background Thread 4 ] DEBUG FXGLAssetLoaderServi - Loading from file system: jar:file:///C:/Users/nykum/.m2/repository/com/github/almasb/fxgl/21/fxgl-21.jar!/fxglassets/ui/fonts/TerminalLandMono-Regular.otf
15:38:15.343 [FXGL Background Thread 4 ] DEBUG FXGLAssetLoaderServi - Loading from file system: jar:file:///C:/Users/nykum/.m2/repository/com/github/almasb/fxgl/21/fxgl-21.jar!/fxglassets/ui/fonts/Courier-Prime.ttf
15:38:15.464 [JavaFX Application Thread] DEBUG AudioPlayer          - Playing music com.almasb.fxgl.audio.Music@a2b4d20
15:38:15.464 [JavaFX Application Thread] DEBUG FXGLAssetLoaderServi - Loading from file system: jar:file:///C:/Users/nykum/.m2/repository/com/github/almasb/fxgl/21/fxgl-21.jar!/fxglassets/textures/fxgl_icon.png
15:38:15.480 [JavaFX Application Thread] DEBUG FXGLAssetLoaderServi - Loading from file system: jar:file:///C:/Users/nykum/.m2/repository/com/github/almasb/fxgl/21/fxgl-21.jar!/fxglassets/textures/fxgl_default_cursor.png
15:38:15.483 [JavaFX Application Thread] DEBUG Input                - Registered new binding: Screenshot - CTRL+8
15:38:15.484 [JavaFX Application Thread] DEBUG Input                - Registered new binding: Dev Options - 1
15:38:15.484 [JavaFX Application Thread] DEBUG Input                - Registered new binding: Dev Console - 2
15:38:15.485 [JavaFX Application Thread] DEBUG Input                - Registered new binding: System info dump - CTRL+9
15:38:15.485 [JavaFX Application Thread] DEBUG Input                - Registered new binding: Restart - CTRL+R
15:38:15.486 [JavaFX Application Thread] DEBUG Input                - Registered new binding: Toggle Debug Camera - CTRL+7
15:38:15.490 [JavaFX Application Thread] DEBUG LoopRunner           - Starting loop
15:38:15.505 [JavaFX Application Thread] DEBUG LoopRunner           - Initializing JavaFX AnimationTimerLoop
15:38:15.506 [JavaFX Application Thread] DEBUG GameApplicationServi - Starting new game
15:38:15.506 [JavaFX Application Thread] DEBUG Input                - Clearing active input actions
15:38:15.524 [JavaFX Application Thread] DEBUG GameApplicationServi - Removing overlay from FXGLStartupScene and adding to MainLoadingScene
15:38:15.529 [JavaFX Application Thread] DEBUG PrimaryStageWindow   - FXGLStartupScene -> MainLoadingScene
15:38:15.530 [JavaFX Application Thread] DEBUG GameApplicationServi - Clearing previous game
15:38:15.530 [JavaFX Application Thread] DEBUG GameScene            - Clearing game scene
15:38:15.530 [JavaFX Application Thread] DEBUG GameWorld            - Clearing game world
15:38:15.530 [JavaFX Application Thread] DEBUG PhysicsWorld         - Clearing physics world
15:38:15.532 [FXGL Background Thread 4 ] DEBUG FXGLApplication      - Initializing game
15:38:15.534 [JavaFX Application Thread] DEBUG FXGLApplication      - Registering font factories with UI factory
15:38:15.537 [FXGL Background Thread 4 ] DEBUG FXGLAssetLoaderServi - Loading from file system: file:/C:/Users/nykum/OneDrive/Área%20de%20Trabalho/The-Fallen-Piolin/Game/target/classes/assets/sounds/detenha.wav
15:38:15.586 [FXGL Background Thread 4 ] DEBUG FXGLAssetLoaderServi - Loading from file system: file:/C:/Users/nykum/OneDrive/Área%20de%20Trabalho/The-Fallen-Piolin/Game/target/classes/assets/textures/background/forest.png
15:38:15.714 [FXGL Background Thread 2 ] INFO  UpdaterService       - Your current version:  21
15:38:15.715 [FXGL Background Thread 2 ] INFO  UpdaterService       - Latest stable version: 21.1
15:38:15.773 [FXGL Background Thread 4 ] WARN  TMXLevelLoader       - TiledMap generated from 1.10.2. Supported version: 1.9.0. Some features may not be parsed fully.
15:38:15.825 [FXGL Background Thread 4 ] DEBUG TMXLevelLoader       - Parsed TiledMap: file:/C:/Users/nykum/OneDrive/Área%20de%20Trabalho/The-Fallen-Piolin/Game/target/classes/assets/levels/tmx/map-remastered8.tmx
15:38:15.826 [FXGL Background Thread 4 ] DEBUG TMXLevelLoader       - Creating tile layer entities
15:38:15.828 [FXGL Background Thread 4 ] DEBUG TilesetLoader        - Loading view for layer lower-down-above
15:38:15.832 [FXGL Background Thread 4 ] DEBUG TilesetLoader        - Created buffer with size 2560.0x800.0
15:38:15.855 [FXGL Background Thread 4 ] DEBUG TilesetLoader        - Loading view for layer end
15:38:15.857 [FXGL Background Thread 4 ] DEBUG TilesetLoader        - Created buffer with size 2560.0x800.0
15:38:15.859 [FXGL Background Thread 4 ] DEBUG TilesetLoader        - Loading view for layer middle
15:38:15.867 [FXGL Background Thread 4 ] DEBUG TilesetLoader        - Created buffer with size 2560.0x800.0
15:38:15.871 [FXGL Background Thread 4 ] DEBUG TilesetLoader        - Loading view for layer first
15:38:15.875 [FXGL Background Thread 4 ] DEBUG TilesetLoader        - Created buffer with size 2560.0x800.0
15:38:15.880 [FXGL Background Thread 4 ] DEBUG TilesetLoader        - Loading view for layer last
15:38:15.887 [FXGL Background Thread 4 ] DEBUG TilesetLoader        - Created buffer with size 2560.0x800.0
15:38:15.891 [FXGL Background Thread 4 ] DEBUG TilesetLoader        - Loading view for layer trees to burn
15:38:15.895 [FXGL Background Thread 4 ] DEBUG TilesetLoader        - Created buffer with size 2560.0x800.0
15:38:15.897 [FXGL Background Thread 4 ] DEBUG TilesetLoader        - Loading view for layer front-one-more
15:38:15.905 [FXGL Background Thread 4 ] DEBUG TilesetLoader        - Created buffer with size 2560.0x800.0
15:38:15.907 [FXGL Background Thread 4 ] DEBUG TMXLevelLoader       - Creating object layer entities
15:38:15.937 [FXGL Background Thread 4 ] DEBUG GameWorld            - Clearing removable entities
15:38:15.937 [FXGL Background Thread 4 ] DEBUG GameWorld            - Setting level: com.almasb.fxgl.entity.level.Level@9c56727
15:38:15.947 [FXGL Background Thread 4 ] DEBUG FXGLAssetLoaderServi - Loading from file system: file:/C:/Users/nykum/OneDrive/Área%20de%20Trabalho/The-Fallen-Piolin/Game/target/classes/assets/textures/walk_piolin1-Sheet.png
15:38:15.960 [FXGL Background Thread 4 ] DEBUG FXGLAssetLoaderServi - Loading from file system: file:/C:/Users/nykum/OneDrive/Área%20de%20Trabalho/The-Fallen-Piolin/Game/target/classes/assets/textures/whole-espalha-lixot.png
15:38:15.964 [FXGL Background Thread 4 ] INFO  FXGLApplication      - Game initialization took: 0,432 sec
15:38:15.965 [JavaFX Application Thread] DEBUG Input                - Clearing active input actions
15:38:15.974 [JavaFX Application Thread] DEBUG GameApplicationServi - Removing overlay from MainLoadingScene and adding to GameScene
15:38:15.978 [JavaFX Application Thread] DEBUG PrimaryStageWindow   - MainLoadingScene -> GameScene
15:38:15.984 [JavaFX Application Thread] DEBUG FXGLAssetLoaderServi - Loading from file system: file:/C:/Users/nykum/OneDrive/Área%20de%20Trabalho/The-Fallen-Piolin/Game/target/classes/assets/textures/tiro_de_fogo.png
15:38:17.190 [JavaFX Application Thread] DEBUG FXGLAssetLoaderServi - Loading from file system: file:/C:/Users/nykum/OneDrive/Área%20de%20Trabalho/The-Fallen-Piolin/Game/target/classes/assets/sounds/fire_launcher.wav
15:38:18.300 [FXGL Background Thread 3 ] DEBUG Engine               - Logging environment variables
15:38:18.300 [FXGL Background Thread 3 ] DEBUG Engine               - achievements: []
15:38:18.300 [FXGL Background Thread 3 ] DEBUG Engine               - actualHeight: 700.0
15:38:18.301 [FXGL Background Thread 3 ] DEBUG Engine               - actualHeightProperty: ReadOnlyDoubleProperty [value: 700.0]
15:38:18.301 [FXGL Background Thread 3 ] DEBUG Engine               - actualWidth: 1050.0
15:38:18.302 [FXGL Background Thread 3 ] DEBUG Engine               - actualWidthProperty: ReadOnlyDoubleProperty [value: 1050.0]
15:38:18.302 [FXGL Background Thread 3 ] DEBUG Engine               - appIcon: fxgl_icon.png
15:38:18.302 [FXGL Background Thread 3 ] DEBUG Engine               - applicationMode: DEVELOPER
15:38:18.302 [FXGL Background Thread 3 ] DEBUG Engine               - cSSList: [fxgl_dark.css]
15:38:18.302 [FXGL Background Thread 3 ] DEBUG Engine               - collisionDetectionStrategy: BRUTE_FORCE
15:38:18.303 [FXGL Background Thread 3 ] DEBUG Engine               - configClass: Optional.empty
15:38:18.303 [FXGL Background Thread 3 ] DEBUG Engine               - credits: []
15:38:18.303 [FXGL Background Thread 3 ] DEBUG Engine               - defaultCursor: CursorInfo(imageName=fxgl_default_cursor.png, hotspotX=7.0, hotspotY=6.0)
15:38:18.304 [FXGL Background Thread 3 ] DEBUG Engine               - devBBoxColorProperty: ObjectProperty [value: 0xff0000ff]
15:38:18.305 [FXGL Background Thread 3 ] DEBUG Engine               - devEnableDebugCameraProperty: BooleanProperty [value: false]
15:38:18.305 [FXGL Background Thread 3 ] DEBUG Engine               - devSensorColorProperty: ObjectProperty [value: 0xffff00ff]
15:38:18.305 [FXGL Background Thread 3 ] DEBUG Engine               - devShowBBoxProperty: BooleanProperty [value: false]
15:38:18.305 [FXGL Background Thread 3 ] DEBUG Engine               - devShowPositionProperty: BooleanProperty [value: false]
15:38:18.305 [FXGL Background Thread 3 ] DEBUG Engine               - enabledMenuItems: []
15:38:18.305 [FXGL Background Thread 3 ] DEBUG Engine               - engineServices: [class com.almasb.fxgl.app.services.FXGLAssetLoaderService, class com.almasb.fxgl.app.FXGLApplication$GameApplicationService, class com.almasb.fxgl.app.services.FXGLDialogService, class com.almasb.fxgl.app.services.IOTaskExecutorService, class com.almasb.fxgl.io.FileSystemService, class com.almasb.fxgl.localization.LocalizationService, class com.almasb.fxgl.app.services.SystemBundleService, class com.almasb.fxgl.profile.SaveLoadService, class com.almasb.fxgl.ui.FXGLUIFactoryServiceProvider, class com.almasb.fxgl.ui.FXGLDialogFactoryServiceProvider, class com.almasb.fxgl.audio.AudioPlayer, class com.almasb.fxgl.notification.impl.NotificationServiceProvider, class com.almasb.fxgl.achievement.AchievementService, class com.almasb.fxgl.cutscene.CutsceneService, class com.almasb.fxgl.minigames.MiniGameService, class com.almasb.fxgl.net.NetService, class com.almasb.fxgl.app.services.UpdaterService, class com.almasb.fxgl.dev.DevService]
15:38:18.305 [FXGL Background Thread 3 ] DEBUG Engine               - fontGame: Abel-Regular.ttf
15:38:18.305 [FXGL Background Thread 3 ] DEBUG Engine               - fontMono: TerminalLandMono-Regular.otf
15:38:18.306 [FXGL Background Thread 3 ] DEBUG Engine               - fontSizeScaleUI: 1.0
15:38:18.306 [FXGL Background Thread 3 ] DEBUG Engine               - fontText: Courier-Prime.ttf
15:38:18.306 [FXGL Background Thread 3 ] DEBUG Engine               - fontUI: VarelaRound-Regular.ttf
15:38:18.306 [FXGL Background Thread 3 ] DEBUG Engine               - fullScreen: BooleanProperty [value: false]
15:38:18.306 [FXGL Background Thread 3 ] DEBUG Engine               - gameDifficulty: MEDIUM
15:38:18.306 [FXGL Background Thread 3 ] DEBUG Engine               - gameDifficultyProperty: ObjectProperty [value: MEDIUM]
15:38:18.307 [FXGL Background Thread 3 ] DEBUG Engine               - globalMusicVolume: 0.5
15:38:18.308 [FXGL Background Thread 3 ] DEBUG Engine               - globalMusicVolumeProperty: DoubleProperty [value: 0.2]
15:38:18.308 [FXGL Background Thread 3 ] DEBUG Engine               - globalSoundVolume: 0.5
15:38:18.308 [FXGL Background Thread 3 ] DEBUG Engine               - globalSoundVolumeProperty: DoubleProperty [value: 0.5]
15:38:18.308 [FXGL Background Thread 3 ] DEBUG Engine               - height: 700
15:38:18.308 [FXGL Background Thread 3 ] DEBUG Engine               - is3D: false
15:38:18.308 [FXGL Background Thread 3 ] DEBUG Engine               - isAndroid: false
15:38:18.308 [FXGL Background Thread 3 ] DEBUG Engine               - isBrowser: false
15:38:18.308 [FXGL Background Thread 3 ] DEBUG Engine               - isClickFeedbackEnabled: false
15:38:18.308 [FXGL Background Thread 3 ] DEBUG Engine               - isCloseConfirmation: false
15:38:18.308 [FXGL Background Thread 3 ] DEBUG Engine               - isDesktop: true
15:38:18.308 [FXGL Background Thread 3 ] DEBUG Engine               - isDeveloperMenuEnabled: true
15:38:18.308 [FXGL Background Thread 3 ] DEBUG Engine               - isEmbedded: false
15:38:18.308 [FXGL Background Thread 3 ] DEBUG Engine               - isEntityPreloadEnabled: true
15:38:18.308 [FXGL Background Thread 3 ] DEBUG Engine               - isExperimentalTiledLargeMap: false
15:38:18.308 [FXGL Background Thread 3 ] DEBUG Engine               - isFileSystemWriteAllowed: true
15:38:18.308 [FXGL Background Thread 3 ] DEBUG Engine               - isFullScreenAllowed: false
15:38:18.308 [FXGL Background Thread 3 ] DEBUG Engine               - isFullScreenFromStart: false
15:38:18.308 [FXGL Background Thread 3 ] DEBUG Engine               - isGameMenuEnabled: true
15:38:18.308 [FXGL Background Thread 3 ] DEBUG Engine               - isIOS: false
15:38:18.308 [FXGL Background Thread 3 ] DEBUG Engine               - isIntroEnabled: false
15:38:18.308 [FXGL Background Thread 3 ] DEBUG Engine               - isLinux: false
15:38:18.308 [FXGL Background Thread 3 ] DEBUG Engine               - isMac: false
15:38:18.308 [FXGL Background Thread 3 ] DEBUG Engine               - isMainMenuEnabled: false
15:38:18.308 [FXGL Background Thread 3 ] DEBUG Engine               - isManualResizeEnabled: false
15:38:18.308 [FXGL Background Thread 3 ] DEBUG Engine               - isMobile: false
15:38:18.310 [FXGL Background Thread 3 ] DEBUG Engine               - isNative: false
15:38:18.310 [FXGL Background Thread 3 ] DEBUG Engine               - isPauseMusicWhenMinimized: true
15:38:18.310 [FXGL Background Thread 3 ] DEBUG Engine               - isPreserveResizeRatio: false
15:38:18.310 [FXGL Background Thread 3 ] DEBUG Engine               - isProfilingEnabled: false
15:38:18.310 [FXGL Background Thread 3 ] DEBUG Engine               - isScaleAffectedOnResize: true
15:38:18.310 [FXGL Background Thread 3 ] DEBUG Engine               - isSingleStep: false
15:38:18.310 [FXGL Background Thread 3 ] DEBUG Engine               - isUserProfileEnabled: false
15:38:18.310 [FXGL Background Thread 3 ] DEBUG Engine               - isWindows: true
15:38:18.310 [FXGL Background Thread 3 ] DEBUG Engine               - language: ObjectProperty [value: ENGLISH]
15:38:18.310 [FXGL Background Thread 3 ] DEBUG Engine               - menuKey: ESCAPE
15:38:18.310 [FXGL Background Thread 3 ] DEBUG Engine               - mouseSensitivity: 0.2
15:38:18.310 [FXGL Background Thread 3 ] DEBUG Engine               - notificationViewClass: class com.almasb.fxgl.notification.view.XboxNotificationView
15:38:18.310 [FXGL Background Thread 3 ] DEBUG Engine               - pixelsPerMeter: 50.0
15:38:18.311 [FXGL Background Thread 3 ] DEBUG Engine               - platform: WINDOWS
15:38:18.311 [FXGL Background Thread 3 ] DEBUG Engine               - prefHeightProperty: ReadOnlyDoubleProperty [value: 700.0]
15:38:18.311 [FXGL Background Thread 3 ] DEBUG Engine               - prefWidthProperty: ReadOnlyDoubleProperty [value: 1050.0]
15:38:18.311 [FXGL Background Thread 3 ] DEBUG Engine               - profileDir: profiles/
15:38:18.311 [FXGL Background Thread 3 ] DEBUG Engine               - profileName: StringProperty [value: DEFAULT]
15:38:18.311 [FXGL Background Thread 3 ] DEBUG Engine               - randomSeed: -1
15:38:18.311 [FXGL Background Thread 3 ] DEBUG Engine               - runtimeInfo: RuntimeInfo(platform=WINDOWS, version=21, build=28.12.2023 13.35)
15:38:18.312 [FXGL Background Thread 3 ] DEBUG Engine               - saveFileExt: sav
15:38:18.312 [FXGL Background Thread 3 ] DEBUG Engine               - scaledHeightProp$fxgl: DoubleProperty [bound, value: 700.0]
15:38:18.312 [FXGL Background Thread 3 ] DEBUG Engine               - scaledWidthProp$fxgl: DoubleProperty [bound, value: 1050.0]
15:38:18.312 [FXGL Background Thread 3 ] DEBUG Engine               - sceneFactory: org.example.Main$1@5d8856c4
15:38:18.312 [FXGL Background Thread 3 ] DEBUG Engine               - secondsIn24h: 60
15:38:18.312 [FXGL Background Thread 3 ] DEBUG Engine               - soundMenuBack: menu/back.wav
15:38:18.312 [FXGL Background Thread 3 ] DEBUG Engine               - soundMenuPress: menu/press.wav
15:38:18.312 [FXGL Background Thread 3 ] DEBUG Engine               - soundMenuSelect: menu/select.wav
15:38:18.312 [FXGL Background Thread 3 ] DEBUG Engine               - soundNotification: core/notification.wav
15:38:18.312 [FXGL Background Thread 3 ] DEBUG Engine               - stageStyle: DECORATED
15:38:18.312 [FXGL Background Thread 3 ] DEBUG Engine               - supportedLanguages: [ENGLISH, FRENCH, GERMAN, HUNGARIAN, RUSSIAN]
15:38:18.312 [FXGL Background Thread 3 ] DEBUG Engine               - ticksPerSecond: -1
15:38:18.312 [FXGL Background Thread 3 ] DEBUG Engine               - title: Untitled
15:38:18.312 [FXGL Background Thread 3 ] DEBUG Engine               - urlGithub: https://github.com/AlmasB/FXGL
15:38:18.312 [FXGL Background Thread 3 ] DEBUG Engine               - urlLeaderboard: http://fxgl-top.herokuapp.com/
15:38:18.312 [FXGL Background Thread 3 ] DEBUG Engine               - urlPOM: https://raw.githubusercontent.com/AlmasB/FXGL/release/README.md
15:38:18.313 [FXGL Background Thread 3 ] DEBUG Engine               - userAppClass: class org.example.Main
15:38:18.313 [FXGL Background Thread 3 ] DEBUG Engine               - version: 0.0
15:38:18.313 [FXGL Background Thread 3 ] DEBUG Engine               - versionCheckDays: 7
15:38:18.313 [FXGL Background Thread 3 ] DEBUG Engine               - width: 1050
15:38:18.313 [FXGL Background Thread 3 ] DEBUG Engine               - Logging services
15:38:18.313 [FXGL Background Thread 3 ] DEBUG Engine               - class com.almasb.fxgl.app.services.FXGLAssetLoaderService
15:38:18.313 [FXGL Background Thread 3 ] DEBUG Engine               - class com.almasb.fxgl.app.FXGLApplication$GameApplicationService
15:38:18.313 [FXGL Background Thread 3 ] DEBUG Engine               - class com.almasb.fxgl.app.services.FXGLDialogService
15:38:18.313 [FXGL Background Thread 3 ] DEBUG Engine               - class com.almasb.fxgl.app.services.IOTaskExecutorService
15:38:18.313 [FXGL Background Thread 3 ] DEBUG Engine               - class com.almasb.fxgl.io.FileSystemService
15:38:18.313 [FXGL Background Thread 3 ] DEBUG Engine               - class com.almasb.fxgl.localization.LocalizationService
15:38:18.313 [FXGL Background Thread 3 ] DEBUG Engine               - class com.almasb.fxgl.app.services.SystemBundleService
15:38:18.313 [FXGL Background Thread 3 ] DEBUG Engine               - class com.almasb.fxgl.profile.SaveLoadService
15:38:18.313 [FXGL Background Thread 3 ] DEBUG Engine               - class com.almasb.fxgl.ui.FXGLUIFactoryServiceProvider
15:38:18.313 [FXGL Background Thread 3 ] DEBUG Engine               - class com.almasb.fxgl.ui.FXGLDialogFactoryServiceProvider
15:38:18.313 [FXGL Background Thread 3 ] DEBUG Engine               - class com.almasb.fxgl.audio.AudioPlayer
15:38:18.313 [FXGL Background Thread 3 ] DEBUG Engine               - class com.almasb.fxgl.notification.impl.NotificationServiceProvider
15:38:18.313 [FXGL Background Thread 3 ] DEBUG Engine               - class com.almasb.fxgl.achievement.AchievementService
15:38:18.313 [FXGL Background Thread 3 ] DEBUG Engine               - class com.almasb.fxgl.cutscene.CutsceneService
15:38:18.313 [FXGL Background Thread 3 ] DEBUG Engine               - class com.almasb.fxgl.minigames.MiniGameService
15:38:18.313 [FXGL Background Thread 3 ] DEBUG Engine               - class com.almasb.fxgl.net.NetService
15:38:18.314 [FXGL Background Thread 3 ] DEBUG Engine               - class com.almasb.fxgl.app.services.UpdaterService
15:38:18.314 [FXGL Background Thread 3 ] DEBUG Engine               - class com.almasb.fxgl.dev.DevService
15:38:18.556 [JavaFX Application Thread] DEBUG FXGLAssetLoaderServi - Loading from file system: file:/C:/Users/nykum/OneDrive/Área%20de%20Trabalho/The-Fallen-Piolin/Game/target/classes/assets/textures/normal_feather.png
15:38:18.557 [JavaFX Application Thread] DEBUG FXGLAssetLoaderServi - Loading from file system: file:/C:/Users/nykum/OneDrive/Área%20de%20Trabalho/The-Fallen-Piolin/Game/target/classes/assets/sounds/paper.wav
15:38:18.964 [JavaFX Application Thread] DEBUG FXGLAssetLoaderServi - Loading from file system: file:/C:/Users/nykum/OneDrive/Área%20de%20Trabalho/The-Fallen-Piolin/Game/target/classes/assets/textures/waterD.png
15:38:19.000 [JavaFX Application Thread] DEBUG FXGLAssetLoaderServi - Loading from file system: file:/C:/Users/nykum/OneDrive/Área%20de%20Trabalho/The-Fallen-Piolin/Game/target/classes/assets/sounds/fogo.wav
15:38:24.154 [JavaFX Application Thread] DEBUG FXGLAssetLoaderServi - Loading from file system: file:/C:/Users/nykum/OneDrive/Área%20de%20Trabalho/The-Fallen-Piolin/Game/target/classes/assets/sounds/haha.wav
15:38:25.583 [JavaFX Application Thread] DEBUG FXGLAssetLoaderServi - Loading from file system: file:/C:/Users/nykum/OneDrive/Área%20de%20Trabalho/The-Fallen-Piolin/Game/target/classes/assets/sounds/water.wav
15:38:28.043 [JavaFX Application Thread] DEBUG FXGLAssetLoaderServi - Loading from file system: file:/C:/Users/nykum/OneDrive/Área%20de%20Trabalho/The-Fallen-Piolin/Game/target/classes/assets/sounds/vaiqueimar.wav
15:38:38.511 [JavaFX Application Thread] DEBUG AudioPlayer          - Pausing music com.almasb.fxgl.audio.Music@a2b4d20
15:38:38.512 [JavaFX Application Thread] DEBUG LoopRunner           - Pausing loop
15:38:39.561 [JavaFX Application Thread] DEBUG FXGLApplication      - Exiting FXGL
15:38:39.561 [JavaFX Application Thread] DEBUG LoopRunner           - Stopping loop
15:38:39.561 [JavaFX Application Thread] DEBUG SystemBundleService  - Saving FXGL system data
15:38:39.563 [JavaFX Application Thread] DEBUG FileSystemAccess     - Writing to: C:\Users\nykum\OneDrive\Área de Trabalho\The-Fallen-Piolin\Game\system\fxgl.bundle
15:38:39.565 [JavaFX Application Thread] DEBUG Async                - Shutting down background threads
15:38:39.565 [JavaFX Application Thread] DEBUG PrimaryStageWindow   - Closing main window
15:38:39.575 [JavaFX Application Thread] DEBUG Logger               - Closing Logger
