15:40:05.063 [main                     ] DEBUG Logger               - Configured Logger
15:40:05.100 [main                     ] DEBUG GameApplication      - Logging settings
Title: Untitled
Version: 0.0
Width: 1050
Height: 700
Fullscreen: false
Intro: false
Profiling: false
Single step:false
App Mode: DEVELOPER
Menu Key: ESCAPE
Stage Style: DECORATED
Scene Factory: class org.example.Main$1

15:40:05.514 [JavaFX Application Thread] DEBUG FXGLApplication      - Initializing FXGL
15:40:05.518 [JavaFX Application Thread] INFO  Engine               - FXGL-21 (28.12.2023 13.35) on WINDOWS (J:21.0.3 FX:21.0.1)
15:40:05.518 [JavaFX Application Thread] DEBUG Engine               - JRE Vendor Name: Oracle Corporation
15:40:05.520 [JavaFX Application Thread] DEBUG Engine               - Running on OS: Windows 11 version 10.0
15:40:05.520 [JavaFX Application Thread] DEBUG Engine               - Architecture: amd64
15:40:05.520 [JavaFX Application Thread] INFO  Engine               - Source code and latest versions at: https://github.com/AlmasB/FXGL
15:40:05.520 [JavaFX Application Thread] INFO  Engine               -       Ask questions and discuss at: https://github.com/AlmasB/FXGL/discussions
15:40:05.520 [JavaFX Application Thread] INFO  Engine               -              Join the FXGL chat at: https://gitter.im/AlmasB/FXGL
15:40:05.606 [JavaFX Application Thread] DEBUG PrimaryStageWindow   - Creating a JavaFX scene
15:40:05.660 [JavaFX Application Thread] DEBUG PrimaryStageWindow   - Target settings size: 1050.0 x 700.0
15:40:05.660 [JavaFX Application Thread] DEBUG PrimaryStageWindow   - Scaled scene size:    1050.0 x 700.0
15:40:05.661 [JavaFX Application Thread] DEBUG PrimaryStageWindow   - Scaled ratio: (1.0, 1.0)
15:40:05.662 [JavaFX Application Thread] DEBUG PrimaryStageWindow   - Set initial scene to FXGLStartupScene
15:40:05.666 [JavaFX Application Thread] DEBUG PrimaryStageWindow   - Opening main window
15:40:05.753 [JavaFX Application Thread] DEBUG PrimaryStageWindow   - Window border size: (16.0, 39.0)
15:40:05.754 [JavaFX Application Thread] DEBUG PrimaryStageWindow   - Scaled size: 1050.0 x 700.0
15:40:05.754 [JavaFX Application Thread] DEBUG PrimaryStageWindow   - Scaled ratio: (1.0, 1.0)
15:40:05.754 [JavaFX Application Thread] DEBUG PrimaryStageWindow   - Scene size: 1050.0 x 700.0
15:40:05.754 [JavaFX Application Thread] DEBUG PrimaryStageWindow   - Stage size: 1066.0 x 739.0
15:40:05.761 [FXGL Background Thread 1 ] DEBUG Engine               - Initializing environment variables
15:40:05.820 [FXGL Background Thread 1 ] DEBUG FXGLAssetLoaderServi - User app class for loading assets: class org.example.Main
15:40:05.820 [FXGL Background Thread 1 ] DEBUG GameApplicationServi - Applying CSS: fxgl_dark.css
15:40:05.820 [FXGL Background Thread 1 ] DEBUG FXGLAssetLoaderServi - Loading from file system: jar:file:///C:/Users/nykum/.m2/repository/com/github/almasb/fxgl/21/fxgl-21.jar!/fxglassets/ui/css/fxgl_dark.css
15:40:05.869 [FXGL Background Thread 1 ] DEBUG GameApplicationServi - Initializing application scenes
15:40:06.051 [FXGL Background Thread 1 ] WARN  FXGLAssetLoaderServi - Asset "/assets/textures/player.png" was not found!
15:40:06.051 [FXGL Background Thread 1 ] WARN  FXGLAssetLoaderServi - Failed to load IMAGE
15:40:06.073 [FXGL Background Thread 1 ] DEBUG GameWorld            - Game world initialized
15:40:06.120 [FXGL Background Thread 1 ] DEBUG PhysicsWorld         - Physics world initialized: appHeight=700, physics.ppm=50,0
15:40:06.120 [FXGL Background Thread 1 ] DEBUG PhysicsWorld         - Using strategy: BRUTE_FORCE
15:40:06.123 [FXGL Background Thread 1 ] DEBUG GameScene            - Game scene initialized: 1050x700
15:40:06.131 [FXGL Background Thread 1 ] DEBUG FXGL.DefaultMenu     - createMenuBodyGameMenu()
15:40:06.148 [FXGL Background Thread 1 ] DEBUG FXGL.DefaultMenu     - createOptionsMenu()
15:40:06.158 [FXGL Background Thread 1 ] DEBUG FXGLAssetLoaderServi - Loading from file system: jar:file:///C:/Users/nykum/.m2/repository/com/github/almasb/fxgl/21/fxgl-21.jar!/fxglassets/textures/particles/smoke.png
15:40:06.267 [FXGL Background Thread 1 ] DEBUG FXGLAssetLoaderServi - Loading from file system: jar:file:///C:/Users/nykum/.m2/repository/com/github/almasb/fxgl/21/fxgl-21.jar!/fxglassets/textures/particles/trace_horizontal.png
15:40:06.294 [FXGL Background Thread 1 ] DEBUG GameApplicationServi - Application scenes initialized
15:40:06.307 [FXGL Background Thread 1 ] DEBUG SystemBundleService  - Loading FXGL system data
15:40:06.313 [FXGL Background Thread 1 ] DEBUG FileSystemAccess     - Reading from: C:\Users\nykum\OneDrive\Área de Trabalho\The-Fallen-Piolin\Game\system\fxgl.bundle
15:40:06.323 [FXGL Background Thread 1 ] DEBUG SystemBundleService  - Bundle FXGL: {}
15:40:06.323 [FXGL Background Thread 1 ] DEBUG UpdaterService       - Checking for updates
15:40:06.348 [FXGL Background Thread 4 ] DEBUG FXGLApplication      - Loading fonts
15:40:06.350 [FXGL Background Thread 4 ] DEBUG FXGLAssetLoaderServi - Loading from file system: jar:file:///C:/Users/nykum/.m2/repository/com/github/almasb/fxgl/21/fxgl-21.jar!/fxglassets/ui/fonts/VarelaRound-Regular.ttf
15:40:06.350 [FXGL Background Thread 1 ] DEBUG FXGLApplication      - Loading default localization
15:40:06.351 [FXGL Background Thread 1 ] DEBUG FXGLAssetLoaderServi - Loading from file system: jar:file:///C:/Users/nykum/.m2/repository/com/github/almasb/fxgl/21/fxgl-21.jar!/fxglassets/languages/english.lang
15:40:06.383 [FXGL Background Thread 1 ] INFO  FXGLApplication      - FXGL initialization took: 0,622 sec
15:40:06.383 [FXGL Background Thread 4 ] DEBUG FXGLAssetLoaderServi - Loading from file system: jar:file:///C:/Users/nykum/.m2/repository/com/github/almasb/fxgl/21/fxgl-21.jar!/fxglassets/ui/fonts/Abel-Regular.ttf
15:40:06.387 [FXGL Background Thread 4 ] DEBUG FXGLAssetLoaderServi - Loading from file system: jar:file:///C:/Users/nykum/.m2/repository/com/github/almasb/fxgl/21/fxgl-21.jar!/fxglassets/ui/fonts/TerminalLandMono-Regular.otf
15:40:06.392 [FXGL Background Thread 4 ] DEBUG FXGLAssetLoaderServi - Loading from file system: jar:file:///C:/Users/nykum/.m2/repository/com/github/almasb/fxgl/21/fxgl-21.jar!/fxglassets/ui/fonts/Courier-Prime.ttf
15:40:06.395 [JavaFX Application Thread] DEBUG Input                - Registered new binding: Left - A
15:40:06.396 [JavaFX Application Thread] DEBUG Input                - Registered new binding: Right - D
15:40:06.396 [JavaFX Application Thread] DEBUG Input                - Registered new binding: Jump - W
15:40:06.397 [JavaFX Application Thread] DEBUG Input                - Registered new binding: Disparar pena - LMB
15:40:06.397 [JavaFX Application Thread] DEBUG Input                - Registered new binding: Disparar água - RMB
15:40:06.397 [JavaFX Application Thread] DEBUG Input                - Registered new binding: PAUSE - F
15:40:06.398 [JavaFX Application Thread] DEBUG Input                - Registered new binding: RESUME - G
15:40:06.398 [JavaFX Application Thread] DEBUG Input                - Registered new binding: Move espalha lixo para a esquerda! - J
15:40:06.398 [JavaFX Application Thread] DEBUG Input                - Registered new binding: Move espalha lixo para a direita! - K
15:40:06.398 [JavaFX Application Thread] DEBUG Input                - Registered new binding: Disparar com Espalha Lixo - L
15:40:06.399 [JavaFX Application Thread] DEBUG FXGLAssetLoaderServi - Loading from file system: file:/C:/Users/nykum/OneDrive/Área%20de%20Trabalho/The-Fallen-Piolin/Game/target/classes/assets/music/backsound.wav
15:40:06.528 [JavaFX Application Thread] DEBUG AudioPlayer          - Playing music com.almasb.fxgl.audio.Music@76cef793
15:40:06.528 [JavaFX Application Thread] DEBUG FXGLAssetLoaderServi - Loading from file system: jar:file:///C:/Users/nykum/.m2/repository/com/github/almasb/fxgl/21/fxgl-21.jar!/fxglassets/textures/fxgl_icon.png
15:40:06.545 [JavaFX Application Thread] DEBUG FXGLAssetLoaderServi - Loading from file system: jar:file:///C:/Users/nykum/.m2/repository/com/github/almasb/fxgl/21/fxgl-21.jar!/fxglassets/textures/fxgl_default_cursor.png
15:40:06.548 [JavaFX Application Thread] DEBUG Input                - Registered new binding: Screenshot - CTRL+8
15:40:06.548 [JavaFX Application Thread] DEBUG Input                - Registered new binding: Dev Options - 1
15:40:06.548 [JavaFX Application Thread] DEBUG Input                - Registered new binding: Dev Console - 2
15:40:06.549 [JavaFX Application Thread] DEBUG Input                - Registered new binding: System info dump - CTRL+9
15:40:06.549 [JavaFX Application Thread] DEBUG Input                - Registered new binding: Restart - CTRL+R
15:40:06.550 [JavaFX Application Thread] DEBUG Input                - Registered new binding: Toggle Debug Camera - CTRL+7
15:40:06.553 [JavaFX Application Thread] DEBUG LoopRunner           - Starting loop
15:40:06.568 [JavaFX Application Thread] DEBUG LoopRunner           - Initializing JavaFX AnimationTimerLoop
15:40:06.572 [JavaFX Application Thread] DEBUG GameApplicationServi - Starting new game
15:40:06.572 [JavaFX Application Thread] DEBUG Input                - Clearing active input actions
15:40:06.586 [JavaFX Application Thread] DEBUG GameApplicationServi - Removing overlay from FXGLStartupScene and adding to MainLoadingScene
15:40:06.590 [JavaFX Application Thread] DEBUG PrimaryStageWindow   - FXGLStartupScene -> MainLoadingScene
15:40:06.590 [JavaFX Application Thread] DEBUG GameApplicationServi - Clearing previous game
15:40:06.591 [JavaFX Application Thread] DEBUG GameScene            - Clearing game scene
15:40:06.591 [JavaFX Application Thread] DEBUG GameWorld            - Clearing game world
15:40:06.591 [JavaFX Application Thread] DEBUG PhysicsWorld         - Clearing physics world
15:40:06.592 [FXGL Background Thread 4 ] DEBUG FXGLApplication      - Initializing game
15:40:06.592 [JavaFX Application Thread] DEBUG FXGLApplication      - Registering font factories with UI factory
15:40:06.594 [FXGL Background Thread 4 ] DEBUG FXGLAssetLoaderServi - Loading from file system: file:/C:/Users/nykum/OneDrive/Área%20de%20Trabalho/The-Fallen-Piolin/Game/target/classes/assets/sounds/detenha.wav
15:40:06.618 [FXGL Background Thread 4 ] DEBUG FXGLAssetLoaderServi - Loading from file system: file:/C:/Users/nykum/OneDrive/Área%20de%20Trabalho/The-Fallen-Piolin/Game/target/classes/assets/textures/background/forest.png
15:40:06.787 [FXGL Background Thread 2 ] INFO  UpdaterService       - Your current version:  21
15:40:06.787 [FXGL Background Thread 2 ] INFO  UpdaterService       - Latest stable version: 21.1
15:40:06.916 [FXGL Background Thread 4 ] WARN  TMXLevelLoader       - TiledMap generated from 1.10.2. Supported version: 1.9.0. Some features may not be parsed fully.
15:40:06.970 [FXGL Background Thread 4 ] DEBUG TMXLevelLoader       - Parsed TiledMap: file:/C:/Users/nykum/OneDrive/Área%20de%20Trabalho/The-Fallen-Piolin/Game/target/classes/assets/levels/tmx/map-remastered8.tmx
15:40:06.972 [FXGL Background Thread 4 ] DEBUG TMXLevelLoader       - Creating tile layer entities
15:40:06.974 [FXGL Background Thread 4 ] DEBUG TilesetLoader        - Loading view for layer lower-down-above
15:40:06.979 [FXGL Background Thread 4 ] DEBUG TilesetLoader        - Created buffer with size 2560.0x800.0
15:40:07.007 [FXGL Background Thread 4 ] DEBUG TilesetLoader        - Loading view for layer end
15:40:07.010 [FXGL Background Thread 4 ] DEBUG TilesetLoader        - Created buffer with size 2560.0x800.0
15:40:07.014 [FXGL Background Thread 4 ] DEBUG TilesetLoader        - Loading view for layer middle
15:40:07.024 [FXGL Background Thread 4 ] DEBUG TilesetLoader        - Created buffer with size 2560.0x800.0
15:40:07.027 [FXGL Background Thread 4 ] DEBUG TilesetLoader        - Loading view for layer first
15:40:07.031 [FXGL Background Thread 4 ] DEBUG TilesetLoader        - Created buffer with size 2560.0x800.0
15:40:07.035 [FXGL Background Thread 4 ] DEBUG TilesetLoader        - Loading view for layer last
15:40:07.037 [FXGL Background Thread 4 ] DEBUG TilesetLoader        - Created buffer with size 2560.0x800.0
15:40:07.043 [FXGL Background Thread 4 ] DEBUG TilesetLoader        - Loading view for layer trees to burn
15:40:07.054 [FXGL Background Thread 4 ] DEBUG TilesetLoader        - Created buffer with size 2560.0x800.0
15:40:07.057 [FXGL Background Thread 4 ] DEBUG TilesetLoader        - Loading view for layer front-one-more
15:40:07.062 [FXGL Background Thread 4 ] DEBUG TilesetLoader        - Created buffer with size 2560.0x800.0
15:40:07.064 [FXGL Background Thread 4 ] DEBUG TMXLevelLoader       - Creating object layer entities
15:40:07.091 [FXGL Background Thread 4 ] DEBUG GameWorld            - Clearing removable entities
15:40:07.091 [FXGL Background Thread 4 ] DEBUG GameWorld            - Setting level: com.almasb.fxgl.entity.level.Level@58815119
15:40:07.104 [FXGL Background Thread 4 ] DEBUG FXGLAssetLoaderServi - Loading from file system: file:/C:/Users/nykum/OneDrive/Área%20de%20Trabalho/The-Fallen-Piolin/Game/target/classes/assets/textures/walk_piolin1-Sheet.png
15:40:07.117 [FXGL Background Thread 4 ] DEBUG FXGLAssetLoaderServi - Loading from file system: file:/C:/Users/nykum/OneDrive/Área%20de%20Trabalho/The-Fallen-Piolin/Game/target/classes/assets/textures/whole-espalha-lixot.png
15:40:07.123 [FXGL Background Thread 4 ] INFO  FXGLApplication      - Game initialization took: 0,530 sec
15:40:07.124 [JavaFX Application Thread] DEBUG Input                - Clearing active input actions
15:40:07.130 [JavaFX Application Thread] DEBUG GameApplicationServi - Removing overlay from MainLoadingScene and adding to GameScene
15:40:07.136 [JavaFX Application Thread] DEBUG PrimaryStageWindow   - MainLoadingScene -> GameScene
15:40:07.145 [JavaFX Application Thread] DEBUG FXGLAssetLoaderServi - Loading from file system: file:/C:/Users/nykum/OneDrive/Área%20de%20Trabalho/The-Fallen-Piolin/Game/target/classes/assets/textures/tiro_de_fogo.png
15:40:09.350 [FXGL Background Thread 3 ] DEBUG Engine               - Logging environment variables
15:40:09.350 [FXGL Background Thread 3 ] DEBUG Engine               - achievements: []
15:40:09.350 [FXGL Background Thread 3 ] DEBUG Engine               - actualHeight: 700.0
15:40:09.350 [FXGL Background Thread 3 ] DEBUG Engine               - actualHeightProperty: ReadOnlyDoubleProperty [value: 700.0]
15:40:09.350 [FXGL Background Thread 3 ] DEBUG Engine               - actualWidth: 1050.0
15:40:09.350 [FXGL Background Thread 3 ] DEBUG Engine               - actualWidthProperty: ReadOnlyDoubleProperty [value: 1050.0]
15:40:09.350 [FXGL Background Thread 3 ] DEBUG Engine               - appIcon: fxgl_icon.png
15:40:09.350 [FXGL Background Thread 3 ] DEBUG Engine               - applicationMode: DEVELOPER
15:40:09.350 [FXGL Background Thread 3 ] DEBUG Engine               - cSSList: [fxgl_dark.css]
15:40:09.350 [FXGL Background Thread 3 ] DEBUG Engine               - collisionDetectionStrategy: BRUTE_FORCE
15:40:09.350 [FXGL Background Thread 3 ] DEBUG Engine               - configClass: Optional.empty
15:40:09.350 [FXGL Background Thread 3 ] DEBUG Engine               - credits: []
15:40:09.351 [FXGL Background Thread 3 ] DEBUG Engine               - defaultCursor: CursorInfo(imageName=fxgl_default_cursor.png, hotspotX=7.0, hotspotY=6.0)
15:40:09.351 [FXGL Background Thread 3 ] DEBUG Engine               - devBBoxColorProperty: ObjectProperty [value: 0xff0000ff]
15:40:09.351 [FXGL Background Thread 3 ] DEBUG Engine               - devEnableDebugCameraProperty: BooleanProperty [value: false]
15:40:09.351 [FXGL Background Thread 3 ] DEBUG Engine               - devSensorColorProperty: ObjectProperty [value: 0xffff00ff]
15:40:09.351 [FXGL Background Thread 3 ] DEBUG Engine               - devShowBBoxProperty: BooleanProperty [value: false]
15:40:09.351 [FXGL Background Thread 3 ] DEBUG Engine               - devShowPositionProperty: BooleanProperty [value: false]
15:40:09.351 [FXGL Background Thread 3 ] DEBUG Engine               - enabledMenuItems: []
15:40:09.351 [FXGL Background Thread 3 ] DEBUG Engine               - engineServices: [class com.almasb.fxgl.app.services.FXGLAssetLoaderService, class com.almasb.fxgl.app.FXGLApplication$GameApplicationService, class com.almasb.fxgl.app.services.FXGLDialogService, class com.almasb.fxgl.app.services.IOTaskExecutorService, class com.almasb.fxgl.io.FileSystemService, class com.almasb.fxgl.localization.LocalizationService, class com.almasb.fxgl.app.services.SystemBundleService, class com.almasb.fxgl.profile.SaveLoadService, class com.almasb.fxgl.ui.FXGLUIFactoryServiceProvider, class com.almasb.fxgl.ui.FXGLDialogFactoryServiceProvider, class com.almasb.fxgl.audio.AudioPlayer, class com.almasb.fxgl.notification.impl.NotificationServiceProvider, class com.almasb.fxgl.achievement.AchievementService, class com.almasb.fxgl.cutscene.CutsceneService, class com.almasb.fxgl.minigames.MiniGameService, class com.almasb.fxgl.net.NetService, class com.almasb.fxgl.app.services.UpdaterService, class com.almasb.fxgl.dev.DevService]
15:40:09.351 [FXGL Background Thread 3 ] DEBUG Engine               - fontGame: Abel-Regular.ttf
15:40:09.352 [FXGL Background Thread 3 ] DEBUG Engine               - fontMono: TerminalLandMono-Regular.otf
15:40:09.352 [FXGL Background Thread 3 ] DEBUG Engine               - fontSizeScaleUI: 1.0
15:40:09.352 [FXGL Background Thread 3 ] DEBUG Engine               - fontText: Courier-Prime.ttf
15:40:09.352 [FXGL Background Thread 3 ] DEBUG Engine               - fontUI: VarelaRound-Regular.ttf
15:40:09.352 [FXGL Background Thread 3 ] DEBUG Engine               - fullScreen: BooleanProperty [value: false]
15:40:09.352 [FXGL Background Thread 3 ] DEBUG Engine               - gameDifficulty: MEDIUM
15:40:09.352 [FXGL Background Thread 3 ] DEBUG Engine               - gameDifficultyProperty: ObjectProperty [value: MEDIUM]
15:40:09.352 [FXGL Background Thread 3 ] DEBUG Engine               - globalMusicVolume: 0.5
15:40:09.353 [FXGL Background Thread 3 ] DEBUG Engine               - globalMusicVolumeProperty: DoubleProperty [value: 0.2]
15:40:09.353 [FXGL Background Thread 3 ] DEBUG Engine               - globalSoundVolume: 0.5
15:40:09.353 [FXGL Background Thread 3 ] DEBUG Engine               - globalSoundVolumeProperty: DoubleProperty [value: 0.5]
15:40:09.353 [FXGL Background Thread 3 ] DEBUG Engine               - height: 700
15:40:09.353 [FXGL Background Thread 3 ] DEBUG Engine               - is3D: false
15:40:09.353 [FXGL Background Thread 3 ] DEBUG Engine               - isAndroid: false
15:40:09.353 [FXGL Background Thread 3 ] DEBUG Engine               - isBrowser: false
15:40:09.353 [FXGL Background Thread 3 ] DEBUG Engine               - isClickFeedbackEnabled: false
15:40:09.353 [FXGL Background Thread 3 ] DEBUG Engine               - isCloseConfirmation: false
15:40:09.353 [FXGL Background Thread 3 ] DEBUG Engine               - isDesktop: true
15:40:09.353 [FXGL Background Thread 3 ] DEBUG Engine               - isDeveloperMenuEnabled: true
15:40:09.354 [FXGL Background Thread 3 ] DEBUG Engine               - isEmbedded: false
15:40:09.354 [FXGL Background Thread 3 ] DEBUG Engine               - isEntityPreloadEnabled: true
15:40:09.354 [FXGL Background Thread 3 ] DEBUG Engine               - isExperimentalTiledLargeMap: false
15:40:09.354 [FXGL Background Thread 3 ] DEBUG Engine               - isFileSystemWriteAllowed: true
15:40:09.354 [FXGL Background Thread 3 ] DEBUG Engine               - isFullScreenAllowed: false
15:40:09.354 [FXGL Background Thread 3 ] DEBUG Engine               - isFullScreenFromStart: false
15:40:09.354 [FXGL Background Thread 3 ] DEBUG Engine               - isGameMenuEnabled: true
15:40:09.354 [FXGL Background Thread 3 ] DEBUG Engine               - isIOS: false
15:40:09.354 [FXGL Background Thread 3 ] DEBUG Engine               - isIntroEnabled: false
15:40:09.354 [FXGL Background Thread 3 ] DEBUG Engine               - isLinux: false
15:40:09.354 [FXGL Background Thread 3 ] DEBUG Engine               - isMac: false
15:40:09.354 [FXGL Background Thread 3 ] DEBUG Engine               - isMainMenuEnabled: false
15:40:09.354 [FXGL Background Thread 3 ] DEBUG Engine               - isManualResizeEnabled: false
15:40:09.354 [FXGL Background Thread 3 ] DEBUG Engine               - isMobile: false
15:40:09.354 [FXGL Background Thread 3 ] DEBUG Engine               - isNative: false
15:40:09.354 [FXGL Background Thread 3 ] DEBUG Engine               - isPauseMusicWhenMinimized: true
15:40:09.354 [FXGL Background Thread 3 ] DEBUG Engine               - isPreserveResizeRatio: false
15:40:09.355 [FXGL Background Thread 3 ] DEBUG Engine               - isProfilingEnabled: false
15:40:09.355 [FXGL Background Thread 3 ] DEBUG Engine               - isScaleAffectedOnResize: true
15:40:09.355 [FXGL Background Thread 3 ] DEBUG Engine               - isSingleStep: false
15:40:09.355 [FXGL Background Thread 3 ] DEBUG Engine               - isUserProfileEnabled: false
15:40:09.355 [FXGL Background Thread 3 ] DEBUG Engine               - isWindows: true
15:40:09.355 [FXGL Background Thread 3 ] DEBUG Engine               - language: ObjectProperty [value: ENGLISH]
15:40:09.355 [FXGL Background Thread 3 ] DEBUG Engine               - menuKey: ESCAPE
15:40:09.355 [FXGL Background Thread 3 ] DEBUG Engine               - mouseSensitivity: 0.2
15:40:09.355 [FXGL Background Thread 3 ] DEBUG Engine               - notificationViewClass: class com.almasb.fxgl.notification.view.XboxNotificationView
15:40:09.355 [FXGL Background Thread 3 ] DEBUG Engine               - pixelsPerMeter: 50.0
15:40:09.355 [FXGL Background Thread 3 ] DEBUG Engine               - platform: WINDOWS
15:40:09.355 [FXGL Background Thread 3 ] DEBUG Engine               - prefHeightProperty: ReadOnlyDoubleProperty [value: 700.0]
15:40:09.356 [FXGL Background Thread 3 ] DEBUG Engine               - prefWidthProperty: ReadOnlyDoubleProperty [value: 1050.0]
15:40:09.356 [FXGL Background Thread 3 ] DEBUG Engine               - profileDir: profiles/
15:40:09.356 [FXGL Background Thread 3 ] DEBUG Engine               - profileName: StringProperty [value: DEFAULT]
15:40:09.356 [FXGL Background Thread 3 ] DEBUG Engine               - randomSeed: -1
15:40:09.356 [FXGL Background Thread 3 ] DEBUG Engine               - runtimeInfo: RuntimeInfo(platform=WINDOWS, version=21, build=28.12.2023 13.35)
15:40:09.356 [FXGL Background Thread 3 ] DEBUG Engine               - saveFileExt: sav
15:40:09.356 [FXGL Background Thread 3 ] DEBUG Engine               - scaledHeightProp$fxgl: DoubleProperty [bound, value: 700.0]
15:40:09.356 [FXGL Background Thread 3 ] DEBUG Engine               - scaledWidthProp$fxgl: DoubleProperty [bound, value: 1050.0]
15:40:09.356 [FXGL Background Thread 3 ] DEBUG Engine               - sceneFactory: org.example.Main$1@2ae33d6d
15:40:09.356 [FXGL Background Thread 3 ] DEBUG Engine               - secondsIn24h: 60
15:40:09.356 [FXGL Background Thread 3 ] DEBUG Engine               - soundMenuBack: menu/back.wav
15:40:09.357 [FXGL Background Thread 3 ] DEBUG Engine               - soundMenuPress: menu/press.wav
15:40:09.357 [FXGL Background Thread 3 ] DEBUG Engine               - soundMenuSelect: menu/select.wav
15:40:09.357 [FXGL Background Thread 3 ] DEBUG Engine               - soundNotification: core/notification.wav
15:40:09.357 [FXGL Background Thread 3 ] DEBUG Engine               - stageStyle: DECORATED
15:40:09.357 [FXGL Background Thread 3 ] DEBUG Engine               - supportedLanguages: [ENGLISH, FRENCH, GERMAN, HUNGARIAN, RUSSIAN]
15:40:09.357 [FXGL Background Thread 3 ] DEBUG Engine               - ticksPerSecond: -1
15:40:09.357 [FXGL Background Thread 3 ] DEBUG Engine               - title: Untitled
15:40:09.357 [FXGL Background Thread 3 ] DEBUG Engine               - urlGithub: https://github.com/AlmasB/FXGL
15:40:09.358 [FXGL Background Thread 3 ] DEBUG Engine               - urlLeaderboard: http://fxgl-top.herokuapp.com/
15:40:09.358 [FXGL Background Thread 3 ] DEBUG Engine               - urlPOM: https://raw.githubusercontent.com/AlmasB/FXGL/release/README.md
15:40:09.358 [FXGL Background Thread 3 ] DEBUG Engine               - userAppClass: class org.example.Main
15:40:09.358 [FXGL Background Thread 3 ] DEBUG Engine               - version: 0.0
15:40:09.358 [FXGL Background Thread 3 ] DEBUG Engine               - versionCheckDays: 7
15:40:09.358 [FXGL Background Thread 3 ] DEBUG Engine               - width: 1050
15:40:09.358 [FXGL Background Thread 3 ] DEBUG Engine               - Logging services
15:40:09.358 [FXGL Background Thread 3 ] DEBUG Engine               - class com.almasb.fxgl.app.services.FXGLAssetLoaderService
15:40:09.358 [FXGL Background Thread 3 ] DEBUG Engine               - class com.almasb.fxgl.app.FXGLApplication$GameApplicationService
15:40:09.358 [FXGL Background Thread 3 ] DEBUG Engine               - class com.almasb.fxgl.app.services.FXGLDialogService
15:40:09.358 [FXGL Background Thread 3 ] DEBUG Engine               - class com.almasb.fxgl.app.services.IOTaskExecutorService
15:40:09.358 [FXGL Background Thread 3 ] DEBUG Engine               - class com.almasb.fxgl.io.FileSystemService
15:40:09.358 [FXGL Background Thread 3 ] DEBUG Engine               - class com.almasb.fxgl.localization.LocalizationService
15:40:09.358 [FXGL Background Thread 3 ] DEBUG Engine               - class com.almasb.fxgl.app.services.SystemBundleService
15:40:09.358 [FXGL Background Thread 3 ] DEBUG Engine               - class com.almasb.fxgl.profile.SaveLoadService
15:40:09.358 [FXGL Background Thread 3 ] DEBUG Engine               - class com.almasb.fxgl.ui.FXGLUIFactoryServiceProvider
15:40:09.358 [FXGL Background Thread 3 ] DEBUG Engine               - class com.almasb.fxgl.ui.FXGLDialogFactoryServiceProvider
15:40:09.358 [FXGL Background Thread 3 ] DEBUG Engine               - class com.almasb.fxgl.audio.AudioPlayer
15:40:09.358 [FXGL Background Thread 3 ] DEBUG Engine               - class com.almasb.fxgl.notification.impl.NotificationServiceProvider
15:40:09.358 [FXGL Background Thread 3 ] DEBUG Engine               - class com.almasb.fxgl.achievement.AchievementService
15:40:09.360 [FXGL Background Thread 3 ] DEBUG Engine               - class com.almasb.fxgl.cutscene.CutsceneService
15:40:09.360 [FXGL Background Thread 3 ] DEBUG Engine               - class com.almasb.fxgl.minigames.MiniGameService
15:40:09.360 [FXGL Background Thread 3 ] DEBUG Engine               - class com.almasb.fxgl.net.NetService
15:40:09.360 [FXGL Background Thread 3 ] DEBUG Engine               - class com.almasb.fxgl.app.services.UpdaterService
15:40:09.360 [FXGL Background Thread 3 ] DEBUG Engine               - class com.almasb.fxgl.dev.DevService
15:40:10.756 [JavaFX Application Thread] DEBUG FXGLAssetLoaderServi - Loading from file system: file:/C:/Users/nykum/OneDrive/Área%20de%20Trabalho/The-Fallen-Piolin/Game/target/classes/assets/sounds/fire_launcher.wav
15:40:11.957 [JavaFX Application Thread] DEBUG FXGLAssetLoaderServi - Loading from file system: file:/C:/Users/nykum/OneDrive/Área%20de%20Trabalho/The-Fallen-Piolin/Game/target/classes/assets/sounds/fogo.wav
15:40:15.465 [JavaFX Application Thread] DEBUG FXGLAssetLoaderServi - Loading from file system: file:/C:/Users/nykum/OneDrive/Área%20de%20Trabalho/The-Fallen-Piolin/Game/target/classes/assets/textures/waterD.png
15:40:15.747 [JavaFX Application Thread] DEBUG FXGLAssetLoaderServi - Loading from file system: file:/C:/Users/nykum/OneDrive/Área%20de%20Trabalho/The-Fallen-Piolin/Game/target/classes/assets/sounds/paper.wav
15:40:15.926 [JavaFX Application Thread] DEBUG FXGLAssetLoaderServi - Loading from file system: file:/C:/Users/nykum/OneDrive/Área%20de%20Trabalho/The-Fallen-Piolin/Game/target/classes/assets/textures/normal_feather.png
15:40:18.584 [JavaFX Application Thread] DEBUG FXGLApplication      - Exiting FXGL
15:40:18.585 [JavaFX Application Thread] DEBUG LoopRunner           - Stopping loop
15:40:18.585 [JavaFX Application Thread] DEBUG SystemBundleService  - Saving FXGL system data
15:40:18.587 [JavaFX Application Thread] DEBUG FileSystemAccess     - Writing to: C:\Users\nykum\OneDrive\Área de Trabalho\The-Fallen-Piolin\Game\system\fxgl.bundle
15:40:18.588 [JavaFX Application Thread] DEBUG Async                - Shutting down background threads
15:40:18.588 [JavaFX Application Thread] DEBUG PrimaryStageWindow   - Closing main window
15:40:18.600 [JavaFX Application Thread] DEBUG Logger               - Closing Logger
