15:39:17.010 [main                     ] DEBUG Logger               - Configured Logger
15:39:17.034 [main                     ] DEBUG GameApplication      - Logging settings
Title: Untitled
Version: 0.0
Width: 1050
Height: 700
Fullscreen: false
Intro: false
Profiling: false
Single step:false
App Mode: DEVELOPER
Menu Key: ESCAPE
Stage Style: DECORATED
Scene Factory: class org.example.Main$1

15:39:17.383 [JavaFX Application Thread] DEBUG FXGLApplication      - Initializing FXGL
15:39:17.387 [JavaFX Application Thread] INFO  Engine               - FXGL-21 (28.12.2023 13.35) on WINDOWS (J:21.0.3 FX:21.0.1)
15:39:17.387 [JavaFX Application Thread] DEBUG Engine               - JRE Vendor Name: Oracle Corporation
15:39:17.388 [JavaFX Application Thread] DEBUG Engine               - Running on OS: Windows 11 version 10.0
15:39:17.388 [JavaFX Application Thread] DEBUG Engine               - Architecture: amd64
15:39:17.388 [JavaFX Application Thread] INFO  Engine               - Source code and latest versions at: https://github.com/AlmasB/FXGL
15:39:17.388 [JavaFX Application Thread] INFO  Engine               -       Ask questions and discuss at: https://github.com/AlmasB/FXGL/discussions
15:39:17.388 [JavaFX Application Thread] INFO  Engine               -              Join the FXGL chat at: https://gitter.im/AlmasB/FXGL
15:39:17.472 [JavaFX Application Thread] DEBUG PrimaryStageWindow   - Creating a JavaFX scene
15:39:17.515 [JavaFX Application Thread] DEBUG PrimaryStageWindow   - Target settings size: 1050.0 x 700.0
15:39:17.515 [JavaFX Application Thread] DEBUG PrimaryStageWindow   - Scaled scene size:    1050.0 x 700.0
15:39:17.515 [JavaFX Application Thread] DEBUG PrimaryStageWindow   - Scaled ratio: (1.0, 1.0)
15:39:17.516 [JavaFX Application Thread] DEBUG PrimaryStageWindow   - Set initial scene to FXGLStartupScene
15:39:17.520 [JavaFX Application Thread] DEBUG PrimaryStageWindow   - Opening main window
15:39:17.595 [JavaFX Application Thread] DEBUG PrimaryStageWindow   - Window border size: (16.0, 39.0)
15:39:17.595 [JavaFX Application Thread] DEBUG PrimaryStageWindow   - Scaled size: 1050.0 x 700.0
15:39:17.595 [JavaFX Application Thread] DEBUG PrimaryStageWindow   - Scaled ratio: (1.0, 1.0)
15:39:17.595 [JavaFX Application Thread] DEBUG PrimaryStageWindow   - Scene size: 1050.0 x 700.0
15:39:17.596 [JavaFX Application Thread] DEBUG PrimaryStageWindow   - Stage size: 1066.0 x 739.0
15:39:17.603 [FXGL Background Thread 1 ] DEBUG Engine               - Initializing environment variables
15:39:17.653 [FXGL Background Thread 1 ] DEBUG FXGLAssetLoaderServi - User app class for loading assets: class org.example.Main
15:39:17.654 [FXGL Background Thread 1 ] DEBUG GameApplicationServi - Applying CSS: fxgl_dark.css
15:39:17.654 [FXGL Background Thread 1 ] DEBUG FXGLAssetLoaderServi - Loading from file system: jar:file:///C:/Users/nykum/.m2/repository/com/github/almasb/fxgl/21/fxgl-21.jar!/fxglassets/ui/css/fxgl_dark.css
15:39:17.704 [FXGL Background Thread 1 ] DEBUG GameApplicationServi - Initializing application scenes
15:39:17.870 [FXGL Background Thread 1 ] WARN  FXGLAssetLoaderServi - Asset "/assets/textures/player.png" was not found!
15:39:17.871 [FXGL Background Thread 1 ] WARN  FXGLAssetLoaderServi - Failed to load IMAGE
15:39:17.892 [FXGL Background Thread 1 ] DEBUG GameWorld            - Game world initialized
15:39:17.936 [FXGL Background Thread 1 ] DEBUG PhysicsWorld         - Physics world initialized: appHeight=700, physics.ppm=50,0
15:39:17.937 [FXGL Background Thread 1 ] DEBUG PhysicsWorld         - Using strategy: BRUTE_FORCE
15:39:17.940 [FXGL Background Thread 1 ] DEBUG GameScene            - Game scene initialized: 1050x700
15:39:17.951 [FXGL Background Thread 1 ] DEBUG FXGL.DefaultMenu     - createMenuBodyGameMenu()
15:39:17.968 [FXGL Background Thread 1 ] DEBUG FXGL.DefaultMenu     - createOptionsMenu()
15:39:17.975 [FXGL Background Thread 1 ] DEBUG FXGLAssetLoaderServi - Loading from file system: jar:file:///C:/Users/nykum/.m2/repository/com/github/almasb/fxgl/21/fxgl-21.jar!/fxglassets/textures/particles/smoke.png
15:39:18.087 [FXGL Background Thread 1 ] DEBUG FXGLAssetLoaderServi - Loading from file system: jar:file:///C:/Users/nykum/.m2/repository/com/github/almasb/fxgl/21/fxgl-21.jar!/fxglassets/textures/particles/trace_horizontal.png
15:39:18.130 [FXGL Background Thread 1 ] DEBUG GameApplicationServi - Application scenes initialized
15:39:18.142 [FXGL Background Thread 1 ] DEBUG SystemBundleService  - Loading FXGL system data
15:39:18.146 [FXGL Background Thread 1 ] DEBUG FileSystemAccess     - Reading from: C:\Users\nykum\OneDrive\Área de Trabalho\The-Fallen-Piolin\Game\system\fxgl.bundle
15:39:18.156 [FXGL Background Thread 1 ] DEBUG SystemBundleService  - Bundle FXGL: {}
15:39:18.157 [FXGL Background Thread 1 ] DEBUG UpdaterService       - Checking for updates
15:39:18.183 [FXGL Background Thread 4 ] DEBUG FXGLApplication      - Loading fonts
15:39:18.184 [FXGL Background Thread 4 ] DEBUG FXGLAssetLoaderServi - Loading from file system: jar:file:///C:/Users/nykum/.m2/repository/com/github/almasb/fxgl/21/fxgl-21.jar!/fxglassets/ui/fonts/VarelaRound-Regular.ttf
15:39:18.184 [FXGL Background Thread 1 ] DEBUG FXGLApplication      - Loading default localization
15:39:18.184 [FXGL Background Thread 1 ] DEBUG FXGLAssetLoaderServi - Loading from file system: jar:file:///C:/Users/nykum/.m2/repository/com/github/almasb/fxgl/21/fxgl-21.jar!/fxglassets/languages/english.lang
15:39:18.214 [FXGL Background Thread 1 ] INFO  FXGLApplication      - FXGL initialization took: 0,612 sec
15:39:18.215 [FXGL Background Thread 4 ] DEBUG FXGLAssetLoaderServi - Loading from file system: jar:file:///C:/Users/nykum/.m2/repository/com/github/almasb/fxgl/21/fxgl-21.jar!/fxglassets/ui/fonts/Abel-Regular.ttf
15:39:18.218 [FXGL Background Thread 4 ] DEBUG FXGLAssetLoaderServi - Loading from file system: jar:file:///C:/Users/nykum/.m2/repository/com/github/almasb/fxgl/21/fxgl-21.jar!/fxglassets/ui/fonts/TerminalLandMono-Regular.otf
15:39:18.221 [FXGL Background Thread 4 ] DEBUG FXGLAssetLoaderServi - Loading from file system: jar:file:///C:/Users/nykum/.m2/repository/com/github/almasb/fxgl/21/fxgl-21.jar!/fxglassets/ui/fonts/Courier-Prime.ttf
15:39:18.226 [JavaFX Application Thread] DEBUG Input                - Registered new binding: Left - A
15:39:18.226 [JavaFX Application Thread] DEBUG Input                - Registered new binding: Right - D
15:39:18.226 [JavaFX Application Thread] DEBUG Input                - Registered new binding: Jump - W
15:39:18.227 [JavaFX Application Thread] DEBUG Input                - Registered new binding: Disparar pena - LMB
15:39:18.228 [JavaFX Application Thread] DEBUG Input                - Registered new binding: Disparar água - RMB
15:39:18.228 [JavaFX Application Thread] DEBUG Input                - Registered new binding: PAUSE - F
15:39:18.228 [JavaFX Application Thread] DEBUG Input                - Registered new binding: RESUME - G
15:39:18.228 [JavaFX Application Thread] DEBUG Input                - Registered new binding: Move espalha lixo para a esquerda! - J
15:39:18.228 [JavaFX Application Thread] DEBUG Input                - Registered new binding: Move espalha lixo para a direita! - K
15:39:18.228 [JavaFX Application Thread] DEBUG Input                - Registered new binding: Disparar com Espalha Lixo - L
15:39:18.228 [JavaFX Application Thread] DEBUG FXGLAssetLoaderServi - Loading from file system: file:/C:/Users/nykum/OneDrive/Área%20de%20Trabalho/The-Fallen-Piolin/Game/target/classes/assets/music/backsound.wav
15:39:18.371 [JavaFX Application Thread] DEBUG AudioPlayer          - Playing music com.almasb.fxgl.audio.Music@a2b4d20
15:39:18.372 [JavaFX Application Thread] DEBUG FXGLAssetLoaderServi - Loading from file system: jar:file:///C:/Users/nykum/.m2/repository/com/github/almasb/fxgl/21/fxgl-21.jar!/fxglassets/textures/fxgl_icon.png
15:39:18.384 [JavaFX Application Thread] DEBUG FXGLAssetLoaderServi - Loading from file system: jar:file:///C:/Users/nykum/.m2/repository/com/github/almasb/fxgl/21/fxgl-21.jar!/fxglassets/textures/fxgl_default_cursor.png
15:39:18.387 [JavaFX Application Thread] DEBUG Input                - Registered new binding: Screenshot - CTRL+8
15:39:18.388 [JavaFX Application Thread] DEBUG Input                - Registered new binding: Dev Options - 1
15:39:18.388 [JavaFX Application Thread] DEBUG Input                - Registered new binding: Dev Console - 2
15:39:18.389 [JavaFX Application Thread] DEBUG Input                - Registered new binding: System info dump - CTRL+9
15:39:18.389 [JavaFX Application Thread] DEBUG Input                - Registered new binding: Restart - CTRL+R
15:39:18.390 [JavaFX Application Thread] DEBUG Input                - Registered new binding: Toggle Debug Camera - CTRL+7
15:39:18.393 [JavaFX Application Thread] DEBUG LoopRunner           - Starting loop
15:39:18.407 [JavaFX Application Thread] DEBUG LoopRunner           - Initializing JavaFX AnimationTimerLoop
15:39:18.408 [JavaFX Application Thread] DEBUG GameApplicationServi - Starting new game
15:39:18.408 [JavaFX Application Thread] DEBUG Input                - Clearing active input actions
15:39:18.425 [JavaFX Application Thread] DEBUG GameApplicationServi - Removing overlay from FXGLStartupScene and adding to MainLoadingScene
15:39:18.429 [JavaFX Application Thread] DEBUG PrimaryStageWindow   - FXGLStartupScene -> MainLoadingScene
15:39:18.429 [JavaFX Application Thread] DEBUG GameApplicationServi - Clearing previous game
15:39:18.429 [JavaFX Application Thread] DEBUG GameScene            - Clearing game scene
15:39:18.430 [JavaFX Application Thread] DEBUG GameWorld            - Clearing game world
15:39:18.430 [JavaFX Application Thread] DEBUG PhysicsWorld         - Clearing physics world
15:39:18.430 [FXGL Background Thread 4 ] DEBUG FXGLApplication      - Initializing game
15:39:18.430 [JavaFX Application Thread] DEBUG FXGLApplication      - Registering font factories with UI factory
15:39:18.432 [FXGL Background Thread 4 ] DEBUG FXGLAssetLoaderServi - Loading from file system: file:/C:/Users/nykum/OneDrive/Área%20de%20Trabalho/The-Fallen-Piolin/Game/target/classes/assets/sounds/detenha.wav
15:39:18.455 [FXGL Background Thread 4 ] DEBUG FXGLAssetLoaderServi - Loading from file system: file:/C:/Users/nykum/OneDrive/Área%20de%20Trabalho/The-Fallen-Piolin/Game/target/classes/assets/textures/background/forest.png
15:39:18.621 [FXGL Background Thread 2 ] INFO  UpdaterService       - Your current version:  21
15:39:18.622 [FXGL Background Thread 2 ] INFO  UpdaterService       - Latest stable version: 21.1
15:39:18.631 [FXGL Background Thread 4 ] WARN  TMXLevelLoader       - TiledMap generated from 1.10.2. Supported version: 1.9.0. Some features may not be parsed fully.
15:39:18.691 [FXGL Background Thread 4 ] DEBUG TMXLevelLoader       - Parsed TiledMap: file:/C:/Users/nykum/OneDrive/Área%20de%20Trabalho/The-Fallen-Piolin/Game/target/classes/assets/levels/tmx/map-remastered8.tmx
15:39:18.692 [FXGL Background Thread 4 ] DEBUG TMXLevelLoader       - Creating tile layer entities
15:39:18.693 [FXGL Background Thread 4 ] DEBUG TilesetLoader        - Loading view for layer lower-down-above
15:39:18.696 [FXGL Background Thread 4 ] DEBUG TilesetLoader        - Created buffer with size 2560.0x800.0
15:39:18.719 [FXGL Background Thread 4 ] DEBUG TilesetLoader        - Loading view for layer end
15:39:18.725 [FXGL Background Thread 4 ] DEBUG TilesetLoader        - Created buffer with size 2560.0x800.0
15:39:18.728 [FXGL Background Thread 4 ] DEBUG TilesetLoader        - Loading view for layer middle
15:39:18.733 [FXGL Background Thread 4 ] DEBUG TilesetLoader        - Created buffer with size 2560.0x800.0
15:39:18.736 [FXGL Background Thread 4 ] DEBUG TilesetLoader        - Loading view for layer first
15:39:18.737 [FXGL Background Thread 4 ] DEBUG TilesetLoader        - Created buffer with size 2560.0x800.0
15:39:18.739 [FXGL Background Thread 4 ] DEBUG TilesetLoader        - Loading view for layer last
15:39:18.747 [FXGL Background Thread 4 ] DEBUG TilesetLoader        - Created buffer with size 2560.0x800.0
15:39:18.752 [FXGL Background Thread 4 ] DEBUG TilesetLoader        - Loading view for layer trees to burn
15:39:18.757 [FXGL Background Thread 4 ] DEBUG TilesetLoader        - Created buffer with size 2560.0x800.0
15:39:18.759 [FXGL Background Thread 4 ] DEBUG TilesetLoader        - Loading view for layer front-one-more
15:39:18.762 [FXGL Background Thread 4 ] DEBUG TilesetLoader        - Created buffer with size 2560.0x800.0
15:39:18.764 [FXGL Background Thread 4 ] DEBUG TMXLevelLoader       - Creating object layer entities
15:39:18.795 [FXGL Background Thread 4 ] DEBUG GameWorld            - Clearing removable entities
15:39:18.795 [FXGL Background Thread 4 ] DEBUG GameWorld            - Setting level: com.almasb.fxgl.entity.level.Level@f6dec4f
15:39:18.810 [FXGL Background Thread 4 ] DEBUG FXGLAssetLoaderServi - Loading from file system: file:/C:/Users/nykum/OneDrive/Área%20de%20Trabalho/The-Fallen-Piolin/Game/target/classes/assets/textures/walk_piolin1-Sheet.png
15:39:18.823 [FXGL Background Thread 4 ] DEBUG FXGLAssetLoaderServi - Loading from file system: file:/C:/Users/nykum/OneDrive/Área%20de%20Trabalho/The-Fallen-Piolin/Game/target/classes/assets/textures/whole-espalha-lixot.png
15:39:18.830 [FXGL Background Thread 4 ] INFO  FXGLApplication      - Game initialization took: 0,399 sec
15:39:18.830 [JavaFX Application Thread] DEBUG Input                - Clearing active input actions
15:39:18.839 [JavaFX Application Thread] DEBUG GameApplicationServi - Removing overlay from MainLoadingScene and adding to GameScene
15:39:18.843 [JavaFX Application Thread] DEBUG PrimaryStageWindow   - MainLoadingScene -> GameScene
15:39:19.450 [JavaFX Application Thread] DEBUG FXGLAssetLoaderServi - Loading from file system: file:/C:/Users/nykum/OneDrive/Área%20de%20Trabalho/The-Fallen-Piolin/Game/target/classes/assets/textures/tiro_de_fogo.png
15:39:20.660 [JavaFX Application Thread] DEBUG FXGLAssetLoaderServi - Loading from file system: file:/C:/Users/nykum/OneDrive/Área%20de%20Trabalho/The-Fallen-Piolin/Game/target/classes/assets/sounds/fire_launcher.wav
15:39:21.181 [FXGL Background Thread 3 ] DEBUG Engine               - Logging environment variables
15:39:21.182 [FXGL Background Thread 3 ] DEBUG Engine               - achievements: []
15:39:21.183 [FXGL Background Thread 3 ] DEBUG Engine               - actualHeight: 700.0
15:39:21.183 [FXGL Background Thread 3 ] DEBUG Engine               - actualHeightProperty: ReadOnlyDoubleProperty [value: 700.0]
15:39:21.184 [FXGL Background Thread 3 ] DEBUG Engine               - actualWidth: 1050.0
15:39:21.184 [FXGL Background Thread 3 ] DEBUG Engine               - actualWidthProperty: ReadOnlyDoubleProperty [value: 1050.0]
15:39:21.184 [FXGL Background Thread 3 ] DEBUG Engine               - appIcon: fxgl_icon.png
15:39:21.184 [FXGL Background Thread 3 ] DEBUG Engine               - applicationMode: DEVELOPER
15:39:21.184 [FXGL Background Thread 3 ] DEBUG Engine               - cSSList: [fxgl_dark.css]
15:39:21.184 [FXGL Background Thread 3 ] DEBUG Engine               - collisionDetectionStrategy: BRUTE_FORCE
15:39:21.184 [FXGL Background Thread 3 ] DEBUG Engine               - configClass: Optional.empty
15:39:21.184 [FXGL Background Thread 3 ] DEBUG Engine               - credits: []
15:39:21.185 [FXGL Background Thread 3 ] DEBUG Engine               - defaultCursor: CursorInfo(imageName=fxgl_default_cursor.png, hotspotX=7.0, hotspotY=6.0)
15:39:21.186 [FXGL Background Thread 3 ] DEBUG Engine               - devBBoxColorProperty: ObjectProperty [value: 0xff0000ff]
15:39:21.186 [FXGL Background Thread 3 ] DEBUG Engine               - devEnableDebugCameraProperty: BooleanProperty [value: false]
15:39:21.187 [FXGL Background Thread 3 ] DEBUG Engine               - devSensorColorProperty: ObjectProperty [value: 0xffff00ff]
15:39:21.187 [FXGL Background Thread 3 ] DEBUG Engine               - devShowBBoxProperty: BooleanProperty [value: false]
15:39:21.187 [FXGL Background Thread 3 ] DEBUG Engine               - devShowPositionProperty: BooleanProperty [value: false]
15:39:21.187 [FXGL Background Thread 3 ] DEBUG Engine               - enabledMenuItems: []
15:39:21.187 [FXGL Background Thread 3 ] DEBUG Engine               - engineServices: [class com.almasb.fxgl.app.services.FXGLAssetLoaderService, class com.almasb.fxgl.app.FXGLApplication$GameApplicationService, class com.almasb.fxgl.app.services.FXGLDialogService, class com.almasb.fxgl.app.services.IOTaskExecutorService, class com.almasb.fxgl.io.FileSystemService, class com.almasb.fxgl.localization.LocalizationService, class com.almasb.fxgl.app.services.SystemBundleService, class com.almasb.fxgl.profile.SaveLoadService, class com.almasb.fxgl.ui.FXGLUIFactoryServiceProvider, class com.almasb.fxgl.ui.FXGLDialogFactoryServiceProvider, class com.almasb.fxgl.audio.AudioPlayer, class com.almasb.fxgl.notification.impl.NotificationServiceProvider, class com.almasb.fxgl.achievement.AchievementService, class com.almasb.fxgl.cutscene.CutsceneService, class com.almasb.fxgl.minigames.MiniGameService, class com.almasb.fxgl.net.NetService, class com.almasb.fxgl.app.services.UpdaterService, class com.almasb.fxgl.dev.DevService]
15:39:21.188 [FXGL Background Thread 3 ] DEBUG Engine               - fontGame: Abel-Regular.ttf
15:39:21.188 [FXGL Background Thread 3 ] DEBUG Engine               - fontMono: TerminalLandMono-Regular.otf
15:39:21.188 [FXGL Background Thread 3 ] DEBUG Engine               - fontSizeScaleUI: 1.0
15:39:21.188 [FXGL Background Thread 3 ] DEBUG Engine               - fontText: Courier-Prime.ttf
15:39:21.188 [FXGL Background Thread 3 ] DEBUG Engine               - fontUI: VarelaRound-Regular.ttf
15:39:21.188 [FXGL Background Thread 3 ] DEBUG Engine               - fullScreen: BooleanProperty [value: false]
15:39:21.188 [FXGL Background Thread 3 ] DEBUG Engine               - gameDifficulty: MEDIUM
15:39:21.188 [FXGL Background Thread 3 ] DEBUG Engine               - gameDifficultyProperty: ObjectProperty [value: MEDIUM]
15:39:21.188 [FXGL Background Thread 3 ] DEBUG Engine               - globalMusicVolume: 0.5
15:39:21.188 [FXGL Background Thread 3 ] DEBUG Engine               - globalMusicVolumeProperty: DoubleProperty [value: 0.2]
15:39:21.188 [FXGL Background Thread 3 ] DEBUG Engine               - globalSoundVolume: 0.5
15:39:21.188 [FXGL Background Thread 3 ] DEBUG Engine               - globalSoundVolumeProperty: DoubleProperty [value: 0.5]
15:39:21.188 [FXGL Background Thread 3 ] DEBUG Engine               - height: 700
15:39:21.188 [FXGL Background Thread 3 ] DEBUG Engine               - is3D: false
15:39:21.188 [FXGL Background Thread 3 ] DEBUG Engine               - isAndroid: false
15:39:21.188 [FXGL Background Thread 3 ] DEBUG Engine               - isBrowser: false
15:39:21.188 [FXGL Background Thread 3 ] DEBUG Engine               - isClickFeedbackEnabled: false
15:39:21.188 [FXGL Background Thread 3 ] DEBUG Engine               - isCloseConfirmation: false
15:39:21.188 [FXGL Background Thread 3 ] DEBUG Engine               - isDesktop: true
15:39:21.190 [FXGL Background Thread 3 ] DEBUG Engine               - isDeveloperMenuEnabled: true
15:39:21.190 [FXGL Background Thread 3 ] DEBUG Engine               - isEmbedded: false
15:39:21.190 [FXGL Background Thread 3 ] DEBUG Engine               - isEntityPreloadEnabled: true
15:39:21.190 [FXGL Background Thread 3 ] DEBUG Engine               - isExperimentalTiledLargeMap: false
15:39:21.190 [FXGL Background Thread 3 ] DEBUG Engine               - isFileSystemWriteAllowed: true
15:39:21.190 [FXGL Background Thread 3 ] DEBUG Engine               - isFullScreenAllowed: false
15:39:21.190 [FXGL Background Thread 3 ] DEBUG Engine               - isFullScreenFromStart: false
15:39:21.190 [FXGL Background Thread 3 ] DEBUG Engine               - isGameMenuEnabled: true
15:39:21.190 [FXGL Background Thread 3 ] DEBUG Engine               - isIOS: false
15:39:21.190 [FXGL Background Thread 3 ] DEBUG Engine               - isIntroEnabled: false
15:39:21.190 [FXGL Background Thread 3 ] DEBUG Engine               - isLinux: false
15:39:21.190 [FXGL Background Thread 3 ] DEBUG Engine               - isMac: false
15:39:21.191 [FXGL Background Thread 3 ] DEBUG Engine               - isMainMenuEnabled: false
15:39:21.191 [FXGL Background Thread 3 ] DEBUG Engine               - isManualResizeEnabled: false
15:39:21.191 [FXGL Background Thread 3 ] DEBUG Engine               - isMobile: false
15:39:21.191 [FXGL Background Thread 3 ] DEBUG Engine               - isNative: false
15:39:21.191 [FXGL Background Thread 3 ] DEBUG Engine               - isPauseMusicWhenMinimized: true
15:39:21.191 [FXGL Background Thread 3 ] DEBUG Engine               - isPreserveResizeRatio: false
15:39:21.191 [FXGL Background Thread 3 ] DEBUG Engine               - isProfilingEnabled: false
15:39:21.191 [FXGL Background Thread 3 ] DEBUG Engine               - isScaleAffectedOnResize: true
15:39:21.191 [FXGL Background Thread 3 ] DEBUG Engine               - isSingleStep: false
15:39:21.191 [FXGL Background Thread 3 ] DEBUG Engine               - isUserProfileEnabled: false
15:39:21.192 [FXGL Background Thread 3 ] DEBUG Engine               - isWindows: true
15:39:21.192 [FXGL Background Thread 3 ] DEBUG Engine               - language: ObjectProperty [value: ENGLISH]
15:39:21.192 [FXGL Background Thread 3 ] DEBUG Engine               - menuKey: ESCAPE
15:39:21.192 [FXGL Background Thread 3 ] DEBUG Engine               - mouseSensitivity: 0.2
15:39:21.192 [FXGL Background Thread 3 ] DEBUG Engine               - notificationViewClass: class com.almasb.fxgl.notification.view.XboxNotificationView
15:39:21.192 [FXGL Background Thread 3 ] DEBUG Engine               - pixelsPerMeter: 50.0
15:39:21.192 [FXGL Background Thread 3 ] DEBUG Engine               - platform: WINDOWS
15:39:21.192 [FXGL Background Thread 3 ] DEBUG Engine               - prefHeightProperty: ReadOnlyDoubleProperty [value: 700.0]
15:39:21.192 [FXGL Background Thread 3 ] DEBUG Engine               - prefWidthProperty: ReadOnlyDoubleProperty [value: 1050.0]
15:39:21.192 [FXGL Background Thread 3 ] DEBUG Engine               - profileDir: profiles/
15:39:21.192 [FXGL Background Thread 3 ] DEBUG Engine               - profileName: StringProperty [value: DEFAULT]
15:39:21.193 [FXGL Background Thread 3 ] DEBUG Engine               - randomSeed: -1
15:39:21.193 [FXGL Background Thread 3 ] DEBUG Engine               - runtimeInfo: RuntimeInfo(platform=WINDOWS, version=21, build=28.12.2023 13.35)
15:39:21.193 [FXGL Background Thread 3 ] DEBUG Engine               - saveFileExt: sav
15:39:21.193 [FXGL Background Thread 3 ] DEBUG Engine               - scaledHeightProp$fxgl: DoubleProperty [bound, value: 700.0]
15:39:21.193 [FXGL Background Thread 3 ] DEBUG Engine               - scaledWidthProp$fxgl: DoubleProperty [bound, value: 1050.0]
15:39:21.193 [FXGL Background Thread 3 ] DEBUG Engine               - sceneFactory: org.example.Main$1@76f525d3
15:39:21.193 [FXGL Background Thread 3 ] DEBUG Engine               - secondsIn24h: 60
15:39:21.194 [FXGL Background Thread 3 ] DEBUG Engine               - soundMenuBack: menu/back.wav
15:39:21.194 [FXGL Background Thread 3 ] DEBUG Engine               - soundMenuPress: menu/press.wav
15:39:21.194 [FXGL Background Thread 3 ] DEBUG Engine               - soundMenuSelect: menu/select.wav
15:39:21.194 [FXGL Background Thread 3 ] DEBUG Engine               - soundNotification: core/notification.wav
15:39:21.194 [FXGL Background Thread 3 ] DEBUG Engine               - stageStyle: DECORATED
15:39:21.194 [FXGL Background Thread 3 ] DEBUG Engine               - supportedLanguages: [ENGLISH, FRENCH, GERMAN, HUNGARIAN, RUSSIAN]
15:39:21.194 [FXGL Background Thread 3 ] DEBUG Engine               - ticksPerSecond: -1
15:39:21.194 [FXGL Background Thread 3 ] DEBUG Engine               - title: Untitled
15:39:21.194 [FXGL Background Thread 3 ] DEBUG Engine               - urlGithub: https://github.com/AlmasB/FXGL
15:39:21.194 [FXGL Background Thread 3 ] DEBUG Engine               - urlLeaderboard: http://fxgl-top.herokuapp.com/
15:39:21.194 [FXGL Background Thread 3 ] DEBUG Engine               - urlPOM: https://raw.githubusercontent.com/AlmasB/FXGL/release/README.md
15:39:21.194 [FXGL Background Thread 3 ] DEBUG Engine               - userAppClass: class org.example.Main
15:39:21.194 [FXGL Background Thread 3 ] DEBUG Engine               - version: 0.0
15:39:21.194 [FXGL Background Thread 3 ] DEBUG Engine               - versionCheckDays: 7
15:39:21.195 [FXGL Background Thread 3 ] DEBUG Engine               - width: 1050
15:39:21.195 [FXGL Background Thread 3 ] DEBUG Engine               - Logging services
15:39:21.195 [FXGL Background Thread 3 ] DEBUG Engine               - class com.almasb.fxgl.app.services.FXGLAssetLoaderService
15:39:21.195 [FXGL Background Thread 3 ] DEBUG Engine               - class com.almasb.fxgl.app.FXGLApplication$GameApplicationService
15:39:21.195 [FXGL Background Thread 3 ] DEBUG Engine               - class com.almasb.fxgl.app.services.FXGLDialogService
15:39:21.195 [FXGL Background Thread 3 ] DEBUG Engine               - class com.almasb.fxgl.app.services.IOTaskExecutorService
15:39:21.195 [FXGL Background Thread 3 ] DEBUG Engine               - class com.almasb.fxgl.io.FileSystemService
15:39:21.195 [FXGL Background Thread 3 ] DEBUG Engine               - class com.almasb.fxgl.localization.LocalizationService
15:39:21.195 [FXGL Background Thread 3 ] DEBUG Engine               - class com.almasb.fxgl.app.services.SystemBundleService
15:39:21.195 [FXGL Background Thread 3 ] DEBUG Engine               - class com.almasb.fxgl.profile.SaveLoadService
15:39:21.195 [FXGL Background Thread 3 ] DEBUG Engine               - class com.almasb.fxgl.ui.FXGLUIFactoryServiceProvider
15:39:21.195 [FXGL Background Thread 3 ] DEBUG Engine               - class com.almasb.fxgl.ui.FXGLDialogFactoryServiceProvider
15:39:21.195 [FXGL Background Thread 3 ] DEBUG Engine               - class com.almasb.fxgl.audio.AudioPlayer
15:39:21.196 [FXGL Background Thread 3 ] DEBUG Engine               - class com.almasb.fxgl.notification.impl.NotificationServiceProvider
15:39:21.196 [FXGL Background Thread 3 ] DEBUG Engine               - class com.almasb.fxgl.achievement.AchievementService
15:39:21.196 [FXGL Background Thread 3 ] DEBUG Engine               - class com.almasb.fxgl.cutscene.CutsceneService
15:39:21.196 [FXGL Background Thread 3 ] DEBUG Engine               - class com.almasb.fxgl.minigames.MiniGameService
15:39:21.196 [FXGL Background Thread 3 ] DEBUG Engine               - class com.almasb.fxgl.net.NetService
15:39:21.196 [FXGL Background Thread 3 ] DEBUG Engine               - class com.almasb.fxgl.app.services.UpdaterService
15:39:21.196 [FXGL Background Thread 3 ] DEBUG Engine               - class com.almasb.fxgl.dev.DevService
15:39:21.262 [JavaFX Application Thread] DEBUG FXGLAssetLoaderServi - Loading from file system: file:/C:/Users/nykum/OneDrive/Área%20de%20Trabalho/The-Fallen-Piolin/Game/target/classes/assets/sounds/fogo.wav
15:39:23.091 [JavaFX Application Thread] DEBUG FXGLAssetLoaderServi - Loading from file system: file:/C:/Users/nykum/OneDrive/Área%20de%20Trabalho/The-Fallen-Piolin/Game/target/classes/assets/textures/waterD.png
15:39:23.320 [JavaFX Application Thread] DEBUG FXGLAssetLoaderServi - Loading from file system: file:/C:/Users/nykum/OneDrive/Área%20de%20Trabalho/The-Fallen-Piolin/Game/target/classes/assets/sounds/paper.wav
15:39:23.644 [JavaFX Application Thread] DEBUG FXGLAssetLoaderServi - Loading from file system: file:/C:/Users/nykum/OneDrive/Área%20de%20Trabalho/The-Fallen-Piolin/Game/target/classes/assets/textures/normal_feather.png
15:39:25.934 [JavaFX Application Thread] DEBUG FXGLAssetLoaderServi - Loading from file system: file:/C:/Users/nykum/OneDrive/Área%20de%20Trabalho/The-Fallen-Piolin/Game/target/classes/assets/sounds/water.wav
15:39:26.827 [Timer-1                  ] DEBUG LoopRunner           - Stopping loop
15:39:26.828 [Timer-1                  ] FATAL FXGLApplication      - Uncaught Exception:
java.lang.IllegalStateException: Physics world is locked during time step
	at com.almasb.fxgl.entity@21/com.almasb.fxgl.physics.box2d.dynamics.World.assertNotLocked(World.java:1292)
	at com.almasb.fxgl.entity@21/com.almasb.fxgl.physics.box2d.dynamics.Body.createFixture(Body.java:193)
	at com.almasb.fxgl.entity@21/com.almasb.fxgl.physics.PhysicsWorld.lambda$createSensors$4(PhysicsWorld.java:598)
	at java.base/java.util.HashMap$KeySet.forEach(HashMap.java:1016)
	at com.almasb.fxgl.entity@21/com.almasb.fxgl.physics.PhysicsWorld.createSensors(PhysicsWorld.java:589)
	at com.almasb.fxgl.entity@21/com.almasb.fxgl.physics.PhysicsWorld.lambda$onPhysicsEntityAdded$0(PhysicsWorld.java:139)
	at javafx.base@21.0.1/com.sun.javafx.binding.ExpressionHelper$Generic.fireValueChangedEvent(ExpressionHelper.java:372)
	at javafx.base@21.0.1/com.sun.javafx.binding.ExpressionHelper.fireValueChangedEvent(ExpressionHelper.java:91)
	at javafx.base@21.0.1/javafx.beans.property.DoublePropertyBase.fireValueChangedEvent(DoublePropertyBase.java:107)
	at javafx.base@21.0.1/javafx.beans.property.DoublePropertyBase.markInvalid(DoublePropertyBase.java:114)
	at javafx.base@21.0.1/javafx.beans.property.DoublePropertyBase.set(DoublePropertyBase.java:148)
	at javafx.base@21.0.1/javafx.beans.property.DoubleProperty.setValue(DoubleProperty.java:78)
	at com.almasb.fxgl.entity@21/com.almasb.fxgl.entity.components.TransformComponent.setScaleX(TransformComponent.kt:89)
	at com.almasb.fxgl.entity@21/com.almasb.fxgl.entity.Entity.setScaleX(Entity.java:885)
	at mario.main/org.example.EnemyComponent.moveParaEsquerda(EnemyComponent.java:218)
	at mario.main/org.example.EnemyComponent.movimentacaoAleatoria(EnemyComponent.java:258)
	at mario.main/org.example.EnemyComponent$1.run(EnemyComponent.java:104)
	at java.base/java.util.TimerThread.mainLoop(Timer.java:566)
	at java.base/java.util.TimerThread.run(Timer.java:516)

15:39:26.828 [Timer-1                  ] FATAL FXGLApplication      - Application will now exit
15:39:26.834 [Timer-1                  ] DEBUG PrimaryStageWindow   - Push state: ErrorSubScene
15:39:26.834 [Timer-1                  ] DEBUG Input                - Clearing active input actions
15:39:28.174 [JavaFX Application Thread] DEBUG FXGLApplication      - Exiting FXGL
15:39:28.174 [JavaFX Application Thread] DEBUG Async                - Shutting down background threads
15:39:28.174 [JavaFX Application Thread] DEBUG PrimaryStageWindow   - Closing main window
15:39:28.185 [JavaFX Application Thread] DEBUG Logger               - Closing Logger
