14:07:27.568 [main                     ] DEBUG Logger               - Configured Logger
14:07:27.592 [main                     ] DEBUG GameApplication      - Logging settings
Title: Untitled
Version: 0.0
Width: 1050
Height: 700
Fullscreen: false
Intro: false
Profiling: false
Single step:false
App Mode: DEVELOPER
Menu Key: ESCAPE
Stage Style: DECORATED
Scene Factory: class org.example.Main$1

14:07:27.932 [JavaFX Application Thread] DEBUG FXGLApplication      - Initializing FXGL
14:07:27.936 [JavaFX Application Thread] INFO  Engine               - FXGL-21 (28.12.2023 13.35) on WINDOWS (J:21.0.3 FX:21.0.1)
14:07:27.937 [JavaFX Application Thread] DEBUG Engine               - JRE Vendor Name: Oracle Corporation
14:07:27.937 [JavaFX Application Thread] DEBUG Engine               - Running on OS: Windows 11 version 10.0
14:07:27.937 [JavaFX Application Thread] DEBUG Engine               - Architecture: amd64
14:07:27.937 [JavaFX Application Thread] INFO  Engine               - Source code and latest versions at: https://github.com/AlmasB/FXGL
14:07:27.937 [JavaFX Application Thread] INFO  Engine               -       Ask questions and discuss at: https://github.com/AlmasB/FXGL/discussions
14:07:27.937 [JavaFX Application Thread] INFO  Engine               -              Join the FXGL chat at: https://gitter.im/AlmasB/FXGL
14:07:28.023 [JavaFX Application Thread] DEBUG PrimaryStageWindow   - Creating a JavaFX scene
14:07:28.068 [JavaFX Application Thread] DEBUG PrimaryStageWindow   - Target settings size: 1050.0 x 700.0
14:07:28.069 [JavaFX Application Thread] DEBUG PrimaryStageWindow   - Scaled scene size:    1050.0 x 700.0
14:07:28.069 [JavaFX Application Thread] DEBUG PrimaryStageWindow   - Scaled ratio: (1.0, 1.0)
14:07:28.070 [JavaFX Application Thread] DEBUG PrimaryStageWindow   - Set initial scene to FXGLStartupScene
14:07:28.072 [JavaFX Application Thread] DEBUG PrimaryStageWindow   - Opening main window
14:07:28.145 [JavaFX Application Thread] DEBUG PrimaryStageWindow   - Window border size: (16.0, 39.0)
14:07:28.146 [JavaFX Application Thread] DEBUG PrimaryStageWindow   - Scaled size: 1050.0 x 700.0
14:07:28.146 [JavaFX Application Thread] DEBUG PrimaryStageWindow   - Scaled ratio: (1.0, 1.0)
14:07:28.146 [JavaFX Application Thread] DEBUG PrimaryStageWindow   - Scene size: 1050.0 x 700.0
14:07:28.146 [JavaFX Application Thread] DEBUG PrimaryStageWindow   - Stage size: 1066.0 x 739.0
14:07:28.154 [FXGL Background Thread 1 ] DEBUG Engine               - Initializing environment variables
14:07:28.203 [FXGL Background Thread 1 ] DEBUG FXGLAssetLoaderServi - User app class for loading assets: class org.example.Main
14:07:28.203 [FXGL Background Thread 1 ] DEBUG GameApplicationServi - Applying CSS: fxgl_dark.css
14:07:28.203 [FXGL Background Thread 1 ] DEBUG FXGLAssetLoaderServi - Loading from file system: jar:file:///C:/Users/nykum/.m2/repository/com/github/almasb/fxgl/21/fxgl-21.jar!/fxglassets/ui/css/fxgl_dark.css
14:07:28.252 [FXGL Background Thread 1 ] DEBUG GameApplicationServi - Initializing application scenes
14:07:28.407 [FXGL Background Thread 1 ] WARN  FXGLAssetLoaderServi - Asset "/assets/textures/player.png" was not found!
14:07:28.407 [FXGL Background Thread 1 ] WARN  FXGLAssetLoaderServi - Failed to load IMAGE
14:07:28.427 [FXGL Background Thread 1 ] DEBUG GameWorld            - Game world initialized
14:07:28.472 [FXGL Background Thread 1 ] DEBUG PhysicsWorld         - Physics world initialized: appHeight=700, physics.ppm=50,0
14:07:28.472 [FXGL Background Thread 1 ] DEBUG PhysicsWorld         - Using strategy: BRUTE_FORCE
14:07:28.476 [FXGL Background Thread 1 ] DEBUG GameScene            - Game scene initialized: 1050x700
14:07:28.483 [FXGL Background Thread 1 ] DEBUG FXGL.DefaultMenu     - createMenuBodyGameMenu()
14:07:28.498 [FXGL Background Thread 1 ] DEBUG FXGL.DefaultMenu     - createOptionsMenu()
14:07:28.506 [FXGL Background Thread 1 ] DEBUG FXGLAssetLoaderServi - Loading from file system: jar:file:///C:/Users/nykum/.m2/repository/com/github/almasb/fxgl/21/fxgl-21.jar!/fxglassets/textures/particles/smoke.png
14:07:28.604 [FXGL Background Thread 1 ] DEBUG FXGLAssetLoaderServi - Loading from file system: jar:file:///C:/Users/nykum/.m2/repository/com/github/almasb/fxgl/21/fxgl-21.jar!/fxglassets/textures/particles/trace_horizontal.png
14:07:28.625 [FXGL Background Thread 1 ] DEBUG GameApplicationServi - Application scenes initialized
14:07:28.637 [FXGL Background Thread 1 ] DEBUG SystemBundleService  - Loading FXGL system data
14:07:28.641 [FXGL Background Thread 1 ] DEBUG FileSystemAccess     - Reading from: C:\Users\nykum\OneDrive\Área de Trabalho\The-Fallen-Piolin\Game\system\fxgl.bundle
14:07:28.652 [FXGL Background Thread 1 ] DEBUG SystemBundleService  - Bundle FXGL: {}
14:07:28.652 [FXGL Background Thread 1 ] DEBUG UpdaterService       - Checking for updates
14:07:28.676 [FXGL Background Thread 4 ] DEBUG FXGLApplication      - Loading fonts
14:07:28.676 [FXGL Background Thread 4 ] DEBUG FXGLAssetLoaderServi - Loading from file system: jar:file:///C:/Users/nykum/.m2/repository/com/github/almasb/fxgl/21/fxgl-21.jar!/fxglassets/ui/fonts/VarelaRound-Regular.ttf
14:07:28.676 [FXGL Background Thread 1 ] DEBUG FXGLApplication      - Loading default localization
14:07:28.678 [FXGL Background Thread 1 ] DEBUG FXGLAssetLoaderServi - Loading from file system: jar:file:///C:/Users/nykum/.m2/repository/com/github/almasb/fxgl/21/fxgl-21.jar!/fxglassets/languages/english.lang
14:07:28.700 [FXGL Background Thread 4 ] DEBUG FXGLAssetLoaderServi - Loading from file system: jar:file:///C:/Users/nykum/.m2/repository/com/github/almasb/fxgl/21/fxgl-21.jar!/fxglassets/ui/fonts/Abel-Regular.ttf
14:07:28.702 [FXGL Background Thread 1 ] INFO  FXGLApplication      - FXGL initialization took: 0,549 sec
14:07:28.704 [FXGL Background Thread 4 ] DEBUG FXGLAssetLoaderServi - Loading from file system: jar:file:///C:/Users/nykum/.m2/repository/com/github/almasb/fxgl/21/fxgl-21.jar!/fxglassets/ui/fonts/TerminalLandMono-Regular.otf
14:07:28.706 [FXGL Background Thread 4 ] DEBUG FXGLAssetLoaderServi - Loading from file system: jar:file:///C:/Users/nykum/.m2/repository/com/github/almasb/fxgl/21/fxgl-21.jar!/fxglassets/ui/fonts/Courier-Prime.ttf
14:07:28.712 [JavaFX Application Thread] DEBUG Input                - Registered new binding: Left - A
14:07:28.712 [JavaFX Application Thread] DEBUG Input                - Registered new binding: Right - D
14:07:28.712 [JavaFX Application Thread] DEBUG Input                - Registered new binding: Jump - W
14:07:28.713 [JavaFX Application Thread] DEBUG Input                - Registered new binding: Disparar pena - LMB
14:07:28.713 [JavaFX Application Thread] DEBUG Input                - Registered new binding: Disparar água - RMB
14:07:28.714 [JavaFX Application Thread] DEBUG Input                - Registered new binding: PAUSE - F
14:07:28.714 [JavaFX Application Thread] DEBUG Input                - Registered new binding: RESUME - G
14:07:28.714 [JavaFX Application Thread] DEBUG Input                - Registered new binding: Move espalha lixo para a esquerda! - J
14:07:28.714 [JavaFX Application Thread] DEBUG Input                - Registered new binding: Move espalha lixo para a direita! - K
14:07:28.714 [JavaFX Application Thread] DEBUG Input                - Registered new binding: Disparar com Espalha Lixo - L
14:07:28.714 [JavaFX Application Thread] DEBUG FXGLAssetLoaderServi - Loading from file system: file:/C:/Users/nykum/OneDrive/Área%20de%20Trabalho/The-Fallen-Piolin/Game/target/classes/assets/music/backsound.wav
14:07:28.847 [JavaFX Application Thread] DEBUG AudioPlayer          - Playing music com.almasb.fxgl.audio.Music@a2b4d20
14:07:28.847 [JavaFX Application Thread] DEBUG FXGLAssetLoaderServi - Loading from file system: jar:file:///C:/Users/nykum/.m2/repository/com/github/almasb/fxgl/21/fxgl-21.jar!/fxglassets/textures/fxgl_icon.png
14:07:28.864 [JavaFX Application Thread] DEBUG FXGLAssetLoaderServi - Loading from file system: jar:file:///C:/Users/nykum/.m2/repository/com/github/almasb/fxgl/21/fxgl-21.jar!/fxglassets/textures/fxgl_default_cursor.png
14:07:28.866 [JavaFX Application Thread] DEBUG Input                - Registered new binding: Screenshot - CTRL+8
14:07:28.868 [JavaFX Application Thread] DEBUG Input                - Registered new binding: Dev Options - 1
14:07:28.868 [JavaFX Application Thread] DEBUG Input                - Registered new binding: Dev Console - 2
14:07:28.869 [JavaFX Application Thread] DEBUG Input                - Registered new binding: System info dump - CTRL+9
14:07:28.869 [JavaFX Application Thread] DEBUG Input                - Registered new binding: Restart - CTRL+R
14:07:28.870 [JavaFX Application Thread] DEBUG Input                - Registered new binding: Toggle Debug Camera - CTRL+7
14:07:28.873 [JavaFX Application Thread] DEBUG LoopRunner           - Starting loop
14:07:28.889 [JavaFX Application Thread] DEBUG LoopRunner           - Initializing JavaFX AnimationTimerLoop
14:07:28.890 [JavaFX Application Thread] DEBUG GameApplicationServi - Starting new game
14:07:28.891 [JavaFX Application Thread] DEBUG Input                - Clearing active input actions
14:07:28.907 [JavaFX Application Thread] DEBUG GameApplicationServi - Removing overlay from FXGLStartupScene and adding to MainLoadingScene
14:07:28.912 [JavaFX Application Thread] DEBUG PrimaryStageWindow   - FXGLStartupScene -> MainLoadingScene
14:07:28.912 [JavaFX Application Thread] DEBUG GameApplicationServi - Clearing previous game
14:07:28.912 [JavaFX Application Thread] DEBUG GameScene            - Clearing game scene
14:07:28.912 [JavaFX Application Thread] DEBUG GameWorld            - Clearing game world
14:07:28.912 [JavaFX Application Thread] DEBUG PhysicsWorld         - Clearing physics world
14:07:28.913 [FXGL Background Thread 4 ] DEBUG FXGLApplication      - Initializing game
14:07:28.915 [JavaFX Application Thread] DEBUG FXGLApplication      - Registering font factories with UI factory
14:07:28.925 [FXGL Background Thread 4 ] DEBUG FXGLAssetLoaderServi - Loading from file system: file:/C:/Users/nykum/OneDrive/Área%20de%20Trabalho/The-Fallen-Piolin/Game/target/classes/assets/textures/background/forest.png
14:07:29.076 [FXGL Background Thread 4 ] WARN  TMXLevelLoader       - TiledMap generated from 1.10.2. Supported version: 1.9.0. Some features may not be parsed fully.
14:07:29.098 [FXGL Background Thread 2 ] INFO  UpdaterService       - Your current version:  21
14:07:29.098 [FXGL Background Thread 2 ] INFO  UpdaterService       - Latest stable version: 21.1
14:07:29.136 [FXGL Background Thread 4 ] DEBUG TMXLevelLoader       - Parsed TiledMap: file:/C:/Users/nykum/OneDrive/Área%20de%20Trabalho/The-Fallen-Piolin/Game/target/classes/assets/levels/tmx/map-remastered8.tmx
14:07:29.138 [FXGL Background Thread 4 ] DEBUG TMXLevelLoader       - Creating tile layer entities
14:07:29.140 [FXGL Background Thread 4 ] DEBUG TilesetLoader        - Loading view for layer lower-down-above
14:07:29.141 [FXGL Background Thread 4 ] DEBUG TilesetLoader        - Created buffer with size 2560.0x800.0
14:07:29.160 [FXGL Background Thread 4 ] DEBUG TilesetLoader        - Loading view for layer end
14:07:29.162 [FXGL Background Thread 4 ] DEBUG TilesetLoader        - Created buffer with size 2560.0x800.0
14:07:29.164 [FXGL Background Thread 4 ] DEBUG TilesetLoader        - Loading view for layer middle
14:07:29.173 [FXGL Background Thread 4 ] DEBUG TilesetLoader        - Created buffer with size 2560.0x800.0
14:07:29.177 [FXGL Background Thread 4 ] DEBUG TilesetLoader        - Loading view for layer first
14:07:29.177 [FXGL Background Thread 4 ] DEBUG TilesetLoader        - Created buffer with size 2560.0x800.0
14:07:29.183 [FXGL Background Thread 4 ] DEBUG TilesetLoader        - Loading view for layer last
14:07:29.190 [FXGL Background Thread 4 ] DEBUG TilesetLoader        - Created buffer with size 2560.0x800.0
14:07:29.192 [FXGL Background Thread 4 ] DEBUG TilesetLoader        - Loading view for layer trees to burn
14:07:29.199 [FXGL Background Thread 4 ] DEBUG TilesetLoader        - Created buffer with size 2560.0x800.0
14:07:29.202 [FXGL Background Thread 4 ] DEBUG TilesetLoader        - Loading view for layer front-one-more
14:07:29.207 [FXGL Background Thread 4 ] DEBUG TilesetLoader        - Created buffer with size 2560.0x800.0
14:07:29.209 [FXGL Background Thread 4 ] DEBUG TMXLevelLoader       - Creating object layer entities
14:07:29.261 [FXGL Background Thread 4 ] DEBUG GameWorld            - Clearing removable entities
14:07:29.262 [FXGL Background Thread 4 ] DEBUG GameWorld            - Setting level: com.almasb.fxgl.entity.level.Level@2124c259
14:07:29.275 [FXGL Background Thread 4 ] DEBUG FXGLAssetLoaderServi - Loading from file system: file:/C:/Users/nykum/OneDrive/Área%20de%20Trabalho/The-Fallen-Piolin/Game/target/classes/assets/textures/walk_piolin1-Sheet.png
14:07:29.288 [FXGL Background Thread 4 ] DEBUG FXGLAssetLoaderServi - Loading from file system: file:/C:/Users/nykum/OneDrive/Área%20de%20Trabalho/The-Fallen-Piolin/Game/target/classes/assets/textures/whole-espalha-lixot.png
14:07:29.294 [FXGL Background Thread 4 ] INFO  FXGLApplication      - Game initialization took: 0,380 sec
14:07:29.295 [JavaFX Application Thread] DEBUG Input                - Clearing active input actions
14:07:29.304 [JavaFX Application Thread] DEBUG GameApplicationServi - Removing overlay from MainLoadingScene and adding to GameScene
14:07:29.308 [JavaFX Application Thread] DEBUG PrimaryStageWindow   - MainLoadingScene -> GameScene
14:07:29.314 [JavaFX Application Thread] DEBUG FXGLAssetLoaderServi - Loading from file system: file:/C:/Users/nykum/OneDrive/Área%20de%20Trabalho/The-Fallen-Piolin/Game/target/classes/assets/textures/tiro_de_fogo.png
14:07:31.678 [FXGL Background Thread 3 ] DEBUG Engine               - Logging environment variables
14:07:31.678 [FXGL Background Thread 3 ] DEBUG Engine               - achievements: []
14:07:31.678 [FXGL Background Thread 3 ] DEBUG Engine               - actualHeight: 700.0
14:07:31.678 [FXGL Background Thread 3 ] DEBUG Engine               - actualHeightProperty: ReadOnlyDoubleProperty [value: 700.0]
14:07:31.678 [FXGL Background Thread 3 ] DEBUG Engine               - actualWidth: 1050.0
14:07:31.678 [FXGL Background Thread 3 ] DEBUG Engine               - actualWidthProperty: ReadOnlyDoubleProperty [value: 1050.0]
14:07:31.678 [FXGL Background Thread 3 ] DEBUG Engine               - appIcon: fxgl_icon.png
14:07:31.678 [FXGL Background Thread 3 ] DEBUG Engine               - applicationMode: DEVELOPER
14:07:31.678 [FXGL Background Thread 3 ] DEBUG Engine               - cSSList: [fxgl_dark.css]
14:07:31.680 [FXGL Background Thread 3 ] DEBUG Engine               - collisionDetectionStrategy: BRUTE_FORCE
14:07:31.680 [FXGL Background Thread 3 ] DEBUG Engine               - configClass: Optional.empty
14:07:31.680 [FXGL Background Thread 3 ] DEBUG Engine               - credits: []
14:07:31.680 [FXGL Background Thread 3 ] DEBUG Engine               - defaultCursor: CursorInfo(imageName=fxgl_default_cursor.png, hotspotX=7.0, hotspotY=6.0)
14:07:31.681 [FXGL Background Thread 3 ] DEBUG Engine               - devBBoxColorProperty: ObjectProperty [value: 0xff0000ff]
14:07:31.681 [FXGL Background Thread 3 ] DEBUG Engine               - devEnableDebugCameraProperty: BooleanProperty [value: false]
14:07:31.681 [FXGL Background Thread 3 ] DEBUG Engine               - devSensorColorProperty: ObjectProperty [value: 0xffff00ff]
14:07:31.681 [FXGL Background Thread 3 ] DEBUG Engine               - devShowBBoxProperty: BooleanProperty [value: false]
14:07:31.681 [FXGL Background Thread 3 ] DEBUG Engine               - devShowPositionProperty: BooleanProperty [value: false]
14:07:31.681 [FXGL Background Thread 3 ] DEBUG Engine               - enabledMenuItems: []
14:07:31.681 [FXGL Background Thread 3 ] DEBUG Engine               - engineServices: [class com.almasb.fxgl.app.services.FXGLAssetLoaderService, class com.almasb.fxgl.app.FXGLApplication$GameApplicationService, class com.almasb.fxgl.app.services.FXGLDialogService, class com.almasb.fxgl.app.services.IOTaskExecutorService, class com.almasb.fxgl.io.FileSystemService, class com.almasb.fxgl.localization.LocalizationService, class com.almasb.fxgl.app.services.SystemBundleService, class com.almasb.fxgl.profile.SaveLoadService, class com.almasb.fxgl.ui.FXGLUIFactoryServiceProvider, class com.almasb.fxgl.ui.FXGLDialogFactoryServiceProvider, class com.almasb.fxgl.audio.AudioPlayer, class com.almasb.fxgl.notification.impl.NotificationServiceProvider, class com.almasb.fxgl.achievement.AchievementService, class com.almasb.fxgl.cutscene.CutsceneService, class com.almasb.fxgl.minigames.MiniGameService, class com.almasb.fxgl.net.NetService, class com.almasb.fxgl.app.services.UpdaterService, class com.almasb.fxgl.dev.DevService]
14:07:31.681 [FXGL Background Thread 3 ] DEBUG Engine               - fontGame: Abel-Regular.ttf
14:07:31.681 [FXGL Background Thread 3 ] DEBUG Engine               - fontMono: TerminalLandMono-Regular.otf
14:07:31.681 [FXGL Background Thread 3 ] DEBUG Engine               - fontSizeScaleUI: 1.0
14:07:31.682 [FXGL Background Thread 3 ] DEBUG Engine               - fontText: Courier-Prime.ttf
14:07:31.682 [FXGL Background Thread 3 ] DEBUG Engine               - fontUI: VarelaRound-Regular.ttf
14:07:31.682 [FXGL Background Thread 3 ] DEBUG Engine               - fullScreen: BooleanProperty [value: false]
14:07:31.682 [FXGL Background Thread 3 ] DEBUG Engine               - gameDifficulty: MEDIUM
14:07:31.682 [FXGL Background Thread 3 ] DEBUG Engine               - gameDifficultyProperty: ObjectProperty [value: MEDIUM]
14:07:31.682 [FXGL Background Thread 3 ] DEBUG Engine               - globalMusicVolume: 0.5
14:07:31.682 [FXGL Background Thread 3 ] DEBUG Engine               - globalMusicVolumeProperty: DoubleProperty [value: 0.8]
14:07:31.682 [FXGL Background Thread 3 ] DEBUG Engine               - globalSoundVolume: 0.5
14:07:31.682 [FXGL Background Thread 3 ] DEBUG Engine               - globalSoundVolumeProperty: DoubleProperty [value: 0.5]
14:07:31.682 [FXGL Background Thread 3 ] DEBUG Engine               - height: 700
14:07:31.682 [FXGL Background Thread 3 ] DEBUG Engine               - is3D: false
14:07:31.682 [FXGL Background Thread 3 ] DEBUG Engine               - isAndroid: false
14:07:31.682 [FXGL Background Thread 3 ] DEBUG Engine               - isBrowser: false
14:07:31.682 [FXGL Background Thread 3 ] DEBUG Engine               - isClickFeedbackEnabled: false
14:07:31.682 [FXGL Background Thread 3 ] DEBUG Engine               - isCloseConfirmation: false
14:07:31.682 [FXGL Background Thread 3 ] DEBUG Engine               - isDesktop: true
14:07:31.682 [FXGL Background Thread 3 ] DEBUG Engine               - isDeveloperMenuEnabled: true
14:07:31.683 [FXGL Background Thread 3 ] DEBUG Engine               - isEmbedded: false
14:07:31.683 [FXGL Background Thread 3 ] DEBUG Engine               - isEntityPreloadEnabled: true
14:07:31.683 [FXGL Background Thread 3 ] DEBUG Engine               - isExperimentalTiledLargeMap: false
14:07:31.683 [FXGL Background Thread 3 ] DEBUG Engine               - isFileSystemWriteAllowed: true
14:07:31.683 [FXGL Background Thread 3 ] DEBUG Engine               - isFullScreenAllowed: false
14:07:31.683 [FXGL Background Thread 3 ] DEBUG Engine               - isFullScreenFromStart: false
14:07:31.683 [FXGL Background Thread 3 ] DEBUG Engine               - isGameMenuEnabled: true
14:07:31.683 [FXGL Background Thread 3 ] DEBUG Engine               - isIOS: false
14:07:31.683 [FXGL Background Thread 3 ] DEBUG Engine               - isIntroEnabled: false
14:07:31.683 [FXGL Background Thread 3 ] DEBUG Engine               - isLinux: false
14:07:31.683 [FXGL Background Thread 3 ] DEBUG Engine               - isMac: false
14:07:31.683 [FXGL Background Thread 3 ] DEBUG Engine               - isMainMenuEnabled: false
14:07:31.683 [FXGL Background Thread 3 ] DEBUG Engine               - isManualResizeEnabled: false
14:07:31.683 [FXGL Background Thread 3 ] DEBUG Engine               - isMobile: false
14:07:31.683 [FXGL Background Thread 3 ] DEBUG Engine               - isNative: false
14:07:31.683 [FXGL Background Thread 3 ] DEBUG Engine               - isPauseMusicWhenMinimized: true
14:07:31.683 [FXGL Background Thread 3 ] DEBUG Engine               - isPreserveResizeRatio: false
14:07:31.684 [FXGL Background Thread 3 ] DEBUG Engine               - isProfilingEnabled: false
14:07:31.684 [FXGL Background Thread 3 ] DEBUG Engine               - isScaleAffectedOnResize: true
14:07:31.684 [FXGL Background Thread 3 ] DEBUG Engine               - isSingleStep: false
14:07:31.684 [FXGL Background Thread 3 ] DEBUG Engine               - isUserProfileEnabled: false
14:07:31.684 [FXGL Background Thread 3 ] DEBUG Engine               - isWindows: true
14:07:31.685 [FXGL Background Thread 3 ] DEBUG Engine               - language: ObjectProperty [value: ENGLISH]
14:07:31.685 [FXGL Background Thread 3 ] DEBUG Engine               - menuKey: ESCAPE
14:07:31.685 [FXGL Background Thread 3 ] DEBUG Engine               - mouseSensitivity: 0.2
14:07:31.685 [FXGL Background Thread 3 ] DEBUG Engine               - notificationViewClass: class com.almasb.fxgl.notification.view.XboxNotificationView
14:07:31.685 [FXGL Background Thread 3 ] DEBUG Engine               - pixelsPerMeter: 50.0
14:07:31.685 [FXGL Background Thread 3 ] DEBUG Engine               - platform: WINDOWS
14:07:31.685 [FXGL Background Thread 3 ] DEBUG Engine               - prefHeightProperty: ReadOnlyDoubleProperty [value: 700.0]
14:07:31.685 [FXGL Background Thread 3 ] DEBUG Engine               - prefWidthProperty: ReadOnlyDoubleProperty [value: 1050.0]
14:07:31.686 [FXGL Background Thread 3 ] DEBUG Engine               - profileDir: profiles/
14:07:31.686 [FXGL Background Thread 3 ] DEBUG Engine               - profileName: StringProperty [value: DEFAULT]
14:07:31.686 [FXGL Background Thread 3 ] DEBUG Engine               - randomSeed: -1
14:07:31.686 [FXGL Background Thread 3 ] DEBUG Engine               - runtimeInfo: RuntimeInfo(platform=WINDOWS, version=21, build=28.12.2023 13.35)
14:07:31.686 [FXGL Background Thread 3 ] DEBUG Engine               - saveFileExt: sav
14:07:31.686 [FXGL Background Thread 3 ] DEBUG Engine               - scaledHeightProp$fxgl: DoubleProperty [bound, value: 700.0]
14:07:31.686 [FXGL Background Thread 3 ] DEBUG Engine               - scaledWidthProp$fxgl: DoubleProperty [bound, value: 1050.0]
14:07:31.686 [FXGL Background Thread 3 ] DEBUG Engine               - sceneFactory: org.example.Main$1@76f93fe7
14:07:31.687 [FXGL Background Thread 3 ] DEBUG Engine               - secondsIn24h: 60
14:07:31.687 [FXGL Background Thread 3 ] DEBUG Engine               - soundMenuBack: menu/back.wav
14:07:31.687 [FXGL Background Thread 3 ] DEBUG Engine               - soundMenuPress: menu/press.wav
14:07:31.687 [FXGL Background Thread 3 ] DEBUG Engine               - soundMenuSelect: menu/select.wav
14:07:31.687 [FXGL Background Thread 3 ] DEBUG Engine               - soundNotification: core/notification.wav
14:07:31.687 [FXGL Background Thread 3 ] DEBUG Engine               - stageStyle: DECORATED
14:07:31.687 [FXGL Background Thread 3 ] DEBUG Engine               - supportedLanguages: [ENGLISH, FRENCH, GERMAN, HUNGARIAN, RUSSIAN]
14:07:31.687 [FXGL Background Thread 3 ] DEBUG Engine               - ticksPerSecond: -1
14:07:31.687 [FXGL Background Thread 3 ] DEBUG Engine               - title: Untitled
14:07:31.687 [FXGL Background Thread 3 ] DEBUG Engine               - urlGithub: https://github.com/AlmasB/FXGL
14:07:31.687 [FXGL Background Thread 3 ] DEBUG Engine               - urlLeaderboard: http://fxgl-top.herokuapp.com/
14:07:31.687 [FXGL Background Thread 3 ] DEBUG Engine               - urlPOM: https://raw.githubusercontent.com/AlmasB/FXGL/release/README.md
14:07:31.687 [FXGL Background Thread 3 ] DEBUG Engine               - userAppClass: class org.example.Main
14:07:31.687 [FXGL Background Thread 3 ] DEBUG Engine               - version: 0.0
14:07:31.687 [FXGL Background Thread 3 ] DEBUG Engine               - versionCheckDays: 7
14:07:31.688 [FXGL Background Thread 3 ] DEBUG Engine               - width: 1050
14:07:31.688 [FXGL Background Thread 3 ] DEBUG Engine               - Logging services
14:07:31.688 [FXGL Background Thread 3 ] DEBUG Engine               - class com.almasb.fxgl.app.services.FXGLAssetLoaderService
14:07:31.688 [FXGL Background Thread 3 ] DEBUG Engine               - class com.almasb.fxgl.app.FXGLApplication$GameApplicationService
14:07:31.688 [FXGL Background Thread 3 ] DEBUG Engine               - class com.almasb.fxgl.app.services.FXGLDialogService
14:07:31.688 [FXGL Background Thread 3 ] DEBUG Engine               - class com.almasb.fxgl.app.services.IOTaskExecutorService
14:07:31.688 [FXGL Background Thread 3 ] DEBUG Engine               - class com.almasb.fxgl.io.FileSystemService
14:07:31.688 [FXGL Background Thread 3 ] DEBUG Engine               - class com.almasb.fxgl.localization.LocalizationService
14:07:31.688 [FXGL Background Thread 3 ] DEBUG Engine               - class com.almasb.fxgl.app.services.SystemBundleService
14:07:31.688 [FXGL Background Thread 3 ] DEBUG Engine               - class com.almasb.fxgl.profile.SaveLoadService
14:07:31.688 [FXGL Background Thread 3 ] DEBUG Engine               - class com.almasb.fxgl.ui.FXGLUIFactoryServiceProvider
14:07:31.688 [FXGL Background Thread 3 ] DEBUG Engine               - class com.almasb.fxgl.ui.FXGLDialogFactoryServiceProvider
14:07:31.688 [FXGL Background Thread 3 ] DEBUG Engine               - class com.almasb.fxgl.audio.AudioPlayer
14:07:31.688 [FXGL Background Thread 3 ] DEBUG Engine               - class com.almasb.fxgl.notification.impl.NotificationServiceProvider
14:07:31.688 [FXGL Background Thread 3 ] DEBUG Engine               - class com.almasb.fxgl.achievement.AchievementService
14:07:31.688 [FXGL Background Thread 3 ] DEBUG Engine               - class com.almasb.fxgl.cutscene.CutsceneService
14:07:31.688 [FXGL Background Thread 3 ] DEBUG Engine               - class com.almasb.fxgl.minigames.MiniGameService
14:07:31.688 [FXGL Background Thread 3 ] DEBUG Engine               - class com.almasb.fxgl.net.NetService
14:07:31.689 [FXGL Background Thread 3 ] DEBUG Engine               - class com.almasb.fxgl.app.services.UpdaterService
14:07:31.689 [FXGL Background Thread 3 ] DEBUG Engine               - class com.almasb.fxgl.dev.DevService
14:07:32.083 [JavaFX Application Thread] DEBUG FXGLAssetLoaderServi - Loading from file system: file:/C:/Users/nykum/OneDrive/Área%20de%20Trabalho/The-Fallen-Piolin/Game/target/classes/assets/textures/normal_feather.png
14:07:32.085 [JavaFX Application Thread] DEBUG FXGLAssetLoaderServi - Loading from file system: file:/C:/Users/nykum/OneDrive/Área%20de%20Trabalho/The-Fallen-Piolin/Game/target/classes/assets/sounds/paper.wav
14:07:34.738 [JavaFX Application Thread] DEBUG FXGLAssetLoaderServi - Loading from file system: file:/C:/Users/nykum/OneDrive/Área%20de%20Trabalho/The-Fallen-Piolin/Game/target/classes/assets/sounds/fogo.wav
14:07:34.742 [JavaFX Application Thread] DEBUG FXGLAssetLoaderServi - Loading from file system: file:/C:/Users/nykum/OneDrive/Área%20de%20Trabalho/The-Fallen-Piolin/Game/target/classes/assets/sounds/fire_launcher.wav
14:07:37.150 [JavaFX Application Thread] DEBUG FXGLAssetLoaderServi - Loading from file system: file:/C:/Users/nykum/OneDrive/Área%20de%20Trabalho/The-Fallen-Piolin/Game/target/classes/assets/sounds/vaiqueimar.wav
14:07:37.618 [JavaFX Application Thread] DEBUG FXGLAssetLoaderServi - Loading from file system: file:/C:/Users/nykum/OneDrive/Área%20de%20Trabalho/The-Fallen-Piolin/Game/target/classes/assets/textures/waterD.png
14:07:41.919 [JavaFX Application Thread] DEBUG FXGLAssetLoaderServi - Loading from file system: file:/C:/Users/nykum/OneDrive/Área%20de%20Trabalho/The-Fallen-Piolin/Game/target/classes/assets/sounds/water.wav
14:07:42.584 [JavaFX Application Thread] DEBUG FXGLAssetLoaderServi - Loading from file system: file:/C:/Users/nykum/OneDrive/Área%20de%20Trabalho/The-Fallen-Piolin/Game/target/classes/assets/sounds/detenha.wav
14:07:46.984 [JavaFX Application Thread] DEBUG FXGLApplication      - Exiting FXGL
14:07:46.984 [JavaFX Application Thread] DEBUG LoopRunner           - Stopping loop
14:07:46.984 [JavaFX Application Thread] DEBUG SystemBundleService  - Saving FXGL system data
14:07:46.986 [JavaFX Application Thread] DEBUG FileSystemAccess     - Writing to: C:\Users\nykum\OneDrive\Área de Trabalho\The-Fallen-Piolin\Game\system\fxgl.bundle
14:07:46.988 [JavaFX Application Thread] DEBUG Async                - Shutting down background threads
14:07:46.988 [JavaFX Application Thread] DEBUG PrimaryStageWindow   - Closing main window
14:07:46.998 [JavaFX Application Thread] DEBUG Logger               - Closing Logger
