01:53:03.493 [main                     ] DEBUG Logger               - Configured Logger
01:53:03.514 [main                     ] DEBUG GameApplication      - Logging settings
Title: Untitled
Version: 0.0
Width: 1050
Height: 700
Fullscreen: false
Intro: false
Profiling: false
Single step:false
App Mode: DEVELOPER
Menu Key: ESCAPE
Stage Style: DECORATED
Scene Factory: class org.example.Main$1

01:53:03.921 [JavaFX Application Thread] DEBUG FXGLApplication      - Initializing FXGL
01:53:03.926 [JavaFX Application Thread] INFO  Engine               - FXGL-21 (28.12.2023 13.35) on WINDOWS (J:21.0.3 FX:21.0.1)
01:53:03.927 [JavaFX Application Thread] DEBUG Engine               - JRE Vendor Name: Oracle Corporation
01:53:03.927 [JavaFX Application Thread] DEBUG Engine               - Running on OS: Windows 11 version 10.0
01:53:03.927 [JavaFX Application Thread] DEBUG Engine               - Architecture: amd64
01:53:03.927 [JavaFX Application Thread] INFO  Engine               - Source code and latest versions at: https://github.com/AlmasB/FXGL
01:53:03.927 [JavaFX Application Thread] INFO  Engine               -       Ask questions and discuss at: https://github.com/AlmasB/FXGL/discussions
01:53:03.927 [JavaFX Application Thread] INFO  Engine               -              Join the FXGL chat at: https://gitter.im/AlmasB/FXGL
01:53:04.054 [JavaFX Application Thread] DEBUG PrimaryStageWindow   - Creating a JavaFX scene
01:53:04.098 [JavaFX Application Thread] DEBUG PrimaryStageWindow   - Target settings size: 1050.0 x 700.0
01:53:04.099 [JavaFX Application Thread] DEBUG PrimaryStageWindow   - Scaled scene size:    1050.0 x 700.0
01:53:04.099 [JavaFX Application Thread] DEBUG PrimaryStageWindow   - Scaled ratio: (1.0, 1.0)
01:53:04.101 [JavaFX Application Thread] DEBUG PrimaryStageWindow   - Set initial scene to FXGLStartupScene
01:53:04.105 [JavaFX Application Thread] DEBUG PrimaryStageWindow   - Opening main window
01:53:04.175 [JavaFX Application Thread] DEBUG PrimaryStageWindow   - Window border size: (16.0, 39.0)
01:53:04.176 [JavaFX Application Thread] DEBUG PrimaryStageWindow   - Scaled size: 1050.0 x 700.0
01:53:04.176 [JavaFX Application Thread] DEBUG PrimaryStageWindow   - Scaled ratio: (1.0, 1.0)
01:53:04.176 [JavaFX Application Thread] DEBUG PrimaryStageWindow   - Scene size: 1050.0 x 700.0
01:53:04.176 [JavaFX Application Thread] DEBUG PrimaryStageWindow   - Stage size: 1066.0 x 739.0
01:53:04.183 [FXGL Background Thread 1 ] DEBUG Engine               - Initializing environment variables
01:53:04.240 [FXGL Background Thread 1 ] DEBUG FXGLAssetLoaderServi - User app class for loading assets: class org.example.Main
01:53:04.240 [FXGL Background Thread 1 ] DEBUG GameApplicationServi - Applying CSS: fxgl_dark.css
01:53:04.241 [FXGL Background Thread 1 ] DEBUG FXGLAssetLoaderServi - Loading from file system: jar:file:/C:/Users/nykum/OneDrive/%c3%81rea%20de%20Trabalho/The-Fallen-Piolin-%20CODING/Game/target/The%20Fallen%20Piolin.jar!/fxglassets/ui/css/fxgl_dark.css
01:53:04.285 [FXGL Background Thread 1 ] DEBUG GameApplicationServi - Initializing application scenes
01:53:04.449 [FXGL Background Thread 1 ] WARN  FXGLAssetLoaderServi - Asset "/assets/textures/player.png" was not found!
01:53:04.450 [FXGL Background Thread 1 ] WARN  FXGLAssetLoaderServi - Failed to load IMAGE
01:53:04.481 [FXGL Background Thread 1 ] DEBUG GameWorld            - Game world initialized
01:53:04.524 [FXGL Background Thread 1 ] DEBUG PhysicsWorld         - Physics world initialized: appHeight=700, physics.ppm=50,0
01:53:04.524 [FXGL Background Thread 1 ] DEBUG PhysicsWorld         - Using strategy: BRUTE_FORCE
01:53:04.527 [FXGL Background Thread 1 ] DEBUG GameScene            - Game scene initialized: 1050x700
01:53:04.535 [FXGL Background Thread 1 ] DEBUG FXGL.DefaultMenu     - createMenuBodyGameMenu()
01:53:04.555 [FXGL Background Thread 1 ] DEBUG FXGL.DefaultMenu     - createOptionsMenu()
01:53:04.563 [FXGL Background Thread 1 ] DEBUG FXGLAssetLoaderServi - Loading from file system: jar:file:/C:/Users/nykum/OneDrive/%c3%81rea%20de%20Trabalho/The-Fallen-Piolin-%20CODING/Game/target/The%20Fallen%20Piolin.jar!/fxglassets/textures/particles/smoke.png
01:53:04.668 [FXGL Background Thread 1 ] DEBUG FXGLAssetLoaderServi - Loading from file system: jar:file:/C:/Users/nykum/OneDrive/%c3%81rea%20de%20Trabalho/The-Fallen-Piolin-%20CODING/Game/target/The%20Fallen%20Piolin.jar!/fxglassets/textures/particles/trace_horizontal.png
01:53:04.735 [FXGL Background Thread 1 ] DEBUG GameApplicationServi - Application scenes initialized
01:53:04.752 [FXGL Background Thread 1 ] DEBUG SystemBundleService  - Loading FXGL system data
01:53:04.758 [FXGL Background Thread 1 ] DEBUG FileSystemAccess     - Reading from: C:\Users\nykum\OneDrive\Área de Trabalho\The-Fallen-Piolin- CODING\Game\target\system\fxgl.bundle
01:53:04.771 [FXGL Background Thread 1 ] DEBUG SystemBundleService  - Bundle FXGL: {}
01:53:04.771 [FXGL Background Thread 1 ] DEBUG UpdaterService       - Checking for updates
01:53:04.799 [FXGL Background Thread 4 ] DEBUG FXGLApplication      - Loading fonts
01:53:04.800 [FXGL Background Thread 4 ] DEBUG FXGLAssetLoaderServi - Loading from file system: jar:file:/C:/Users/nykum/OneDrive/%c3%81rea%20de%20Trabalho/The-Fallen-Piolin-%20CODING/Game/target/The%20Fallen%20Piolin.jar!/fxglassets/ui/fonts/VarelaRound-Regular.ttf
01:53:04.800 [FXGL Background Thread 1 ] DEBUG FXGLApplication      - Loading default localization
01:53:04.801 [FXGL Background Thread 1 ] DEBUG FXGLAssetLoaderServi - Loading from file system: jar:file:/C:/Users/nykum/OneDrive/%c3%81rea%20de%20Trabalho/The-Fallen-Piolin-%20CODING/Game/target/The%20Fallen%20Piolin.jar!/fxglassets/languages/english.lang
01:53:04.831 [FXGL Background Thread 1 ] INFO  FXGLApplication      - FXGL initialization took: 0,648 sec
01:53:04.832 [FXGL Background Thread 4 ] DEBUG FXGLAssetLoaderServi - Loading from file system: jar:file:/C:/Users/nykum/OneDrive/%c3%81rea%20de%20Trabalho/The-Fallen-Piolin-%20CODING/Game/target/The%20Fallen%20Piolin.jar!/fxglassets/ui/fonts/Abel-Regular.ttf
01:53:04.836 [FXGL Background Thread 4 ] DEBUG FXGLAssetLoaderServi - Loading from file system: jar:file:/C:/Users/nykum/OneDrive/%c3%81rea%20de%20Trabalho/The-Fallen-Piolin-%20CODING/Game/target/The%20Fallen%20Piolin.jar!/fxglassets/ui/fonts/TerminalLandMono-Regular.otf
01:53:04.839 [FXGL Background Thread 4 ] DEBUG FXGLAssetLoaderServi - Loading from file system: jar:file:/C:/Users/nykum/OneDrive/%c3%81rea%20de%20Trabalho/The-Fallen-Piolin-%20CODING/Game/target/The%20Fallen%20Piolin.jar!/fxglassets/ui/fonts/Courier-Prime.ttf
01:53:04.844 [JavaFX Application Thread] DEBUG Input                - Registered new binding: Left - A
01:53:04.845 [JavaFX Application Thread] DEBUG Input                - Registered new binding: Right - D
01:53:04.845 [JavaFX Application Thread] DEBUG Input                - Registered new binding: Jump - W
01:53:04.846 [JavaFX Application Thread] DEBUG Input                - Registered new binding: Disparar pena - LMB
01:53:04.847 [JavaFX Application Thread] DEBUG Input                - Registered new binding: Disparar água - RMB
01:53:04.847 [JavaFX Application Thread] DEBUG Input                - Registered new binding: PAUSE - F
01:53:04.847 [JavaFX Application Thread] DEBUG Input                - Registered new binding: RESUME - G
01:53:04.847 [JavaFX Application Thread] DEBUG Input                - Registered new binding: Move espalha lixo para a esquerda! - J
01:53:04.847 [JavaFX Application Thread] DEBUG Input                - Registered new binding: Move espalha lixo para a direita! - K
01:53:04.847 [JavaFX Application Thread] DEBUG Input                - Registered new binding: Disparar com Espalha Lixo - L
01:53:04.847 [JavaFX Application Thread] DEBUG FXGLAssetLoaderServi - Loading from file system: jar:file:/C:/Users/nykum/OneDrive/%c3%81rea%20de%20Trabalho/The-Fallen-Piolin-%20CODING/Game/target/The%20Fallen%20Piolin.jar!/assets/music/backsound.wav
01:53:04.956 [JavaFX Application Thread] DEBUG AudioPlayer          - Playing music com.almasb.fxgl.audio.Music@14973ff6
01:53:04.956 [JavaFX Application Thread] DEBUG FXGLAssetLoaderServi - Loading from file system: jar:file:/C:/Users/nykum/OneDrive/%c3%81rea%20de%20Trabalho/The-Fallen-Piolin-%20CODING/Game/target/The%20Fallen%20Piolin.jar!/fxglassets/textures/fxgl_icon.png
01:53:04.976 [JavaFX Application Thread] DEBUG FXGLAssetLoaderServi - Loading from file system: jar:file:/C:/Users/nykum/OneDrive/%c3%81rea%20de%20Trabalho/The-Fallen-Piolin-%20CODING/Game/target/The%20Fallen%20Piolin.jar!/fxglassets/textures/fxgl_default_cursor.png
01:53:04.980 [JavaFX Application Thread] DEBUG Input                - Registered new binding: Screenshot - CTRL+8
01:53:04.980 [JavaFX Application Thread] DEBUG Input                - Registered new binding: Dev Options - 1
01:53:04.981 [JavaFX Application Thread] DEBUG Input                - Registered new binding: Dev Console - 2
01:53:04.981 [JavaFX Application Thread] DEBUG Input                - Registered new binding: System info dump - CTRL+9
01:53:04.981 [JavaFX Application Thread] DEBUG Input                - Registered new binding: Restart - CTRL+R
01:53:04.982 [JavaFX Application Thread] DEBUG Input                - Registered new binding: Toggle Debug Camera - CTRL+7
01:53:04.984 [JavaFX Application Thread] DEBUG LoopRunner           - Starting loop
01:53:04.996 [JavaFX Application Thread] DEBUG LoopRunner           - Initializing JavaFX AnimationTimerLoop
01:53:04.997 [JavaFX Application Thread] DEBUG GameApplicationServi - Starting new game
01:53:04.997 [JavaFX Application Thread] DEBUG Input                - Clearing active input actions
01:53:05.008 [JavaFX Application Thread] DEBUG GameApplicationServi - Removing overlay from FXGLStartupScene and adding to MainLoadingScene
01:53:05.011 [JavaFX Application Thread] DEBUG PrimaryStageWindow   - FXGLStartupScene -> MainLoadingScene
01:53:05.011 [JavaFX Application Thread] DEBUG GameApplicationServi - Clearing previous game
01:53:05.011 [JavaFX Application Thread] DEBUG GameScene            - Clearing game scene
01:53:05.011 [JavaFX Application Thread] DEBUG GameWorld            - Clearing game world
01:53:05.011 [JavaFX Application Thread] DEBUG PhysicsWorld         - Clearing physics world
01:53:05.012 [FXGL Background Thread 4 ] DEBUG FXGLApplication      - Initializing game
01:53:05.013 [FXGL Background Thread 4 ] DEBUG FXGLAssetLoaderServi - Loading from file system: jar:file:/C:/Users/nykum/OneDrive/%c3%81rea%20de%20Trabalho/The-Fallen-Piolin-%20CODING/Game/target/The%20Fallen%20Piolin.jar!/assets/sounds/detenha.wav
01:53:05.014 [JavaFX Application Thread] DEBUG FXGLApplication      - Registering font factories with UI factory
01:53:05.032 [FXGL Background Thread 4 ] DEBUG FXGLAssetLoaderServi - Loading from file system: jar:file:/C:/Users/nykum/OneDrive/%c3%81rea%20de%20Trabalho/The-Fallen-Piolin-%20CODING/Game/target/The%20Fallen%20Piolin.jar!/assets/textures/background/forest.png
01:53:05.178 [FXGL Background Thread 4 ] WARN  TMXLevelLoader       - TiledMap generated from 1.10.2. Supported version: 1.9.0. Some features may not be parsed fully.
01:53:05.233 [FXGL Background Thread 4 ] DEBUG TMXLevelLoader       - Parsed TiledMap: jar:file:/C:/Users/nykum/OneDrive/%c3%81rea%20de%20Trabalho/The-Fallen-Piolin-%20CODING/Game/target/The%20Fallen%20Piolin.jar!/assets/levels/tmx/map-remastered8.tmx
01:53:05.234 [FXGL Background Thread 4 ] DEBUG TMXLevelLoader       - Creating tile layer entities
01:53:05.238 [FXGL Background Thread 4 ] DEBUG TilesetLoader        - Loading view for layer lower-down-above
01:53:05.240 [FXGL Background Thread 4 ] DEBUG TilesetLoader        - Created buffer with size 2560.0x800.0
01:53:05.261 [FXGL Background Thread 4 ] DEBUG TilesetLoader        - Loading view for layer end
01:53:05.266 [FXGL Background Thread 4 ] DEBUG TilesetLoader        - Created buffer with size 2560.0x800.0
01:53:05.268 [FXGL Background Thread 4 ] DEBUG TilesetLoader        - Loading view for layer middle
01:53:05.272 [FXGL Background Thread 4 ] DEBUG TilesetLoader        - Created buffer with size 2560.0x800.0
01:53:05.275 [FXGL Background Thread 4 ] DEBUG TilesetLoader        - Loading view for layer first
01:53:05.279 [FXGL Background Thread 4 ] DEBUG TilesetLoader        - Created buffer with size 2560.0x800.0
01:53:05.283 [FXGL Background Thread 4 ] DEBUG TilesetLoader        - Loading view for layer last
01:53:05.286 [FXGL Background Thread 4 ] DEBUG TilesetLoader        - Created buffer with size 2560.0x800.0
01:53:05.288 [FXGL Background Thread 4 ] DEBUG TilesetLoader        - Loading view for layer trees to burn
01:53:05.293 [FXGL Background Thread 4 ] DEBUG TilesetLoader        - Created buffer with size 2560.0x800.0
01:53:05.296 [FXGL Background Thread 4 ] DEBUG TilesetLoader        - Loading view for layer front-one-more
01:53:05.308 [FXGL Background Thread 4 ] DEBUG TilesetLoader        - Created buffer with size 2560.0x800.0
01:53:05.309 [FXGL Background Thread 4 ] DEBUG TMXLevelLoader       - Creating object layer entities
01:53:05.343 [FXGL Background Thread 4 ] DEBUG GameWorld            - Clearing removable entities
01:53:05.344 [FXGL Background Thread 4 ] DEBUG GameWorld            - Setting level: com.almasb.fxgl.entity.level.Level@125a3aa0
01:53:05.353 [FXGL Background Thread 4 ] DEBUG FXGLAssetLoaderServi - Loading from file system: jar:file:/C:/Users/nykum/OneDrive/%c3%81rea%20de%20Trabalho/The-Fallen-Piolin-%20CODING/Game/target/The%20Fallen%20Piolin.jar!/assets/textures/walk_piolin1-Sheet.png
01:53:05.364 [FXGL Background Thread 4 ] DEBUG FXGLAssetLoaderServi - Loading from file system: jar:file:/C:/Users/nykum/OneDrive/%c3%81rea%20de%20Trabalho/The-Fallen-Piolin-%20CODING/Game/target/The%20Fallen%20Piolin.jar!/assets/textures/whole-espalha-lixot.png
01:53:05.369 [FXGL Background Thread 4 ] INFO  FXGLApplication      - Game initialization took: 0,356 sec
01:53:05.370 [JavaFX Application Thread] DEBUG Input                - Clearing active input actions
01:53:05.378 [JavaFX Application Thread] DEBUG GameApplicationServi - Removing overlay from MainLoadingScene and adding to GameScene
01:53:05.382 [JavaFX Application Thread] DEBUG PrimaryStageWindow   - MainLoadingScene -> GameScene
01:53:05.593 [FXGL Background Thread 2 ] INFO  UpdaterService       - Your current version:  21
01:53:05.593 [FXGL Background Thread 2 ] INFO  UpdaterService       - Latest stable version: 21.1
01:53:05.988 [JavaFX Application Thread] DEBUG FXGLAssetLoaderServi - Loading from file system: jar:file:/C:/Users/nykum/OneDrive/%c3%81rea%20de%20Trabalho/The-Fallen-Piolin-%20CODING/Game/target/The%20Fallen%20Piolin.jar!/assets/textures/tiro_de_fogo.png
01:53:07.189 [JavaFX Application Thread] DEBUG FXGLAssetLoaderServi - Loading from file system: jar:file:/C:/Users/nykum/OneDrive/%c3%81rea%20de%20Trabalho/The-Fallen-Piolin-%20CODING/Game/target/The%20Fallen%20Piolin.jar!/assets/sounds/fire_launcher.wav
01:53:07.790 [JavaFX Application Thread] DEBUG FXGLAssetLoaderServi - Loading from file system: jar:file:/C:/Users/nykum/OneDrive/%c3%81rea%20de%20Trabalho/The-Fallen-Piolin-%20CODING/Game/target/The%20Fallen%20Piolin.jar!/assets/sounds/fogo.wav
01:53:07.798 [FXGL Background Thread 3 ] DEBUG Engine               - Logging environment variables
01:53:07.798 [FXGL Background Thread 3 ] DEBUG Engine               - achievements: []
01:53:07.798 [FXGL Background Thread 3 ] DEBUG Engine               - actualHeight: 700.0
01:53:07.798 [FXGL Background Thread 3 ] DEBUG Engine               - actualHeightProperty: ReadOnlyDoubleProperty [value: 700.0]
01:53:07.799 [FXGL Background Thread 3 ] DEBUG Engine               - actualWidth: 1050.0
01:53:07.799 [FXGL Background Thread 3 ] DEBUG Engine               - actualWidthProperty: ReadOnlyDoubleProperty [value: 1050.0]
01:53:07.799 [FXGL Background Thread 3 ] DEBUG Engine               - appIcon: fxgl_icon.png
01:53:07.799 [FXGL Background Thread 3 ] DEBUG Engine               - applicationMode: DEVELOPER
01:53:07.799 [FXGL Background Thread 3 ] DEBUG Engine               - cSSList: [fxgl_dark.css]
01:53:07.799 [FXGL Background Thread 3 ] DEBUG Engine               - collisionDetectionStrategy: BRUTE_FORCE
01:53:07.799 [FXGL Background Thread 3 ] DEBUG Engine               - configClass: Optional.empty
01:53:07.799 [FXGL Background Thread 3 ] DEBUG Engine               - credits: []
01:53:07.799 [FXGL Background Thread 3 ] DEBUG Engine               - defaultCursor: CursorInfo(imageName=fxgl_default_cursor.png, hotspotX=7.0, hotspotY=6.0)
01:53:07.800 [FXGL Background Thread 3 ] DEBUG Engine               - devBBoxColorProperty: ObjectProperty [value: 0xff0000ff]
01:53:07.800 [FXGL Background Thread 3 ] DEBUG Engine               - devEnableDebugCameraProperty: BooleanProperty [value: false]
01:53:07.800 [FXGL Background Thread 3 ] DEBUG Engine               - devSensorColorProperty: ObjectProperty [value: 0xffff00ff]
01:53:07.800 [FXGL Background Thread 3 ] DEBUG Engine               - devShowBBoxProperty: BooleanProperty [value: false]
01:53:07.800 [FXGL Background Thread 3 ] DEBUG Engine               - devShowPositionProperty: BooleanProperty [value: false]
01:53:07.800 [FXGL Background Thread 3 ] DEBUG Engine               - enabledMenuItems: []
01:53:07.800 [FXGL Background Thread 3 ] DEBUG Engine               - engineServices: [class com.almasb.fxgl.app.services.FXGLAssetLoaderService, class com.almasb.fxgl.app.FXGLApplication$GameApplicationService, class com.almasb.fxgl.app.services.FXGLDialogService, class com.almasb.fxgl.app.services.IOTaskExecutorService, class com.almasb.fxgl.io.FileSystemService, class com.almasb.fxgl.localization.LocalizationService, class com.almasb.fxgl.app.services.SystemBundleService, class com.almasb.fxgl.profile.SaveLoadService, class com.almasb.fxgl.ui.FXGLUIFactoryServiceProvider, class com.almasb.fxgl.ui.FXGLDialogFactoryServiceProvider, class com.almasb.fxgl.audio.AudioPlayer, class com.almasb.fxgl.notification.impl.NotificationServiceProvider, class com.almasb.fxgl.achievement.AchievementService, class com.almasb.fxgl.cutscene.CutsceneService, class com.almasb.fxgl.minigames.MiniGameService, class com.almasb.fxgl.net.NetService, class com.almasb.fxgl.app.services.UpdaterService, class com.almasb.fxgl.dev.DevService]
01:53:07.800 [FXGL Background Thread 3 ] DEBUG Engine               - fontGame: Abel-Regular.ttf
01:53:07.800 [FXGL Background Thread 3 ] DEBUG Engine               - fontMono: TerminalLandMono-Regular.otf
01:53:07.801 [FXGL Background Thread 3 ] DEBUG Engine               - fontSizeScaleUI: 1.0
01:53:07.802 [FXGL Background Thread 3 ] DEBUG Engine               - fontText: Courier-Prime.ttf
01:53:07.802 [FXGL Background Thread 3 ] DEBUG Engine               - fontUI: VarelaRound-Regular.ttf
01:53:07.802 [FXGL Background Thread 3 ] DEBUG Engine               - fullScreen: BooleanProperty [value: false]
01:53:07.802 [FXGL Background Thread 3 ] DEBUG Engine               - gameDifficulty: MEDIUM
01:53:07.802 [FXGL Background Thread 3 ] DEBUG Engine               - gameDifficultyProperty: ObjectProperty [value: MEDIUM]
01:53:07.803 [FXGL Background Thread 3 ] DEBUG Engine               - globalMusicVolume: 0.5
01:53:07.803 [FXGL Background Thread 3 ] DEBUG Engine               - globalMusicVolumeProperty: DoubleProperty [value: 0.2]
01:53:07.803 [FXGL Background Thread 3 ] DEBUG Engine               - globalSoundVolume: 0.5
01:53:07.803 [FXGL Background Thread 3 ] DEBUG Engine               - globalSoundVolumeProperty: DoubleProperty [value: 0.5]
01:53:07.803 [FXGL Background Thread 3 ] DEBUG Engine               - height: 700
01:53:07.803 [FXGL Background Thread 3 ] DEBUG Engine               - is3D: false
01:53:07.803 [FXGL Background Thread 3 ] DEBUG Engine               - isAndroid: false
01:53:07.803 [FXGL Background Thread 3 ] DEBUG Engine               - isBrowser: false
01:53:07.803 [FXGL Background Thread 3 ] DEBUG Engine               - isClickFeedbackEnabled: false
01:53:07.803 [FXGL Background Thread 3 ] DEBUG Engine               - isCloseConfirmation: false
01:53:07.803 [FXGL Background Thread 3 ] DEBUG Engine               - isDesktop: true
01:53:07.803 [FXGL Background Thread 3 ] DEBUG Engine               - isDeveloperMenuEnabled: true
01:53:07.803 [FXGL Background Thread 3 ] DEBUG Engine               - isEmbedded: false
01:53:07.803 [FXGL Background Thread 3 ] DEBUG Engine               - isEntityPreloadEnabled: true
01:53:07.803 [FXGL Background Thread 3 ] DEBUG Engine               - isExperimentalTiledLargeMap: false
01:53:07.803 [FXGL Background Thread 3 ] DEBUG Engine               - isFileSystemWriteAllowed: true
01:53:07.805 [FXGL Background Thread 3 ] DEBUG Engine               - isFullScreenAllowed: false
01:53:07.805 [FXGL Background Thread 3 ] DEBUG Engine               - isFullScreenFromStart: false
01:53:07.805 [FXGL Background Thread 3 ] DEBUG Engine               - isGameMenuEnabled: true
01:53:07.805 [FXGL Background Thread 3 ] DEBUG Engine               - isIOS: false
01:53:07.805 [FXGL Background Thread 3 ] DEBUG Engine               - isIntroEnabled: false
01:53:07.805 [FXGL Background Thread 3 ] DEBUG Engine               - isLinux: false
01:53:07.805 [FXGL Background Thread 3 ] DEBUG Engine               - isMac: false
01:53:07.805 [FXGL Background Thread 3 ] DEBUG Engine               - isMainMenuEnabled: false
01:53:07.805 [FXGL Background Thread 3 ] DEBUG Engine               - isManualResizeEnabled: false
01:53:07.805 [FXGL Background Thread 3 ] DEBUG Engine               - isMobile: false
01:53:07.805 [FXGL Background Thread 3 ] DEBUG Engine               - isNative: false
01:53:07.805 [FXGL Background Thread 3 ] DEBUG Engine               - isPauseMusicWhenMinimized: true
01:53:07.805 [FXGL Background Thread 3 ] DEBUG Engine               - isPreserveResizeRatio: false
01:53:07.806 [FXGL Background Thread 3 ] DEBUG Engine               - isProfilingEnabled: false
01:53:07.806 [FXGL Background Thread 3 ] DEBUG Engine               - isScaleAffectedOnResize: true
01:53:07.806 [FXGL Background Thread 3 ] DEBUG Engine               - isSingleStep: false
01:53:07.806 [FXGL Background Thread 3 ] DEBUG Engine               - isUserProfileEnabled: false
01:53:07.806 [FXGL Background Thread 3 ] DEBUG Engine               - isWindows: true
01:53:07.806 [FXGL Background Thread 3 ] DEBUG Engine               - language: ObjectProperty [value: ENGLISH]
01:53:07.806 [FXGL Background Thread 3 ] DEBUG Engine               - menuKey: ESCAPE
01:53:07.806 [FXGL Background Thread 3 ] DEBUG Engine               - mouseSensitivity: 0.2
01:53:07.807 [FXGL Background Thread 3 ] DEBUG Engine               - notificationViewClass: class com.almasb.fxgl.notification.view.XboxNotificationView
01:53:07.807 [FXGL Background Thread 3 ] DEBUG Engine               - pixelsPerMeter: 50.0
01:53:07.807 [FXGL Background Thread 3 ] DEBUG Engine               - platform: WINDOWS
01:53:07.807 [FXGL Background Thread 3 ] DEBUG Engine               - prefHeightProperty: ReadOnlyDoubleProperty [value: 700.0]
01:53:07.807 [FXGL Background Thread 3 ] DEBUG Engine               - prefWidthProperty: ReadOnlyDoubleProperty [value: 1050.0]
01:53:07.807 [FXGL Background Thread 3 ] DEBUG Engine               - profileDir: profiles/
01:53:07.807 [FXGL Background Thread 3 ] DEBUG Engine               - profileName: StringProperty [value: DEFAULT]
01:53:07.807 [FXGL Background Thread 3 ] DEBUG Engine               - randomSeed: -1
01:53:07.808 [FXGL Background Thread 3 ] DEBUG Engine               - runtimeInfo: RuntimeInfo(platform=WINDOWS, version=21, build=28.12.2023 13.35)
01:53:07.808 [FXGL Background Thread 3 ] DEBUG Engine               - saveFileExt: sav
01:53:07.808 [FXGL Background Thread 3 ] DEBUG Engine               - scaledHeightProp$fxgl: DoubleProperty [bound, value: 700.0]
01:53:07.808 [FXGL Background Thread 3 ] DEBUG Engine               - scaledWidthProp$fxgl: DoubleProperty [bound, value: 1050.0]
01:53:07.808 [FXGL Background Thread 3 ] DEBUG Engine               - sceneFactory: org.example.Main$1@2207865a
01:53:07.808 [FXGL Background Thread 3 ] DEBUG Engine               - secondsIn24h: 60
01:53:07.808 [FXGL Background Thread 3 ] DEBUG Engine               - soundMenuBack: menu/back.wav
01:53:07.809 [FXGL Background Thread 3 ] DEBUG Engine               - soundMenuPress: menu/press.wav
01:53:07.809 [FXGL Background Thread 3 ] DEBUG Engine               - soundMenuSelect: menu/select.wav
01:53:07.809 [FXGL Background Thread 3 ] DEBUG Engine               - soundNotification: core/notification.wav
01:53:07.809 [FXGL Background Thread 3 ] DEBUG Engine               - stageStyle: DECORATED
01:53:07.809 [FXGL Background Thread 3 ] DEBUG Engine               - supportedLanguages: [ENGLISH, FRENCH, GERMAN, HUNGARIAN, RUSSIAN]
01:53:07.809 [FXGL Background Thread 3 ] DEBUG Engine               - ticksPerSecond: -1
01:53:07.809 [FXGL Background Thread 3 ] DEBUG Engine               - title: Untitled
01:53:07.809 [FXGL Background Thread 3 ] DEBUG Engine               - urlGithub: https://github.com/AlmasB/FXGL
01:53:07.809 [FXGL Background Thread 3 ] DEBUG Engine               - urlLeaderboard: http://fxgl-top.herokuapp.com/
01:53:07.809 [FXGL Background Thread 3 ] DEBUG Engine               - urlPOM: https://raw.githubusercontent.com/AlmasB/FXGL/release/README.md
01:53:07.809 [FXGL Background Thread 3 ] DEBUG Engine               - userAppClass: class org.example.Main
01:53:07.809 [FXGL Background Thread 3 ] DEBUG Engine               - version: 0.0
01:53:07.809 [FXGL Background Thread 3 ] DEBUG Engine               - versionCheckDays: 7
01:53:07.810 [FXGL Background Thread 3 ] DEBUG Engine               - width: 1050
01:53:07.810 [FXGL Background Thread 3 ] DEBUG Engine               - Logging services
01:53:07.810 [FXGL Background Thread 3 ] DEBUG Engine               - class com.almasb.fxgl.app.services.FXGLAssetLoaderService
01:53:07.810 [FXGL Background Thread 3 ] DEBUG Engine               - class com.almasb.fxgl.app.FXGLApplication$GameApplicationService
01:53:07.810 [FXGL Background Thread 3 ] DEBUG Engine               - class com.almasb.fxgl.app.services.FXGLDialogService
01:53:07.810 [FXGL Background Thread 3 ] DEBUG Engine               - class com.almasb.fxgl.app.services.IOTaskExecutorService
01:53:07.810 [FXGL Background Thread 3 ] DEBUG Engine               - class com.almasb.fxgl.io.FileSystemService
01:53:07.810 [FXGL Background Thread 3 ] DEBUG Engine               - class com.almasb.fxgl.localization.LocalizationService
01:53:07.810 [FXGL Background Thread 3 ] DEBUG Engine               - class com.almasb.fxgl.app.services.SystemBundleService
01:53:07.810 [FXGL Background Thread 3 ] DEBUG Engine               - class com.almasb.fxgl.profile.SaveLoadService
01:53:07.810 [FXGL Background Thread 3 ] DEBUG Engine               - class com.almasb.fxgl.ui.FXGLUIFactoryServiceProvider
01:53:07.810 [FXGL Background Thread 3 ] DEBUG Engine               - class com.almasb.fxgl.ui.FXGLDialogFactoryServiceProvider
01:53:07.810 [FXGL Background Thread 3 ] DEBUG Engine               - class com.almasb.fxgl.audio.AudioPlayer
01:53:07.810 [FXGL Background Thread 3 ] DEBUG Engine               - class com.almasb.fxgl.notification.impl.NotificationServiceProvider
01:53:07.810 [FXGL Background Thread 3 ] DEBUG Engine               - class com.almasb.fxgl.achievement.AchievementService
01:53:07.810 [FXGL Background Thread 3 ] DEBUG Engine               - class com.almasb.fxgl.cutscene.CutsceneService
01:53:07.810 [FXGL Background Thread 3 ] DEBUG Engine               - class com.almasb.fxgl.minigames.MiniGameService
01:53:07.811 [FXGL Background Thread 3 ] DEBUG Engine               - class com.almasb.fxgl.net.NetService
01:53:07.811 [FXGL Background Thread 3 ] DEBUG Engine               - class com.almasb.fxgl.app.services.UpdaterService
01:53:07.811 [FXGL Background Thread 3 ] DEBUG Engine               - class com.almasb.fxgl.dev.DevService
01:53:07.937 [JavaFX Application Thread] DEBUG FXGLAssetLoaderServi - Loading from file system: jar:file:/C:/Users/nykum/OneDrive/%c3%81rea%20de%20Trabalho/The-Fallen-Piolin-%20CODING/Game/target/The%20Fallen%20Piolin.jar!/assets/textures/normal_feather.png
01:53:07.938 [JavaFX Application Thread] DEBUG FXGLAssetLoaderServi - Loading from file system: jar:file:/C:/Users/nykum/OneDrive/%c3%81rea%20de%20Trabalho/The-Fallen-Piolin-%20CODING/Game/target/The%20Fallen%20Piolin.jar!/assets/sounds/paper.wav
01:53:08.664 [JavaFX Application Thread] DEBUG FXGLAssetLoaderServi - Loading from file system: jar:file:/C:/Users/nykum/OneDrive/%c3%81rea%20de%20Trabalho/The-Fallen-Piolin-%20CODING/Game/target/The%20Fallen%20Piolin.jar!/assets/textures/waterD.png
01:53:17.036 [JavaFX Application Thread] DEBUG FXGLAssetLoaderServi - Loading from file system: jar:file:/C:/Users/nykum/OneDrive/%c3%81rea%20de%20Trabalho/The-Fallen-Piolin-%20CODING/Game/target/The%20Fallen%20Piolin.jar!/assets/sounds/haha.wav
01:53:17.836 [JavaFX Application Thread] DEBUG FXGLAssetLoaderServi - Loading from file system: jar:file:/C:/Users/nykum/OneDrive/%c3%81rea%20de%20Trabalho/The-Fallen-Piolin-%20CODING/Game/target/The%20Fallen%20Piolin.jar!/assets/sounds/water.wav
01:53:27.681 [JavaFX Application Thread] DEBUG FXGLAssetLoaderServi - Loading from file system: jar:file:/C:/Users/nykum/OneDrive/%c3%81rea%20de%20Trabalho/The-Fallen-Piolin-%20CODING/Game/target/The%20Fallen%20Piolin.jar!/assets/sounds/vaiqueimar.wav
01:53:52.277 [JavaFX Application Thread] DEBUG AudioPlayer          - Pausing music com.almasb.fxgl.audio.Music@14973ff6
01:53:52.277 [JavaFX Application Thread] DEBUG LoopRunner           - Pausing loop
01:53:55.359 [JavaFX Application Thread] DEBUG FXGLApplication      - Exiting FXGL
01:53:55.359 [JavaFX Application Thread] DEBUG LoopRunner           - Stopping loop
01:53:55.359 [JavaFX Application Thread] DEBUG SystemBundleService  - Saving FXGL system data
01:53:55.406 [JavaFX Application Thread] DEBUG FileSystemAccess     - Writing to: C:\Users\nykum\OneDrive\Área de Trabalho\The-Fallen-Piolin- CODING\Game\target\system\fxgl.bundle
01:53:55.408 [JavaFX Application Thread] DEBUG Async                - Shutting down background threads
01:53:55.408 [JavaFX Application Thread] DEBUG PrimaryStageWindow   - Closing main window
01:53:55.418 [JavaFX Application Thread] DEBUG Logger               - Closing Logger
