15:57:14.216 [main                     ] DEBUG Logger               - Configured Logger
15:57:14.240 [main                     ] DEBUG GameApplication      - Logging settings
Title: Untitled
Version: 0.0
Width: 1050
Height: 700
Fullscreen: false
Intro: false
Profiling: false
Single step:false
App Mode: DEVELOPER
Menu Key: ESCAPE
Stage Style: DECORATED
Scene Factory: class org.example.Main$1

15:57:14.650 [JavaFX Application Thread] DEBUG FXGLApplication      - Initializing FXGL
15:57:14.656 [JavaFX Application Thread] INFO  Engine               - FXGL-21 (28.12.2023 13.35) on WINDOWS (J:21.0.3 FX:21.0.1)
15:57:14.656 [JavaFX Application Thread] DEBUG Engine               - JRE Vendor Name: Oracle Corporation
15:57:14.657 [JavaFX Application Thread] DEBUG Engine               - Running on OS: Windows 11 version 10.0
15:57:14.657 [JavaFX Application Thread] DEBUG Engine               - Architecture: amd64
15:57:14.657 [JavaFX Application Thread] INFO  Engine               - Source code and latest versions at: https://github.com/AlmasB/FXGL
15:57:14.657 [JavaFX Application Thread] INFO  Engine               -       Ask questions and discuss at: https://github.com/AlmasB/FXGL/discussions
15:57:14.657 [JavaFX Application Thread] INFO  Engine               -              Join the FXGL chat at: https://gitter.im/AlmasB/FXGL
15:57:14.758 [JavaFX Application Thread] DEBUG PrimaryStageWindow   - Creating a JavaFX scene
15:57:14.797 [JavaFX Application Thread] DEBUG PrimaryStageWindow   - Target settings size: 1050.0 x 700.0
15:57:14.797 [JavaFX Application Thread] DEBUG PrimaryStageWindow   - Scaled scene size:    1050.0 x 700.0
15:57:14.797 [JavaFX Application Thread] DEBUG PrimaryStageWindow   - Scaled ratio: (1.0, 1.0)
15:57:14.799 [JavaFX Application Thread] DEBUG PrimaryStageWindow   - Set initial scene to FXGLStartupScene
15:57:14.804 [JavaFX Application Thread] DEBUG PrimaryStageWindow   - Opening main window
15:57:14.880 [JavaFX Application Thread] DEBUG PrimaryStageWindow   - Window border size: (16.0, 39.0)
15:57:14.880 [JavaFX Application Thread] DEBUG PrimaryStageWindow   - Scaled size: 1050.0 x 700.0
15:57:14.880 [JavaFX Application Thread] DEBUG PrimaryStageWindow   - Scaled ratio: (1.0, 1.0)
15:57:14.880 [JavaFX Application Thread] DEBUG PrimaryStageWindow   - Scene size: 1050.0 x 700.0
15:57:14.881 [JavaFX Application Thread] DEBUG PrimaryStageWindow   - Stage size: 1066.0 x 739.0
15:57:14.887 [FXGL Background Thread 1 ] DEBUG Engine               - Initializing environment variables
15:57:14.945 [FXGL Background Thread 1 ] DEBUG FXGLAssetLoaderServi - User app class for loading assets: class org.example.Main
15:57:14.945 [FXGL Background Thread 1 ] DEBUG GameApplicationServi - Applying CSS: fxgl_dark.css
15:57:14.946 [FXGL Background Thread 1 ] DEBUG FXGLAssetLoaderServi - Loading from file system: jar:file:/C:/Users/nykum/OneDrive/%c3%81rea%20de%20Trabalho/The-Fallen-Piolin/Game/target/testefxgl-1.0-SNAPSHOT.jar!/fxglassets/ui/css/fxgl_dark.css
15:57:14.997 [FXGL Background Thread 1 ] DEBUG GameApplicationServi - Initializing application scenes
15:57:15.162 [FXGL Background Thread 1 ] WARN  FXGLAssetLoaderServi - Asset "/assets/textures/player.png" was not found!
15:57:15.162 [FXGL Background Thread 1 ] WARN  FXGLAssetLoaderServi - Failed to load IMAGE
15:57:15.186 [FXGL Background Thread 1 ] DEBUG GameWorld            - Game world initialized
15:57:15.246 [FXGL Background Thread 1 ] DEBUG PhysicsWorld         - Physics world initialized: appHeight=700, physics.ppm=50,0
15:57:15.247 [FXGL Background Thread 1 ] DEBUG PhysicsWorld         - Using strategy: BRUTE_FORCE
15:57:15.250 [FXGL Background Thread 1 ] DEBUG GameScene            - Game scene initialized: 1050x700
15:57:15.260 [FXGL Background Thread 1 ] DEBUG FXGL.DefaultMenu     - createMenuBodyGameMenu()
15:57:15.284 [FXGL Background Thread 1 ] DEBUG FXGL.DefaultMenu     - createOptionsMenu()
15:57:15.291 [FXGL Background Thread 1 ] DEBUG FXGLAssetLoaderServi - Loading from file system: jar:file:/C:/Users/nykum/OneDrive/%c3%81rea%20de%20Trabalho/The-Fallen-Piolin/Game/target/testefxgl-1.0-SNAPSHOT.jar!/fxglassets/textures/particles/smoke.png
15:57:15.397 [FXGL Background Thread 1 ] DEBUG FXGLAssetLoaderServi - Loading from file system: jar:file:/C:/Users/nykum/OneDrive/%c3%81rea%20de%20Trabalho/The-Fallen-Piolin/Game/target/testefxgl-1.0-SNAPSHOT.jar!/fxglassets/textures/particles/trace_horizontal.png
15:57:15.458 [FXGL Background Thread 1 ] DEBUG GameApplicationServi - Application scenes initialized
15:57:15.474 [FXGL Background Thread 1 ] DEBUG SystemBundleService  - Loading default FXGL system data
15:57:15.474 [FXGL Background Thread 1 ] DEBUG UpdaterService       - Checking for updates
15:57:15.510 [FXGL Background Thread 4 ] DEBUG FXGLApplication      - Loading fonts
15:57:15.511 [FXGL Background Thread 4 ] DEBUG FXGLAssetLoaderServi - Loading from file system: jar:file:/C:/Users/nykum/OneDrive/%c3%81rea%20de%20Trabalho/The-Fallen-Piolin/Game/target/testefxgl-1.0-SNAPSHOT.jar!/fxglassets/ui/fonts/VarelaRound-Regular.ttf
15:57:15.511 [FXGL Background Thread 1 ] DEBUG FXGLApplication      - Loading default localization
15:57:15.511 [FXGL Background Thread 1 ] DEBUG FXGLAssetLoaderServi - Loading from file system: jar:file:/C:/Users/nykum/OneDrive/%c3%81rea%20de%20Trabalho/The-Fallen-Piolin/Game/target/testefxgl-1.0-SNAPSHOT.jar!/fxglassets/languages/english.lang
15:57:15.541 [FXGL Background Thread 1 ] INFO  FXGLApplication      - FXGL initialization took: 0,654 sec
15:57:15.541 [FXGL Background Thread 4 ] DEBUG FXGLAssetLoaderServi - Loading from file system: jar:file:/C:/Users/nykum/OneDrive/%c3%81rea%20de%20Trabalho/The-Fallen-Piolin/Game/target/testefxgl-1.0-SNAPSHOT.jar!/fxglassets/ui/fonts/Abel-Regular.ttf
15:57:15.545 [FXGL Background Thread 4 ] DEBUG FXGLAssetLoaderServi - Loading from file system: jar:file:/C:/Users/nykum/OneDrive/%c3%81rea%20de%20Trabalho/The-Fallen-Piolin/Game/target/testefxgl-1.0-SNAPSHOT.jar!/fxglassets/ui/fonts/TerminalLandMono-Regular.otf
15:57:15.548 [FXGL Background Thread 4 ] DEBUG FXGLAssetLoaderServi - Loading from file system: jar:file:/C:/Users/nykum/OneDrive/%c3%81rea%20de%20Trabalho/The-Fallen-Piolin/Game/target/testefxgl-1.0-SNAPSHOT.jar!/fxglassets/ui/fonts/Courier-Prime.ttf
15:57:15.554 [JavaFX Application Thread] DEBUG Input                - Registered new binding: Left - A
15:57:15.555 [JavaFX Application Thread] DEBUG Input                - Registered new binding: Right - D
15:57:15.555 [JavaFX Application Thread] DEBUG Input                - Registered new binding: Jump - W
15:57:15.556 [JavaFX Application Thread] DEBUG Input                - Registered new binding: Disparar pena - LMB
15:57:15.556 [JavaFX Application Thread] DEBUG Input                - Registered new binding: Disparar água - RMB
15:57:15.556 [JavaFX Application Thread] DEBUG Input                - Registered new binding: PAUSE - F
15:57:15.557 [JavaFX Application Thread] DEBUG Input                - Registered new binding: RESUME - G
15:57:15.557 [JavaFX Application Thread] DEBUG Input                - Registered new binding: Move espalha lixo para a esquerda! - J
15:57:15.557 [JavaFX Application Thread] DEBUG Input                - Registered new binding: Move espalha lixo para a direita! - K
15:57:15.557 [JavaFX Application Thread] DEBUG Input                - Registered new binding: Disparar com Espalha Lixo - L
15:57:15.557 [JavaFX Application Thread] DEBUG FXGLAssetLoaderServi - Loading from file system: jar:file:/C:/Users/nykum/OneDrive/%c3%81rea%20de%20Trabalho/The-Fallen-Piolin/Game/target/testefxgl-1.0-SNAPSHOT.jar!/assets/music/backsound.wav
15:57:15.682 [JavaFX Application Thread] DEBUG AudioPlayer          - Playing music com.almasb.fxgl.audio.Music@29facafe
15:57:15.683 [JavaFX Application Thread] DEBUG FXGLAssetLoaderServi - Loading from file system: jar:file:/C:/Users/nykum/OneDrive/%c3%81rea%20de%20Trabalho/The-Fallen-Piolin/Game/target/testefxgl-1.0-SNAPSHOT.jar!/fxglassets/textures/fxgl_icon.png
15:57:15.716 [JavaFX Application Thread] DEBUG FXGLAssetLoaderServi - Loading from file system: jar:file:/C:/Users/nykum/OneDrive/%c3%81rea%20de%20Trabalho/The-Fallen-Piolin/Game/target/testefxgl-1.0-SNAPSHOT.jar!/fxglassets/textures/fxgl_default_cursor.png
15:57:15.719 [JavaFX Application Thread] DEBUG Input                - Registered new binding: Screenshot - CTRL+8
15:57:15.719 [JavaFX Application Thread] DEBUG Input                - Registered new binding: Dev Options - 1
15:57:15.719 [JavaFX Application Thread] DEBUG Input                - Registered new binding: Dev Console - 2
15:57:15.720 [JavaFX Application Thread] DEBUG Input                - Registered new binding: System info dump - CTRL+9
15:57:15.720 [JavaFX Application Thread] DEBUG Input                - Registered new binding: Restart - CTRL+R
15:57:15.721 [JavaFX Application Thread] DEBUG Input                - Registered new binding: Toggle Debug Camera - CTRL+7
15:57:15.726 [JavaFX Application Thread] DEBUG LoopRunner           - Starting loop
15:57:15.742 [JavaFX Application Thread] DEBUG LoopRunner           - Initializing JavaFX AnimationTimerLoop
15:57:15.743 [JavaFX Application Thread] DEBUG GameApplicationServi - Starting new game
15:57:15.744 [JavaFX Application Thread] DEBUG Input                - Clearing active input actions
15:57:15.762 [JavaFX Application Thread] DEBUG GameApplicationServi - Removing overlay from FXGLStartupScene and adding to MainLoadingScene
15:57:15.768 [JavaFX Application Thread] DEBUG PrimaryStageWindow   - FXGLStartupScene -> MainLoadingScene
15:57:15.769 [JavaFX Application Thread] DEBUG GameApplicationServi - Clearing previous game
15:57:15.769 [JavaFX Application Thread] DEBUG GameScene            - Clearing game scene
15:57:15.769 [JavaFX Application Thread] DEBUG GameWorld            - Clearing game world
15:57:15.769 [JavaFX Application Thread] DEBUG PhysicsWorld         - Clearing physics world
15:57:15.770 [FXGL Background Thread 4 ] DEBUG FXGLApplication      - Initializing game
15:57:15.772 [FXGL Background Thread 4 ] DEBUG FXGLAssetLoaderServi - Loading from file system: jar:file:/C:/Users/nykum/OneDrive/%c3%81rea%20de%20Trabalho/The-Fallen-Piolin/Game/target/testefxgl-1.0-SNAPSHOT.jar!/assets/sounds/detenha.wav
15:57:15.773 [JavaFX Application Thread] DEBUG FXGLApplication      - Registering font factories with UI factory
15:57:15.797 [FXGL Background Thread 4 ] DEBUG FXGLAssetLoaderServi - Loading from file system: jar:file:/C:/Users/nykum/OneDrive/%c3%81rea%20de%20Trabalho/The-Fallen-Piolin/Game/target/testefxgl-1.0-SNAPSHOT.jar!/assets/textures/background/forest.png
15:57:15.969 [FXGL Background Thread 4 ] WARN  TMXLevelLoader       - TiledMap generated from 1.10.2. Supported version: 1.9.0. Some features may not be parsed fully.
15:57:16.029 [FXGL Background Thread 4 ] DEBUG TMXLevelLoader       - Parsed TiledMap: jar:file:/C:/Users/nykum/OneDrive/%c3%81rea%20de%20Trabalho/The-Fallen-Piolin/Game/target/testefxgl-1.0-SNAPSHOT.jar!/assets/levels/tmx/map-remastered8.tmx
15:57:16.030 [FXGL Background Thread 4 ] DEBUG TMXLevelLoader       - Creating tile layer entities
15:57:16.033 [FXGL Background Thread 4 ] DEBUG TilesetLoader        - Loading view for layer lower-down-above
15:57:16.037 [FXGL Background Thread 4 ] DEBUG TilesetLoader        - Created buffer with size 2560.0x800.0
15:57:16.074 [FXGL Background Thread 4 ] DEBUG TilesetLoader        - Loading view for layer end
15:57:16.078 [FXGL Background Thread 4 ] DEBUG TilesetLoader        - Created buffer with size 2560.0x800.0
15:57:16.080 [FXGL Background Thread 4 ] DEBUG TilesetLoader        - Loading view for layer middle
15:57:16.081 [FXGL Background Thread 4 ] DEBUG TilesetLoader        - Created buffer with size 2560.0x800.0
15:57:16.084 [FXGL Background Thread 4 ] DEBUG TilesetLoader        - Loading view for layer first
15:57:16.086 [FXGL Background Thread 4 ] DEBUG TilesetLoader        - Created buffer with size 2560.0x800.0
15:57:16.088 [FXGL Background Thread 4 ] DEBUG TilesetLoader        - Loading view for layer last
15:57:16.097 [FXGL Background Thread 4 ] DEBUG TilesetLoader        - Created buffer with size 2560.0x800.0
15:57:16.099 [FXGL Background Thread 4 ] DEBUG TilesetLoader        - Loading view for layer trees to burn
15:57:16.105 [FXGL Background Thread 4 ] DEBUG TilesetLoader        - Created buffer with size 2560.0x800.0
15:57:16.108 [FXGL Background Thread 4 ] DEBUG TilesetLoader        - Loading view for layer front-one-more
15:57:16.112 [FXGL Background Thread 4 ] DEBUG TilesetLoader        - Created buffer with size 2560.0x800.0
15:57:16.114 [FXGL Background Thread 4 ] DEBUG TMXLevelLoader       - Creating object layer entities
15:57:16.147 [FXGL Background Thread 4 ] DEBUG GameWorld            - Clearing removable entities
15:57:16.148 [FXGL Background Thread 4 ] DEBUG GameWorld            - Setting level: com.almasb.fxgl.entity.level.Level@1616cb86
15:57:16.156 [FXGL Background Thread 4 ] DEBUG FXGLAssetLoaderServi - Loading from file system: jar:file:/C:/Users/nykum/OneDrive/%c3%81rea%20de%20Trabalho/The-Fallen-Piolin/Game/target/testefxgl-1.0-SNAPSHOT.jar!/assets/textures/walk_piolin1-Sheet.png
15:57:16.165 [FXGL Background Thread 4 ] DEBUG FXGLAssetLoaderServi - Loading from file system: jar:file:/C:/Users/nykum/OneDrive/%c3%81rea%20de%20Trabalho/The-Fallen-Piolin/Game/target/testefxgl-1.0-SNAPSHOT.jar!/assets/textures/whole-espalha-lixot.png
15:57:16.169 [FXGL Background Thread 4 ] INFO  FXGLApplication      - Game initialization took: 0,399 sec
15:57:16.170 [JavaFX Application Thread] DEBUG Input                - Clearing active input actions
15:57:16.177 [JavaFX Application Thread] DEBUG GameApplicationServi - Removing overlay from MainLoadingScene and adding to GameScene
15:57:16.180 [JavaFX Application Thread] DEBUG PrimaryStageWindow   - MainLoadingScene -> GameScene
15:57:16.186 [JavaFX Application Thread] DEBUG FXGLAssetLoaderServi - Loading from file system: jar:file:/C:/Users/nykum/OneDrive/%c3%81rea%20de%20Trabalho/The-Fallen-Piolin/Game/target/testefxgl-1.0-SNAPSHOT.jar!/assets/textures/tiro_de_fogo.png
15:57:16.221 [FXGL Background Thread 2 ] INFO  UpdaterService       - Your current version:  21
15:57:16.221 [FXGL Background Thread 2 ] INFO  UpdaterService       - Latest stable version: 21.1
15:57:18.509 [FXGL Background Thread 3 ] DEBUG Engine               - Logging environment variables
15:57:18.510 [FXGL Background Thread 3 ] DEBUG Engine               - achievements: []
15:57:18.510 [FXGL Background Thread 3 ] DEBUG Engine               - actualHeight: 700.0
15:57:18.510 [FXGL Background Thread 3 ] DEBUG Engine               - actualHeightProperty: ReadOnlyDoubleProperty [value: 700.0]
15:57:18.510 [FXGL Background Thread 3 ] DEBUG Engine               - actualWidth: 1050.0
15:57:18.510 [FXGL Background Thread 3 ] DEBUG Engine               - actualWidthProperty: ReadOnlyDoubleProperty [value: 1050.0]
15:57:18.510 [FXGL Background Thread 3 ] DEBUG Engine               - appIcon: fxgl_icon.png
15:57:18.510 [FXGL Background Thread 3 ] DEBUG Engine               - applicationMode: DEVELOPER
15:57:18.510 [FXGL Background Thread 3 ] DEBUG Engine               - cSSList: [fxgl_dark.css]
15:57:18.510 [FXGL Background Thread 3 ] DEBUG Engine               - collisionDetectionStrategy: BRUTE_FORCE
15:57:18.510 [FXGL Background Thread 3 ] DEBUG Engine               - configClass: Optional.empty
15:57:18.510 [FXGL Background Thread 3 ] DEBUG Engine               - credits: []
15:57:18.511 [FXGL Background Thread 3 ] DEBUG Engine               - defaultCursor: CursorInfo(imageName=fxgl_default_cursor.png, hotspotX=7.0, hotspotY=6.0)
15:57:18.511 [FXGL Background Thread 3 ] DEBUG Engine               - devBBoxColorProperty: ObjectProperty [value: 0xff0000ff]
15:57:18.511 [FXGL Background Thread 3 ] DEBUG Engine               - devEnableDebugCameraProperty: BooleanProperty [value: false]
15:57:18.511 [FXGL Background Thread 3 ] DEBUG Engine               - devSensorColorProperty: ObjectProperty [value: 0xffff00ff]
15:57:18.511 [FXGL Background Thread 3 ] DEBUG Engine               - devShowBBoxProperty: BooleanProperty [value: false]
15:57:18.511 [FXGL Background Thread 3 ] DEBUG Engine               - devShowPositionProperty: BooleanProperty [value: false]
15:57:18.511 [FXGL Background Thread 3 ] DEBUG Engine               - enabledMenuItems: []
15:57:18.511 [FXGL Background Thread 3 ] DEBUG Engine               - engineServices: [class com.almasb.fxgl.app.services.FXGLAssetLoaderService, class com.almasb.fxgl.app.FXGLApplication$GameApplicationService, class com.almasb.fxgl.app.services.FXGLDialogService, class com.almasb.fxgl.app.services.IOTaskExecutorService, class com.almasb.fxgl.io.FileSystemService, class com.almasb.fxgl.localization.LocalizationService, class com.almasb.fxgl.app.services.SystemBundleService, class com.almasb.fxgl.profile.SaveLoadService, class com.almasb.fxgl.ui.FXGLUIFactoryServiceProvider, class com.almasb.fxgl.ui.FXGLDialogFactoryServiceProvider, class com.almasb.fxgl.audio.AudioPlayer, class com.almasb.fxgl.notification.impl.NotificationServiceProvider, class com.almasb.fxgl.achievement.AchievementService, class com.almasb.fxgl.cutscene.CutsceneService, class com.almasb.fxgl.minigames.MiniGameService, class com.almasb.fxgl.net.NetService, class com.almasb.fxgl.app.services.UpdaterService, class com.almasb.fxgl.dev.DevService]
15:57:18.511 [FXGL Background Thread 3 ] DEBUG Engine               - fontGame: Abel-Regular.ttf
15:57:18.511 [FXGL Background Thread 3 ] DEBUG Engine               - fontMono: TerminalLandMono-Regular.otf
15:57:18.511 [FXGL Background Thread 3 ] DEBUG Engine               - fontSizeScaleUI: 1.0
15:57:18.511 [FXGL Background Thread 3 ] DEBUG Engine               - fontText: Courier-Prime.ttf
15:57:18.511 [FXGL Background Thread 3 ] DEBUG Engine               - fontUI: VarelaRound-Regular.ttf
15:57:18.511 [FXGL Background Thread 3 ] DEBUG Engine               - fullScreen: BooleanProperty [value: false]
15:57:18.511 [FXGL Background Thread 3 ] DEBUG Engine               - gameDifficulty: MEDIUM
15:57:18.511 [FXGL Background Thread 3 ] DEBUG Engine               - gameDifficultyProperty: ObjectProperty [value: MEDIUM]
15:57:18.512 [FXGL Background Thread 3 ] DEBUG Engine               - globalMusicVolume: 0.5
15:57:18.512 [FXGL Background Thread 3 ] DEBUG Engine               - globalMusicVolumeProperty: DoubleProperty [value: 0.2]
15:57:18.512 [FXGL Background Thread 3 ] DEBUG Engine               - globalSoundVolume: 0.5
15:57:18.512 [FXGL Background Thread 3 ] DEBUG Engine               - globalSoundVolumeProperty: DoubleProperty [value: 0.5]
15:57:18.512 [FXGL Background Thread 3 ] DEBUG Engine               - height: 700
15:57:18.512 [FXGL Background Thread 3 ] DEBUG Engine               - is3D: false
15:57:18.512 [FXGL Background Thread 3 ] DEBUG Engine               - isAndroid: false
15:57:18.512 [FXGL Background Thread 3 ] DEBUG Engine               - isBrowser: false
15:57:18.512 [FXGL Background Thread 3 ] DEBUG Engine               - isClickFeedbackEnabled: false
15:57:18.512 [FXGL Background Thread 3 ] DEBUG Engine               - isCloseConfirmation: false
15:57:18.512 [FXGL Background Thread 3 ] DEBUG Engine               - isDesktop: true
15:57:18.512 [FXGL Background Thread 3 ] DEBUG Engine               - isDeveloperMenuEnabled: true
15:57:18.512 [FXGL Background Thread 3 ] DEBUG Engine               - isEmbedded: false
15:57:18.512 [FXGL Background Thread 3 ] DEBUG Engine               - isEntityPreloadEnabled: true
15:57:18.512 [FXGL Background Thread 3 ] DEBUG Engine               - isExperimentalTiledLargeMap: false
15:57:18.512 [FXGL Background Thread 3 ] DEBUG Engine               - isFileSystemWriteAllowed: true
15:57:18.513 [FXGL Background Thread 3 ] DEBUG Engine               - isFullScreenAllowed: false
15:57:18.513 [FXGL Background Thread 3 ] DEBUG Engine               - isFullScreenFromStart: false
15:57:18.513 [FXGL Background Thread 3 ] DEBUG Engine               - isGameMenuEnabled: true
15:57:18.513 [FXGL Background Thread 3 ] DEBUG Engine               - isIOS: false
15:57:18.513 [FXGL Background Thread 3 ] DEBUG Engine               - isIntroEnabled: false
15:57:18.513 [FXGL Background Thread 3 ] DEBUG Engine               - isLinux: false
15:57:18.513 [FXGL Background Thread 3 ] DEBUG Engine               - isMac: false
15:57:18.513 [FXGL Background Thread 3 ] DEBUG Engine               - isMainMenuEnabled: false
15:57:18.513 [FXGL Background Thread 3 ] DEBUG Engine               - isManualResizeEnabled: false
15:57:18.513 [FXGL Background Thread 3 ] DEBUG Engine               - isMobile: false
15:57:18.513 [FXGL Background Thread 3 ] DEBUG Engine               - isNative: false
15:57:18.513 [FXGL Background Thread 3 ] DEBUG Engine               - isPauseMusicWhenMinimized: true
15:57:18.513 [FXGL Background Thread 3 ] DEBUG Engine               - isPreserveResizeRatio: false
15:57:18.513 [FXGL Background Thread 3 ] DEBUG Engine               - isProfilingEnabled: false
15:57:18.513 [FXGL Background Thread 3 ] DEBUG Engine               - isScaleAffectedOnResize: true
15:57:18.513 [FXGL Background Thread 3 ] DEBUG Engine               - isSingleStep: false
15:57:18.513 [FXGL Background Thread 3 ] DEBUG Engine               - isUserProfileEnabled: false
15:57:18.513 [FXGL Background Thread 3 ] DEBUG Engine               - isWindows: true
15:57:18.514 [FXGL Background Thread 3 ] DEBUG Engine               - language: ObjectProperty [value: ENGLISH]
15:57:18.514 [FXGL Background Thread 3 ] DEBUG Engine               - menuKey: ESCAPE
15:57:18.514 [FXGL Background Thread 3 ] DEBUG Engine               - mouseSensitivity: 0.2
15:57:18.514 [FXGL Background Thread 3 ] DEBUG Engine               - notificationViewClass: class com.almasb.fxgl.notification.view.XboxNotificationView
15:57:18.514 [FXGL Background Thread 3 ] DEBUG Engine               - pixelsPerMeter: 50.0
15:57:18.514 [FXGL Background Thread 3 ] DEBUG Engine               - platform: WINDOWS
15:57:18.514 [FXGL Background Thread 3 ] DEBUG Engine               - prefHeightProperty: ReadOnlyDoubleProperty [value: 700.0]
15:57:18.514 [FXGL Background Thread 3 ] DEBUG Engine               - prefWidthProperty: ReadOnlyDoubleProperty [value: 1050.0]
15:57:18.514 [FXGL Background Thread 3 ] DEBUG Engine               - profileDir: profiles/
15:57:18.514 [FXGL Background Thread 3 ] DEBUG Engine               - profileName: StringProperty [value: DEFAULT]
15:57:18.514 [FXGL Background Thread 3 ] DEBUG Engine               - randomSeed: -1
15:57:18.514 [FXGL Background Thread 3 ] DEBUG Engine               - runtimeInfo: RuntimeInfo(platform=WINDOWS, version=21, build=28.12.2023 13.35)
15:57:18.514 [FXGL Background Thread 3 ] DEBUG Engine               - saveFileExt: sav
15:57:18.515 [FXGL Background Thread 3 ] DEBUG Engine               - scaledHeightProp$fxgl: DoubleProperty [bound, value: 700.0]
15:57:18.515 [FXGL Background Thread 3 ] DEBUG Engine               - scaledWidthProp$fxgl: DoubleProperty [bound, value: 1050.0]
15:57:18.515 [FXGL Background Thread 3 ] DEBUG Engine               - sceneFactory: org.example.Main$1@7c6e6bca
15:57:18.515 [FXGL Background Thread 3 ] DEBUG Engine               - secondsIn24h: 60
15:57:18.515 [FXGL Background Thread 3 ] DEBUG Engine               - soundMenuBack: menu/back.wav
15:57:18.515 [FXGL Background Thread 3 ] DEBUG Engine               - soundMenuPress: menu/press.wav
15:57:18.515 [FXGL Background Thread 3 ] DEBUG Engine               - soundMenuSelect: menu/select.wav
15:57:18.515 [FXGL Background Thread 3 ] DEBUG Engine               - soundNotification: core/notification.wav
15:57:18.515 [FXGL Background Thread 3 ] DEBUG Engine               - stageStyle: DECORATED
15:57:18.515 [FXGL Background Thread 3 ] DEBUG Engine               - supportedLanguages: [ENGLISH, FRENCH, GERMAN, HUNGARIAN, RUSSIAN]
15:57:18.515 [FXGL Background Thread 3 ] DEBUG Engine               - ticksPerSecond: -1
15:57:18.515 [FXGL Background Thread 3 ] DEBUG Engine               - title: Untitled
15:57:18.515 [FXGL Background Thread 3 ] DEBUG Engine               - urlGithub: https://github.com/AlmasB/FXGL
15:57:18.515 [FXGL Background Thread 3 ] DEBUG Engine               - urlLeaderboard: http://fxgl-top.herokuapp.com/
15:57:18.515 [FXGL Background Thread 3 ] DEBUG Engine               - urlPOM: https://raw.githubusercontent.com/AlmasB/FXGL/release/README.md
15:57:18.515 [FXGL Background Thread 3 ] DEBUG Engine               - userAppClass: class org.example.Main
15:57:18.515 [FXGL Background Thread 3 ] DEBUG Engine               - version: 0.0
15:57:18.515 [FXGL Background Thread 3 ] DEBUG Engine               - versionCheckDays: 7
15:57:18.516 [FXGL Background Thread 3 ] DEBUG Engine               - width: 1050
15:57:18.516 [FXGL Background Thread 3 ] DEBUG Engine               - Logging services
15:57:18.516 [FXGL Background Thread 3 ] DEBUG Engine               - class com.almasb.fxgl.app.services.FXGLAssetLoaderService
15:57:18.516 [FXGL Background Thread 3 ] DEBUG Engine               - class com.almasb.fxgl.app.FXGLApplication$GameApplicationService
15:57:18.516 [FXGL Background Thread 3 ] DEBUG Engine               - class com.almasb.fxgl.app.services.FXGLDialogService
15:57:18.516 [FXGL Background Thread 3 ] DEBUG Engine               - class com.almasb.fxgl.app.services.IOTaskExecutorService
15:57:18.516 [FXGL Background Thread 3 ] DEBUG Engine               - class com.almasb.fxgl.io.FileSystemService
15:57:18.516 [FXGL Background Thread 3 ] DEBUG Engine               - class com.almasb.fxgl.localization.LocalizationService
15:57:18.516 [FXGL Background Thread 3 ] DEBUG Engine               - class com.almasb.fxgl.app.services.SystemBundleService
15:57:18.516 [FXGL Background Thread 3 ] DEBUG Engine               - class com.almasb.fxgl.profile.SaveLoadService
15:57:18.516 [FXGL Background Thread 3 ] DEBUG Engine               - class com.almasb.fxgl.ui.FXGLUIFactoryServiceProvider
15:57:18.516 [FXGL Background Thread 3 ] DEBUG Engine               - class com.almasb.fxgl.ui.FXGLDialogFactoryServiceProvider
15:57:18.516 [FXGL Background Thread 3 ] DEBUG Engine               - class com.almasb.fxgl.audio.AudioPlayer
15:57:18.516 [FXGL Background Thread 3 ] DEBUG Engine               - class com.almasb.fxgl.notification.impl.NotificationServiceProvider
15:57:18.516 [FXGL Background Thread 3 ] DEBUG Engine               - class com.almasb.fxgl.achievement.AchievementService
15:57:18.516 [FXGL Background Thread 3 ] DEBUG Engine               - class com.almasb.fxgl.cutscene.CutsceneService
15:57:18.516 [FXGL Background Thread 3 ] DEBUG Engine               - class com.almasb.fxgl.minigames.MiniGameService
15:57:18.516 [FXGL Background Thread 3 ] DEBUG Engine               - class com.almasb.fxgl.net.NetService
15:57:18.516 [FXGL Background Thread 3 ] DEBUG Engine               - class com.almasb.fxgl.app.services.UpdaterService
15:57:18.516 [FXGL Background Thread 3 ] DEBUG Engine               - class com.almasb.fxgl.dev.DevService
15:57:18.602 [JavaFX Application Thread] DEBUG FXGLApplication      - Exiting FXGL
15:57:18.602 [JavaFX Application Thread] DEBUG LoopRunner           - Stopping loop
15:57:18.602 [JavaFX Application Thread] DEBUG SystemBundleService  - Saving FXGL system data
15:57:18.604 [JavaFX Application Thread] DEBUG FileSystemAccess     - Writing to: C:\Users\nykum\OneDrive\Área de Trabalho\The-Fallen-Piolin\Game\target\system\fxgl.bundle
15:57:18.613 [JavaFX Application Thread] DEBUG Async                - Shutting down background threads
15:57:18.614 [JavaFX Application Thread] DEBUG PrimaryStageWindow   - Closing main window
15:57:18.625 [JavaFX Application Thread] DEBUG Logger               - Closing Logger
