21:50:08.240 [main                     ] DEBUG Logger               - Configured Logger
21:50:08.264 [main                     ] DEBUG GameApplication      - Logging settings
Title: Untitled
Version: 0.0
Width: 1050
Height: 700
Fullscreen: false
Intro: false
Profiling: false
Single step:false
App Mode: DEVELOPER
Menu Key: ESCAPE
Stage Style: DECORATED
Scene Factory: class org.example.Main$1

21:50:08.697 [JavaFX Application Thread] DEBUG FXGLApplication      - Initializing FXGL
21:50:08.702 [JavaFX Application Thread] INFO  Engine               - FXGL-21 (28.12.2023 13.35) on WINDOWS (J:21.0.3 FX:21.0.1)
21:50:08.702 [JavaFX Application Thread] DEBUG Engine               - JRE Vendor Name: Oracle Corporation
21:50:08.703 [JavaFX Application Thread] DEBUG Engine               - Running on OS: Windows 11 version 10.0
21:50:08.703 [JavaFX Application Thread] DEBUG Engine               - Architecture: amd64
21:50:08.703 [JavaFX Application Thread] INFO  Engine               - Source code and latest versions at: https://github.com/AlmasB/FXGL
21:50:08.703 [JavaFX Application Thread] INFO  Engine               -       Ask questions and discuss at: https://github.com/AlmasB/FXGL/discussions
21:50:08.703 [JavaFX Application Thread] INFO  Engine               -              Join the FXGL chat at: https://gitter.im/AlmasB/FXGL
21:50:08.808 [JavaFX Application Thread] DEBUG PrimaryStageWindow   - Creating a JavaFX scene
21:50:08.846 [JavaFX Application Thread] DEBUG PrimaryStageWindow   - Target settings size: 1050.0 x 700.0
21:50:08.847 [JavaFX Application Thread] DEBUG PrimaryStageWindow   - Scaled scene size:    1050.0 x 700.0
21:50:08.847 [JavaFX Application Thread] DEBUG PrimaryStageWindow   - Scaled ratio: (1.0, 1.0)
21:50:08.849 [JavaFX Application Thread] DEBUG PrimaryStageWindow   - Set initial scene to FXGLStartupScene
21:50:08.853 [JavaFX Application Thread] DEBUG PrimaryStageWindow   - Opening main window
21:50:08.963 [JavaFX Application Thread] DEBUG PrimaryStageWindow   - Window border size: (16.0, 39.0)
21:50:08.964 [JavaFX Application Thread] DEBUG PrimaryStageWindow   - Scaled size: 1050.0 x 700.0
21:50:08.965 [JavaFX Application Thread] DEBUG PrimaryStageWindow   - Scaled ratio: (1.0, 1.0)
21:50:08.965 [JavaFX Application Thread] DEBUG PrimaryStageWindow   - Scene size: 1050.0 x 700.0
21:50:08.965 [JavaFX Application Thread] DEBUG PrimaryStageWindow   - Stage size: 1066.0 x 739.0
21:50:08.975 [FXGL Background Thread 1 ] DEBUG Engine               - Initializing environment variables
21:50:09.032 [FXGL Background Thread 1 ] DEBUG FXGLAssetLoaderServi - User app class for loading assets: class org.example.Main
21:50:09.032 [FXGL Background Thread 1 ] DEBUG GameApplicationServi - Applying CSS: fxgl_dark.css
21:50:09.032 [FXGL Background Thread 1 ] DEBUG FXGLAssetLoaderServi - Loading from file system: jar:file:/C:/Users/nykum/OneDrive/%c3%81rea%20de%20Trabalho/The-Fallen-Piolin-%20CODING/Game/target/The%20Fallen%20Piolin.jar!/fxglassets/ui/css/fxgl_dark.css
21:50:09.078 [FXGL Background Thread 1 ] DEBUG GameApplicationServi - Initializing application scenes
21:50:09.239 [FXGL Background Thread 1 ] WARN  FXGLAssetLoaderServi - Asset "/assets/textures/player.png" was not found!
21:50:09.239 [FXGL Background Thread 1 ] WARN  FXGLAssetLoaderServi - Failed to load IMAGE
21:50:09.266 [FXGL Background Thread 1 ] DEBUG GameWorld            - Game world initialized
21:50:09.313 [FXGL Background Thread 1 ] DEBUG PhysicsWorld         - Physics world initialized: appHeight=700, physics.ppm=50,0
21:50:09.313 [FXGL Background Thread 1 ] DEBUG PhysicsWorld         - Using strategy: BRUTE_FORCE
21:50:09.317 [FXGL Background Thread 1 ] DEBUG GameScene            - Game scene initialized: 1050x700
21:50:09.326 [FXGL Background Thread 1 ] DEBUG FXGL.DefaultMenu     - createMenuBodyGameMenu()
21:50:09.346 [FXGL Background Thread 1 ] DEBUG FXGL.DefaultMenu     - createOptionsMenu()
21:50:09.355 [FXGL Background Thread 1 ] DEBUG FXGLAssetLoaderServi - Loading from file system: jar:file:/C:/Users/nykum/OneDrive/%c3%81rea%20de%20Trabalho/The-Fallen-Piolin-%20CODING/Game/target/The%20Fallen%20Piolin.jar!/fxglassets/textures/particles/smoke.png
21:50:09.446 [FXGL Background Thread 1 ] DEBUG FXGLAssetLoaderServi - Loading from file system: jar:file:/C:/Users/nykum/OneDrive/%c3%81rea%20de%20Trabalho/The-Fallen-Piolin-%20CODING/Game/target/The%20Fallen%20Piolin.jar!/fxglassets/textures/particles/trace_horizontal.png
21:50:09.481 [FXGL Background Thread 1 ] DEBUG GameApplicationServi - Application scenes initialized
21:50:09.495 [FXGL Background Thread 1 ] DEBUG SystemBundleService  - Loading FXGL system data
21:50:09.499 [FXGL Background Thread 1 ] DEBUG FileSystemAccess     - Reading from: C:\Users\nykum\OneDrive\Área de Trabalho\The-Fallen-Piolin- CODING\Game\target\system\fxgl.bundle
21:50:09.509 [FXGL Background Thread 1 ] DEBUG SystemBundleService  - Bundle FXGL: {}
21:50:09.509 [FXGL Background Thread 1 ] DEBUG UpdaterService       - Checking for updates
21:50:09.533 [FXGL Background Thread 4 ] DEBUG FXGLApplication      - Loading fonts
21:50:09.533 [FXGL Background Thread 4 ] DEBUG FXGLAssetLoaderServi - Loading from file system: jar:file:/C:/Users/nykum/OneDrive/%c3%81rea%20de%20Trabalho/The-Fallen-Piolin-%20CODING/Game/target/The%20Fallen%20Piolin.jar!/fxglassets/ui/fonts/VarelaRound-Regular.ttf
21:50:09.534 [FXGL Background Thread 1 ] DEBUG FXGLApplication      - Loading default localization
21:50:09.535 [FXGL Background Thread 1 ] DEBUG FXGLAssetLoaderServi - Loading from file system: jar:file:/C:/Users/nykum/OneDrive/%c3%81rea%20de%20Trabalho/The-Fallen-Piolin-%20CODING/Game/target/The%20Fallen%20Piolin.jar!/fxglassets/languages/english.lang
21:50:09.555 [FXGL Background Thread 1 ] INFO  FXGLApplication      - FXGL initialization took: 0,580 sec
21:50:09.559 [FXGL Background Thread 4 ] DEBUG FXGLAssetLoaderServi - Loading from file system: jar:file:/C:/Users/nykum/OneDrive/%c3%81rea%20de%20Trabalho/The-Fallen-Piolin-%20CODING/Game/target/The%20Fallen%20Piolin.jar!/fxglassets/ui/fonts/Abel-Regular.ttf
21:50:09.562 [FXGL Background Thread 4 ] DEBUG FXGLAssetLoaderServi - Loading from file system: jar:file:/C:/Users/nykum/OneDrive/%c3%81rea%20de%20Trabalho/The-Fallen-Piolin-%20CODING/Game/target/The%20Fallen%20Piolin.jar!/fxglassets/ui/fonts/TerminalLandMono-Regular.otf
21:50:09.566 [FXGL Background Thread 4 ] DEBUG FXGLAssetLoaderServi - Loading from file system: jar:file:/C:/Users/nykum/OneDrive/%c3%81rea%20de%20Trabalho/The-Fallen-Piolin-%20CODING/Game/target/The%20Fallen%20Piolin.jar!/fxglassets/ui/fonts/Courier-Prime.ttf
21:50:09.566 [JavaFX Application Thread] DEBUG Input                - Registered new binding: Left - A
21:50:09.566 [JavaFX Application Thread] DEBUG Input                - Registered new binding: Right - D
21:50:09.567 [JavaFX Application Thread] DEBUG Input                - Registered new binding: Jump - W
21:50:09.568 [JavaFX Application Thread] DEBUG Input                - Registered new binding: Disparar pena - LMB
21:50:09.568 [JavaFX Application Thread] DEBUG Input                - Registered new binding: Disparar água - RMB
21:50:09.568 [JavaFX Application Thread] DEBUG Input                - Registered new binding: PAUSE - F
21:50:09.568 [JavaFX Application Thread] DEBUG Input                - Registered new binding: RESUME - G
21:50:09.569 [JavaFX Application Thread] DEBUG Input                - Registered new binding: Move espalha lixo para a esquerda! - J
21:50:09.569 [JavaFX Application Thread] DEBUG Input                - Registered new binding: Move espalha lixo para a direita! - K
21:50:09.569 [JavaFX Application Thread] DEBUG Input                - Registered new binding: Disparar com Espalha Lixo - L
21:50:09.569 [JavaFX Application Thread] DEBUG FXGLAssetLoaderServi - Loading from file system: jar:file:/C:/Users/nykum/OneDrive/%c3%81rea%20de%20Trabalho/The-Fallen-Piolin-%20CODING/Game/target/The%20Fallen%20Piolin.jar!/assets/music/backsound.wav
21:50:09.671 [JavaFX Application Thread] DEBUG AudioPlayer          - Playing music com.almasb.fxgl.audio.Music@4d80561a
21:50:09.672 [JavaFX Application Thread] DEBUG FXGLAssetLoaderServi - Loading from file system: jar:file:/C:/Users/nykum/OneDrive/%c3%81rea%20de%20Trabalho/The-Fallen-Piolin-%20CODING/Game/target/The%20Fallen%20Piolin.jar!/fxglassets/textures/fxgl_icon.png
21:50:09.689 [JavaFX Application Thread] DEBUG FXGLAssetLoaderServi - Loading from file system: jar:file:/C:/Users/nykum/OneDrive/%c3%81rea%20de%20Trabalho/The-Fallen-Piolin-%20CODING/Game/target/The%20Fallen%20Piolin.jar!/fxglassets/textures/fxgl_default_cursor.png
21:50:09.692 [JavaFX Application Thread] DEBUG Input                - Registered new binding: Screenshot - CTRL+8
21:50:09.692 [JavaFX Application Thread] DEBUG Input                - Registered new binding: Dev Options - 1
21:50:09.692 [JavaFX Application Thread] DEBUG Input                - Registered new binding: Dev Console - 2
21:50:09.693 [JavaFX Application Thread] DEBUG Input                - Registered new binding: System info dump - CTRL+9
21:50:09.693 [JavaFX Application Thread] DEBUG Input                - Registered new binding: Restart - CTRL+R
21:50:09.694 [JavaFX Application Thread] DEBUG Input                - Registered new binding: Toggle Debug Camera - CTRL+7
21:50:09.696 [JavaFX Application Thread] DEBUG LoopRunner           - Starting loop
21:50:09.708 [JavaFX Application Thread] DEBUG LoopRunner           - Initializing JavaFX AnimationTimerLoop
21:50:09.709 [JavaFX Application Thread] DEBUG GameApplicationServi - Starting new game
21:50:09.710 [JavaFX Application Thread] DEBUG Input                - Clearing active input actions
21:50:09.726 [JavaFX Application Thread] DEBUG GameApplicationServi - Removing overlay from FXGLStartupScene and adding to MainLoadingScene
21:50:09.729 [JavaFX Application Thread] DEBUG PrimaryStageWindow   - FXGLStartupScene -> MainLoadingScene
21:50:09.729 [JavaFX Application Thread] DEBUG GameApplicationServi - Clearing previous game
21:50:09.729 [JavaFX Application Thread] DEBUG GameScene            - Clearing game scene
21:50:09.730 [JavaFX Application Thread] DEBUG GameWorld            - Clearing game world
21:50:09.730 [JavaFX Application Thread] DEBUG PhysicsWorld         - Clearing physics world
21:50:09.731 [FXGL Background Thread 4 ] DEBUG FXGLApplication      - Initializing game
21:50:09.732 [FXGL Background Thread 4 ] DEBUG FXGLAssetLoaderServi - Loading from file system: jar:file:/C:/Users/nykum/OneDrive/%c3%81rea%20de%20Trabalho/The-Fallen-Piolin-%20CODING/Game/target/The%20Fallen%20Piolin.jar!/assets/sounds/detenha.wav
21:50:09.733 [JavaFX Application Thread] DEBUG FXGLApplication      - Registering font factories with UI factory
21:50:09.752 [FXGL Background Thread 4 ] DEBUG FXGLAssetLoaderServi - Loading from file system: jar:file:/C:/Users/nykum/OneDrive/%c3%81rea%20de%20Trabalho/The-Fallen-Piolin-%20CODING/Game/target/The%20Fallen%20Piolin.jar!/assets/textures/background/forest.png
21:50:09.936 [FXGL Background Thread 4 ] WARN  TMXLevelLoader       - TiledMap generated from 1.10.2. Supported version: 1.9.0. Some features may not be parsed fully.
21:50:09.945 [FXGL Background Thread 2 ] INFO  UpdaterService       - Your current version:  21
21:50:09.946 [FXGL Background Thread 2 ] INFO  UpdaterService       - Latest stable version: 21.1
21:50:09.993 [FXGL Background Thread 4 ] DEBUG TMXLevelLoader       - Parsed TiledMap: jar:file:/C:/Users/nykum/OneDrive/%c3%81rea%20de%20Trabalho/The-Fallen-Piolin-%20CODING/Game/target/The%20Fallen%20Piolin.jar!/assets/levels/tmx/map-remastered8.tmx
21:50:09.994 [FXGL Background Thread 4 ] DEBUG TMXLevelLoader       - Creating tile layer entities
21:50:10.004 [FXGL Background Thread 4 ] DEBUG TilesetLoader        - Loading view for layer lower-down-above
21:50:10.005 [FXGL Background Thread 4 ] DEBUG TilesetLoader        - Created buffer with size 2560.0x800.0
21:50:10.032 [FXGL Background Thread 4 ] DEBUG TilesetLoader        - Loading view for layer end
21:50:10.039 [FXGL Background Thread 4 ] DEBUG TilesetLoader        - Created buffer with size 2560.0x800.0
21:50:10.045 [FXGL Background Thread 4 ] DEBUG TilesetLoader        - Loading view for layer middle
21:50:10.046 [FXGL Background Thread 4 ] DEBUG TilesetLoader        - Created buffer with size 2560.0x800.0
21:50:10.052 [FXGL Background Thread 4 ] DEBUG TilesetLoader        - Loading view for layer first
21:50:10.061 [FXGL Background Thread 4 ] DEBUG TilesetLoader        - Created buffer with size 2560.0x800.0
21:50:10.064 [FXGL Background Thread 4 ] DEBUG TilesetLoader        - Loading view for layer last
21:50:10.069 [FXGL Background Thread 4 ] DEBUG TilesetLoader        - Created buffer with size 2560.0x800.0
21:50:10.074 [FXGL Background Thread 4 ] DEBUG TilesetLoader        - Loading view for layer trees to burn
21:50:10.078 [FXGL Background Thread 4 ] DEBUG TilesetLoader        - Created buffer with size 2560.0x800.0
21:50:10.080 [FXGL Background Thread 4 ] DEBUG TilesetLoader        - Loading view for layer front-one-more
21:50:10.087 [FXGL Background Thread 4 ] DEBUG TilesetLoader        - Created buffer with size 2560.0x800.0
21:50:10.090 [FXGL Background Thread 4 ] DEBUG TMXLevelLoader       - Creating object layer entities
21:50:10.125 [FXGL Background Thread 4 ] DEBUG GameWorld            - Clearing removable entities
21:50:10.126 [FXGL Background Thread 4 ] DEBUG GameWorld            - Setting level: com.almasb.fxgl.entity.level.Level@613f5afe
21:50:10.135 [FXGL Background Thread 4 ] DEBUG FXGLAssetLoaderServi - Loading from file system: jar:file:/C:/Users/nykum/OneDrive/%c3%81rea%20de%20Trabalho/The-Fallen-Piolin-%20CODING/Game/target/The%20Fallen%20Piolin.jar!/assets/textures/walk_piolin1-Sheet.png
21:50:10.143 [FXGL Background Thread 4 ] DEBUG FXGLAssetLoaderServi - Loading from file system: jar:file:/C:/Users/nykum/OneDrive/%c3%81rea%20de%20Trabalho/The-Fallen-Piolin-%20CODING/Game/target/The%20Fallen%20Piolin.jar!/assets/textures/whole-espalha-lixot.png
21:50:10.149 [FXGL Background Thread 4 ] INFO  FXGLApplication      - Game initialization took: 0,417 sec
21:50:10.149 [JavaFX Application Thread] DEBUG Input                - Clearing active input actions
21:50:10.155 [JavaFX Application Thread] DEBUG GameApplicationServi - Removing overlay from MainLoadingScene and adding to GameScene
21:50:10.160 [JavaFX Application Thread] DEBUG PrimaryStageWindow   - MainLoadingScene -> GameScene
21:50:10.770 [JavaFX Application Thread] DEBUG FXGLAssetLoaderServi - Loading from file system: jar:file:/C:/Users/nykum/OneDrive/%c3%81rea%20de%20Trabalho/The-Fallen-Piolin-%20CODING/Game/target/The%20Fallen%20Piolin.jar!/assets/textures/tiro_de_fogo.png
21:50:12.046 [JavaFX Application Thread] DEBUG FXGLAssetLoaderServi - Loading from file system: jar:file:/C:/Users/nykum/OneDrive/%c3%81rea%20de%20Trabalho/The-Fallen-Piolin-%20CODING/Game/target/The%20Fallen%20Piolin.jar!/assets/textures/normal_feather.png
21:50:12.047 [JavaFX Application Thread] DEBUG FXGLAssetLoaderServi - Loading from file system: jar:file:/C:/Users/nykum/OneDrive/%c3%81rea%20de%20Trabalho/The-Fallen-Piolin-%20CODING/Game/target/The%20Fallen%20Piolin.jar!/assets/sounds/paper.wav
21:50:12.163 [JavaFX Application Thread] DEBUG PrimaryStageWindow   - Push state: FXGLDefaultMenu
21:50:12.164 [JavaFX Application Thread] DEBUG Input                - Clearing active input actions
21:50:12.166 [JavaFX Application Thread] DEBUG GameApplicationServi - Removing overlay from GameScene and adding to FXGLDefaultMenu
21:50:12.168 [JavaFX Application Thread] DEBUG PrimaryStageWindow   - GameScene -> FXGLDefaultMenu
21:50:12.532 [FXGL Background Thread 3 ] DEBUG Engine               - Logging environment variables
21:50:12.532 [FXGL Background Thread 3 ] DEBUG Engine               - achievements: []
21:50:12.532 [FXGL Background Thread 3 ] DEBUG Engine               - actualHeight: 700.0
21:50:12.532 [FXGL Background Thread 3 ] DEBUG Engine               - actualHeightProperty: ReadOnlyDoubleProperty [value: 700.0]
21:50:12.532 [FXGL Background Thread 3 ] DEBUG Engine               - actualWidth: 1050.0
21:50:12.532 [FXGL Background Thread 3 ] DEBUG Engine               - actualWidthProperty: ReadOnlyDoubleProperty [value: 1050.0]
21:50:12.532 [FXGL Background Thread 3 ] DEBUG Engine               - appIcon: fxgl_icon.png
21:50:12.534 [FXGL Background Thread 3 ] DEBUG Engine               - applicationMode: DEVELOPER
21:50:12.534 [FXGL Background Thread 3 ] DEBUG Engine               - cSSList: [fxgl_dark.css]
21:50:12.534 [FXGL Background Thread 3 ] DEBUG Engine               - collisionDetectionStrategy: BRUTE_FORCE
21:50:12.534 [FXGL Background Thread 3 ] DEBUG Engine               - configClass: Optional.empty
21:50:12.534 [FXGL Background Thread 3 ] DEBUG Engine               - credits: []
21:50:12.534 [FXGL Background Thread 3 ] DEBUG Engine               - defaultCursor: CursorInfo(imageName=fxgl_default_cursor.png, hotspotX=7.0, hotspotY=6.0)
21:50:12.534 [FXGL Background Thread 3 ] DEBUG Engine               - devBBoxColorProperty: ObjectProperty [value: 0xff0000ff]
21:50:12.534 [FXGL Background Thread 3 ] DEBUG Engine               - devEnableDebugCameraProperty: BooleanProperty [value: false]
21:50:12.535 [FXGL Background Thread 3 ] DEBUG Engine               - devSensorColorProperty: ObjectProperty [value: 0xffff00ff]
21:50:12.535 [FXGL Background Thread 3 ] DEBUG Engine               - devShowBBoxProperty: BooleanProperty [value: false]
21:50:12.535 [FXGL Background Thread 3 ] DEBUG Engine               - devShowPositionProperty: BooleanProperty [value: false]
21:50:12.535 [FXGL Background Thread 3 ] DEBUG Engine               - enabledMenuItems: []
21:50:12.535 [FXGL Background Thread 3 ] DEBUG Engine               - engineServices: [class com.almasb.fxgl.app.services.FXGLAssetLoaderService, class com.almasb.fxgl.app.FXGLApplication$GameApplicationService, class com.almasb.fxgl.app.services.FXGLDialogService, class com.almasb.fxgl.app.services.IOTaskExecutorService, class com.almasb.fxgl.io.FileSystemService, class com.almasb.fxgl.localization.LocalizationService, class com.almasb.fxgl.app.services.SystemBundleService, class com.almasb.fxgl.profile.SaveLoadService, class com.almasb.fxgl.ui.FXGLUIFactoryServiceProvider, class com.almasb.fxgl.ui.FXGLDialogFactoryServiceProvider, class com.almasb.fxgl.audio.AudioPlayer, class com.almasb.fxgl.notification.impl.NotificationServiceProvider, class com.almasb.fxgl.achievement.AchievementService, class com.almasb.fxgl.cutscene.CutsceneService, class com.almasb.fxgl.minigames.MiniGameService, class com.almasb.fxgl.net.NetService, class com.almasb.fxgl.app.services.UpdaterService, class com.almasb.fxgl.dev.DevService]
21:50:12.535 [FXGL Background Thread 3 ] DEBUG Engine               - fontGame: Abel-Regular.ttf
21:50:12.535 [FXGL Background Thread 3 ] DEBUG Engine               - fontMono: TerminalLandMono-Regular.otf
21:50:12.535 [FXGL Background Thread 3 ] DEBUG Engine               - fontSizeScaleUI: 1.0
21:50:12.536 [FXGL Background Thread 3 ] DEBUG Engine               - fontText: Courier-Prime.ttf
21:50:12.536 [FXGL Background Thread 3 ] DEBUG Engine               - fontUI: VarelaRound-Regular.ttf
21:50:12.536 [FXGL Background Thread 3 ] DEBUG Engine               - fullScreen: BooleanProperty [value: false]
21:50:12.536 [FXGL Background Thread 3 ] DEBUG Engine               - gameDifficulty: MEDIUM
21:50:12.536 [FXGL Background Thread 3 ] DEBUG Engine               - gameDifficultyProperty: ObjectProperty [value: MEDIUM]
21:50:12.536 [FXGL Background Thread 3 ] DEBUG Engine               - globalMusicVolume: 0.5
21:50:12.536 [FXGL Background Thread 3 ] DEBUG Engine               - globalMusicVolumeProperty: DoubleProperty [value: 0.2]
21:50:12.536 [FXGL Background Thread 3 ] DEBUG Engine               - globalSoundVolume: 0.5
21:50:12.536 [FXGL Background Thread 3 ] DEBUG Engine               - globalSoundVolumeProperty: DoubleProperty [value: 0.5]
21:50:12.536 [FXGL Background Thread 3 ] DEBUG Engine               - height: 700
21:50:12.536 [FXGL Background Thread 3 ] DEBUG Engine               - is3D: false
21:50:12.536 [FXGL Background Thread 3 ] DEBUG Engine               - isAndroid: false
21:50:12.536 [FXGL Background Thread 3 ] DEBUG Engine               - isBrowser: false
21:50:12.536 [FXGL Background Thread 3 ] DEBUG Engine               - isClickFeedbackEnabled: false
21:50:12.537 [FXGL Background Thread 3 ] DEBUG Engine               - isCloseConfirmation: false
21:50:12.537 [FXGL Background Thread 3 ] DEBUG Engine               - isDesktop: true
21:50:12.537 [FXGL Background Thread 3 ] DEBUG Engine               - isDeveloperMenuEnabled: true
21:50:12.538 [FXGL Background Thread 3 ] DEBUG Engine               - isEmbedded: false
21:50:12.538 [FXGL Background Thread 3 ] DEBUG Engine               - isEntityPreloadEnabled: true
21:50:12.538 [FXGL Background Thread 3 ] DEBUG Engine               - isExperimentalTiledLargeMap: false
21:50:12.538 [FXGL Background Thread 3 ] DEBUG Engine               - isFileSystemWriteAllowed: true
21:50:12.538 [FXGL Background Thread 3 ] DEBUG Engine               - isFullScreenAllowed: false
21:50:12.538 [FXGL Background Thread 3 ] DEBUG Engine               - isFullScreenFromStart: false
21:50:12.538 [FXGL Background Thread 3 ] DEBUG Engine               - isGameMenuEnabled: true
21:50:12.538 [FXGL Background Thread 3 ] DEBUG Engine               - isIOS: false
21:50:12.538 [FXGL Background Thread 3 ] DEBUG Engine               - isIntroEnabled: false
21:50:12.538 [FXGL Background Thread 3 ] DEBUG Engine               - isLinux: false
21:50:12.538 [FXGL Background Thread 3 ] DEBUG Engine               - isMac: false
21:50:12.538 [FXGL Background Thread 3 ] DEBUG Engine               - isMainMenuEnabled: false
21:50:12.539 [FXGL Background Thread 3 ] DEBUG Engine               - isManualResizeEnabled: false
21:50:12.539 [FXGL Background Thread 3 ] DEBUG Engine               - isMobile: false
21:50:12.539 [FXGL Background Thread 3 ] DEBUG Engine               - isNative: false
21:50:12.539 [FXGL Background Thread 3 ] DEBUG Engine               - isPauseMusicWhenMinimized: true
21:50:12.539 [FXGL Background Thread 3 ] DEBUG Engine               - isPreserveResizeRatio: false
21:50:12.539 [FXGL Background Thread 3 ] DEBUG Engine               - isProfilingEnabled: false
21:50:12.539 [FXGL Background Thread 3 ] DEBUG Engine               - isScaleAffectedOnResize: true
21:50:12.539 [FXGL Background Thread 3 ] DEBUG Engine               - isSingleStep: false
21:50:12.539 [FXGL Background Thread 3 ] DEBUG Engine               - isUserProfileEnabled: false
21:50:12.539 [FXGL Background Thread 3 ] DEBUG Engine               - isWindows: true
21:50:12.539 [FXGL Background Thread 3 ] DEBUG Engine               - language: ObjectProperty [value: ENGLISH]
21:50:12.539 [FXGL Background Thread 3 ] DEBUG Engine               - menuKey: ESCAPE
21:50:12.539 [FXGL Background Thread 3 ] DEBUG Engine               - mouseSensitivity: 0.2
21:50:12.539 [FXGL Background Thread 3 ] DEBUG Engine               - notificationViewClass: class com.almasb.fxgl.notification.view.XboxNotificationView
21:50:12.539 [FXGL Background Thread 3 ] DEBUG Engine               - pixelsPerMeter: 50.0
21:50:12.540 [FXGL Background Thread 3 ] DEBUG Engine               - platform: WINDOWS
21:50:12.540 [FXGL Background Thread 3 ] DEBUG Engine               - prefHeightProperty: ReadOnlyDoubleProperty [value: 700.0]
21:50:12.540 [FXGL Background Thread 3 ] DEBUG Engine               - prefWidthProperty: ReadOnlyDoubleProperty [value: 1050.0]
21:50:12.540 [FXGL Background Thread 3 ] DEBUG Engine               - profileDir: profiles/
21:50:12.540 [FXGL Background Thread 3 ] DEBUG Engine               - profileName: StringProperty [value: DEFAULT]
21:50:12.540 [FXGL Background Thread 3 ] DEBUG Engine               - randomSeed: -1
21:50:12.541 [FXGL Background Thread 3 ] DEBUG Engine               - runtimeInfo: RuntimeInfo(platform=WINDOWS, version=21, build=28.12.2023 13.35)
21:50:12.541 [FXGL Background Thread 3 ] DEBUG Engine               - saveFileExt: sav
21:50:12.541 [FXGL Background Thread 3 ] DEBUG Engine               - scaledHeightProp$fxgl: DoubleProperty [bound, value: 700.0]
21:50:12.541 [FXGL Background Thread 3 ] DEBUG Engine               - scaledWidthProp$fxgl: DoubleProperty [bound, value: 1050.0]
21:50:12.541 [FXGL Background Thread 3 ] DEBUG Engine               - sceneFactory: org.example.Main$1@7583a056
21:50:12.541 [FXGL Background Thread 3 ] DEBUG Engine               - secondsIn24h: 60
21:50:12.541 [FXGL Background Thread 3 ] DEBUG Engine               - soundMenuBack: menu/back.wav
21:50:12.541 [FXGL Background Thread 3 ] DEBUG Engine               - soundMenuPress: menu/press.wav
21:50:12.541 [FXGL Background Thread 3 ] DEBUG Engine               - soundMenuSelect: menu/select.wav
21:50:12.541 [FXGL Background Thread 3 ] DEBUG Engine               - soundNotification: core/notification.wav
21:50:12.542 [FXGL Background Thread 3 ] DEBUG Engine               - stageStyle: DECORATED
21:50:12.542 [FXGL Background Thread 3 ] DEBUG Engine               - supportedLanguages: [ENGLISH, FRENCH, GERMAN, HUNGARIAN, RUSSIAN]
21:50:12.542 [FXGL Background Thread 3 ] DEBUG Engine               - ticksPerSecond: -1
21:50:12.542 [FXGL Background Thread 3 ] DEBUG Engine               - title: Untitled
21:50:12.542 [FXGL Background Thread 3 ] DEBUG Engine               - urlGithub: https://github.com/AlmasB/FXGL
21:50:12.542 [FXGL Background Thread 3 ] DEBUG Engine               - urlLeaderboard: http://fxgl-top.herokuapp.com/
21:50:12.542 [FXGL Background Thread 3 ] DEBUG Engine               - urlPOM: https://raw.githubusercontent.com/AlmasB/FXGL/release/README.md
21:50:12.542 [FXGL Background Thread 3 ] DEBUG Engine               - userAppClass: class org.example.Main
21:50:12.542 [FXGL Background Thread 3 ] DEBUG Engine               - version: 0.0
21:50:12.542 [FXGL Background Thread 3 ] DEBUG Engine               - versionCheckDays: 7
21:50:12.542 [FXGL Background Thread 3 ] DEBUG Engine               - width: 1050
21:50:12.542 [FXGL Background Thread 3 ] DEBUG Engine               - Logging services
21:50:12.542 [FXGL Background Thread 3 ] DEBUG Engine               - class com.almasb.fxgl.app.services.FXGLAssetLoaderService
21:50:12.542 [FXGL Background Thread 3 ] DEBUG Engine               - class com.almasb.fxgl.app.FXGLApplication$GameApplicationService
21:50:12.542 [FXGL Background Thread 3 ] DEBUG Engine               - class com.almasb.fxgl.app.services.FXGLDialogService
21:50:12.542 [FXGL Background Thread 3 ] DEBUG Engine               - class com.almasb.fxgl.app.services.IOTaskExecutorService
21:50:12.542 [FXGL Background Thread 3 ] DEBUG Engine               - class com.almasb.fxgl.io.FileSystemService
21:50:12.542 [FXGL Background Thread 3 ] DEBUG Engine               - class com.almasb.fxgl.localization.LocalizationService
21:50:12.542 [FXGL Background Thread 3 ] DEBUG Engine               - class com.almasb.fxgl.app.services.SystemBundleService
21:50:12.542 [FXGL Background Thread 3 ] DEBUG Engine               - class com.almasb.fxgl.profile.SaveLoadService
21:50:12.542 [FXGL Background Thread 3 ] DEBUG Engine               - class com.almasb.fxgl.ui.FXGLUIFactoryServiceProvider
21:50:12.542 [FXGL Background Thread 3 ] DEBUG Engine               - class com.almasb.fxgl.ui.FXGLDialogFactoryServiceProvider
21:50:12.542 [FXGL Background Thread 3 ] DEBUG Engine               - class com.almasb.fxgl.audio.AudioPlayer
21:50:12.542 [FXGL Background Thread 3 ] DEBUG Engine               - class com.almasb.fxgl.notification.impl.NotificationServiceProvider
21:50:12.542 [FXGL Background Thread 3 ] DEBUG Engine               - class com.almasb.fxgl.achievement.AchievementService
21:50:12.542 [FXGL Background Thread 3 ] DEBUG Engine               - class com.almasb.fxgl.cutscene.CutsceneService
21:50:12.542 [FXGL Background Thread 3 ] DEBUG Engine               - class com.almasb.fxgl.minigames.MiniGameService
21:50:12.542 [FXGL Background Thread 3 ] DEBUG Engine               - class com.almasb.fxgl.net.NetService
21:50:12.542 [FXGL Background Thread 3 ] DEBUG Engine               - class com.almasb.fxgl.app.services.UpdaterService
21:50:12.542 [FXGL Background Thread 3 ] DEBUG Engine               - class com.almasb.fxgl.dev.DevService
21:50:21.552 [JavaFX Application Thread] DEBUG Menu                 - fireResume()
21:50:21.555 [JavaFX Application Thread] DEBUG PrimaryStageWindow   - Pop state: FXGLDefaultMenu
21:50:21.555 [JavaFX Application Thread] DEBUG Input                - Clearing active input actions
21:50:21.556 [JavaFX Application Thread] DEBUG GameApplicationServi - Removing overlay from FXGLDefaultMenu and adding to GameScene
21:50:21.557 [JavaFX Application Thread] DEBUG PrimaryStageWindow   - GameScene <- FXGLDefaultMenu
21:50:26.385 [JavaFX Application Thread] DEBUG FXGLAssetLoaderServi - Loading from file system: jar:file:/C:/Users/nykum/OneDrive/%c3%81rea%20de%20Trabalho/The-Fallen-Piolin-%20CODING/Game/target/The%20Fallen%20Piolin.jar!/assets/sounds/fire_launcher.wav
21:50:32.396 [JavaFX Application Thread] DEBUG FXGLAssetLoaderServi - Loading from file system: jar:file:/C:/Users/nykum/OneDrive/%c3%81rea%20de%20Trabalho/The-Fallen-Piolin-%20CODING/Game/target/The%20Fallen%20Piolin.jar!/assets/sounds/fogo.wav
21:50:36.320 [JavaFX Application Thread] DEBUG FXGLAssetLoaderServi - Loading from file system: jar:file:/C:/Users/nykum/OneDrive/%c3%81rea%20de%20Trabalho/The-Fallen-Piolin-%20CODING/Game/target/The%20Fallen%20Piolin.jar!/assets/textures/waterD.png
21:50:41.988 [JavaFX Application Thread] DEBUG FXGLAssetLoaderServi - Loading from file system: jar:file:/C:/Users/nykum/OneDrive/%c3%81rea%20de%20Trabalho/The-Fallen-Piolin-%20CODING/Game/target/The%20Fallen%20Piolin.jar!/assets/sounds/haha.wav
21:50:45.400 [JavaFX Application Thread] DEBUG FXGLAssetLoaderServi - Loading from file system: jar:file:/C:/Users/nykum/OneDrive/%c3%81rea%20de%20Trabalho/The-Fallen-Piolin-%20CODING/Game/target/The%20Fallen%20Piolin.jar!/assets/sounds/water.wav
21:51:01.286 [JavaFX Application Thread] DEBUG FXGLAssetLoaderServi - Loading from file system: jar:file:/C:/Users/nykum/OneDrive/%c3%81rea%20de%20Trabalho/The-Fallen-Piolin-%20CODING/Game/target/The%20Fallen%20Piolin.jar!/assets/sounds/vaiqueimar.wav
21:51:14.309 [JavaFX Application Thread] DEBUG AudioPlayer          - Pausing music com.almasb.fxgl.audio.Music@4d80561a
21:51:14.309 [JavaFX Application Thread] DEBUG LoopRunner           - Pausing loop
21:51:18.592 [JavaFX Application Thread] DEBUG FXGLApplication      - Exiting FXGL
21:51:18.592 [JavaFX Application Thread] DEBUG LoopRunner           - Stopping loop
21:51:18.592 [JavaFX Application Thread] DEBUG SystemBundleService  - Saving FXGL system data
21:51:18.594 [JavaFX Application Thread] DEBUG FileSystemAccess     - Writing to: C:\Users\nykum\OneDrive\Área de Trabalho\The-Fallen-Piolin- CODING\Game\target\system\fxgl.bundle
21:51:18.596 [JavaFX Application Thread] DEBUG Async                - Shutting down background threads
21:51:18.596 [JavaFX Application Thread] DEBUG PrimaryStageWindow   - Closing main window
21:51:18.612 [JavaFX Application Thread] DEBUG Logger               - Closing Logger
