21:40:15.080 [main                     ] DEBUG Logger               - Configured Logger
21:40:15.105 [main                     ] DEBUG GameApplication      - Logging settings
Title: Untitled
Version: 0.0
Width: 1050
Height: 700
Fullscreen: false
Intro: false
Profiling: false
Single step:false
App Mode: DEVELOPER
Menu Key: ESCAPE
Stage Style: DECORATED
Scene Factory: class org.example.Main$1

21:40:15.497 [JavaFX Application Thread] DEBUG FXGLApplication      - Initializing FXGL
21:40:15.501 [JavaFX Application Thread] INFO  Engine               - FXGL-21 (28.12.2023 13.35) on WINDOWS (J:21.0.3 FX:21.0.1)
21:40:15.501 [JavaFX Application Thread] DEBUG Engine               - JRE Vendor Name: Oracle Corporation
21:40:15.501 [JavaFX Application Thread] DEBUG Engine               - Running on OS: Windows 11 version 10.0
21:40:15.501 [JavaFX Application Thread] DEBUG Engine               - Architecture: amd64
21:40:15.501 [JavaFX Application Thread] INFO  Engine               - Source code and latest versions at: https://github.com/AlmasB/FXGL
21:40:15.501 [JavaFX Application Thread] INFO  Engine               -       Ask questions and discuss at: https://github.com/AlmasB/FXGL/discussions
21:40:15.501 [JavaFX Application Thread] INFO  Engine               -              Join the FXGL chat at: https://gitter.im/AlmasB/FXGL
21:40:15.590 [JavaFX Application Thread] DEBUG PrimaryStageWindow   - Creating a JavaFX scene
21:40:15.630 [JavaFX Application Thread] DEBUG PrimaryStageWindow   - Target settings size: 1050.0 x 700.0
21:40:15.630 [JavaFX Application Thread] DEBUG PrimaryStageWindow   - Scaled scene size:    1050.0 x 700.0
21:40:15.631 [JavaFX Application Thread] DEBUG PrimaryStageWindow   - Scaled ratio: (1.0, 1.0)
21:40:15.632 [JavaFX Application Thread] DEBUG PrimaryStageWindow   - Set initial scene to FXGLStartupScene
21:40:15.636 [JavaFX Application Thread] DEBUG PrimaryStageWindow   - Opening main window
21:40:15.715 [JavaFX Application Thread] DEBUG PrimaryStageWindow   - Window border size: (16.0, 39.0)
21:40:15.716 [JavaFX Application Thread] DEBUG PrimaryStageWindow   - Scaled size: 1050.0 x 700.0
21:40:15.716 [JavaFX Application Thread] DEBUG PrimaryStageWindow   - Scaled ratio: (1.0, 1.0)
21:40:15.716 [JavaFX Application Thread] DEBUG PrimaryStageWindow   - Scene size: 1050.0 x 700.0
21:40:15.717 [JavaFX Application Thread] DEBUG PrimaryStageWindow   - Stage size: 1066.0 x 739.0
21:40:15.722 [FXGL Background Thread 1 ] DEBUG Engine               - Initializing environment variables
21:40:15.777 [FXGL Background Thread 1 ] DEBUG FXGLAssetLoaderServi - User app class for loading assets: class org.example.Main
21:40:15.778 [FXGL Background Thread 1 ] DEBUG GameApplicationServi - Applying CSS: fxgl_dark.css
21:40:15.778 [FXGL Background Thread 1 ] DEBUG FXGLAssetLoaderServi - Loading from file system: jar:file:/C:/Users/nykum/OneDrive/%c3%81rea%20de%20Trabalho/The-Fallen-Piolin-%20CODING/Game/target/The%20Fallen%20Piolin.jar!/fxglassets/ui/css/fxgl_dark.css
21:40:15.829 [FXGL Background Thread 1 ] DEBUG GameApplicationServi - Initializing application scenes
21:40:15.999 [FXGL Background Thread 1 ] WARN  FXGLAssetLoaderServi - Asset "/assets/textures/player.png" was not found!
21:40:15.999 [FXGL Background Thread 1 ] WARN  FXGLAssetLoaderServi - Failed to load IMAGE
21:40:16.024 [FXGL Background Thread 1 ] DEBUG GameWorld            - Game world initialized
21:40:16.068 [FXGL Background Thread 1 ] DEBUG PhysicsWorld         - Physics world initialized: appHeight=700, physics.ppm=50,0
21:40:16.069 [FXGL Background Thread 1 ] DEBUG PhysicsWorld         - Using strategy: BRUTE_FORCE
21:40:16.073 [FXGL Background Thread 1 ] DEBUG GameScene            - Game scene initialized: 1050x700
21:40:16.084 [FXGL Background Thread 1 ] DEBUG FXGL.DefaultMenu     - createMenuBodyGameMenu()
21:40:16.107 [FXGL Background Thread 1 ] DEBUG FXGL.DefaultMenu     - createOptionsMenu()
21:40:16.116 [FXGL Background Thread 1 ] DEBUG FXGLAssetLoaderServi - Loading from file system: jar:file:/C:/Users/nykum/OneDrive/%c3%81rea%20de%20Trabalho/The-Fallen-Piolin-%20CODING/Game/target/The%20Fallen%20Piolin.jar!/fxglassets/textures/particles/smoke.png
21:40:16.218 [FXGL Background Thread 1 ] DEBUG FXGLAssetLoaderServi - Loading from file system: jar:file:/C:/Users/nykum/OneDrive/%c3%81rea%20de%20Trabalho/The-Fallen-Piolin-%20CODING/Game/target/The%20Fallen%20Piolin.jar!/fxglassets/textures/particles/trace_horizontal.png
21:40:16.250 [FXGL Background Thread 1 ] DEBUG GameApplicationServi - Application scenes initialized
21:40:16.263 [FXGL Background Thread 1 ] DEBUG SystemBundleService  - Loading FXGL system data
21:40:16.272 [FXGL Background Thread 1 ] DEBUG FileSystemAccess     - Reading from: C:\Users\nykum\OneDrive\Área de Trabalho\The-Fallen-Piolin- CODING\Game\target\system\fxgl.bundle
21:40:16.281 [FXGL Background Thread 1 ] DEBUG SystemBundleService  - Bundle FXGL: {}
21:40:16.281 [FXGL Background Thread 1 ] DEBUG UpdaterService       - Checking for updates
21:40:16.305 [FXGL Background Thread 4 ] DEBUG FXGLApplication      - Loading fonts
21:40:16.306 [FXGL Background Thread 4 ] DEBUG FXGLAssetLoaderServi - Loading from file system: jar:file:/C:/Users/nykum/OneDrive/%c3%81rea%20de%20Trabalho/The-Fallen-Piolin-%20CODING/Game/target/The%20Fallen%20Piolin.jar!/fxglassets/ui/fonts/VarelaRound-Regular.ttf
21:40:16.306 [FXGL Background Thread 1 ] DEBUG FXGLApplication      - Loading default localization
21:40:16.307 [FXGL Background Thread 1 ] DEBUG FXGLAssetLoaderServi - Loading from file system: jar:file:/C:/Users/nykum/OneDrive/%c3%81rea%20de%20Trabalho/The-Fallen-Piolin-%20CODING/Game/target/The%20Fallen%20Piolin.jar!/fxglassets/languages/english.lang
21:40:16.333 [FXGL Background Thread 1 ] INFO  FXGLApplication      - FXGL initialization took: 0,610 sec
21:40:16.334 [FXGL Background Thread 4 ] DEBUG FXGLAssetLoaderServi - Loading from file system: jar:file:/C:/Users/nykum/OneDrive/%c3%81rea%20de%20Trabalho/The-Fallen-Piolin-%20CODING/Game/target/The%20Fallen%20Piolin.jar!/fxglassets/ui/fonts/Abel-Regular.ttf
21:40:16.337 [FXGL Background Thread 4 ] DEBUG FXGLAssetLoaderServi - Loading from file system: jar:file:/C:/Users/nykum/OneDrive/%c3%81rea%20de%20Trabalho/The-Fallen-Piolin-%20CODING/Game/target/The%20Fallen%20Piolin.jar!/fxglassets/ui/fonts/TerminalLandMono-Regular.otf
21:40:16.341 [FXGL Background Thread 4 ] DEBUG FXGLAssetLoaderServi - Loading from file system: jar:file:/C:/Users/nykum/OneDrive/%c3%81rea%20de%20Trabalho/The-Fallen-Piolin-%20CODING/Game/target/The%20Fallen%20Piolin.jar!/fxglassets/ui/fonts/Courier-Prime.ttf
21:40:16.344 [JavaFX Application Thread] DEBUG Input                - Registered new binding: Left - A
21:40:16.344 [JavaFX Application Thread] DEBUG Input                - Registered new binding: Right - D
21:40:16.344 [JavaFX Application Thread] DEBUG Input                - Registered new binding: Jump - W
21:40:16.345 [JavaFX Application Thread] DEBUG Input                - Registered new binding: Disparar pena - LMB
21:40:16.346 [JavaFX Application Thread] DEBUG Input                - Registered new binding: Disparar água - RMB
21:40:16.346 [JavaFX Application Thread] DEBUG Input                - Registered new binding: PAUSE - F
21:40:16.346 [JavaFX Application Thread] DEBUG Input                - Registered new binding: RESUME - G
21:40:16.346 [JavaFX Application Thread] DEBUG Input                - Registered new binding: Move espalha lixo para a esquerda! - J
21:40:16.346 [JavaFX Application Thread] DEBUG Input                - Registered new binding: Move espalha lixo para a direita! - K
21:40:16.346 [JavaFX Application Thread] DEBUG Input                - Registered new binding: Disparar com Espalha Lixo - L
21:40:16.346 [JavaFX Application Thread] DEBUG FXGLAssetLoaderServi - Loading from file system: jar:file:/C:/Users/nykum/OneDrive/%c3%81rea%20de%20Trabalho/The-Fallen-Piolin-%20CODING/Game/target/The%20Fallen%20Piolin.jar!/assets/music/backsound.wav
21:40:16.448 [JavaFX Application Thread] DEBUG AudioPlayer          - Playing music com.almasb.fxgl.audio.Music@307a6dcc
21:40:16.448 [JavaFX Application Thread] DEBUG FXGLAssetLoaderServi - Loading from file system: jar:file:/C:/Users/nykum/OneDrive/%c3%81rea%20de%20Trabalho/The-Fallen-Piolin-%20CODING/Game/target/The%20Fallen%20Piolin.jar!/fxglassets/textures/fxgl_icon.png
21:40:16.468 [JavaFX Application Thread] DEBUG FXGLAssetLoaderServi - Loading from file system: jar:file:/C:/Users/nykum/OneDrive/%c3%81rea%20de%20Trabalho/The-Fallen-Piolin-%20CODING/Game/target/The%20Fallen%20Piolin.jar!/fxglassets/textures/fxgl_default_cursor.png
21:40:16.469 [JavaFX Application Thread] DEBUG Input                - Registered new binding: Screenshot - CTRL+8
21:40:16.470 [JavaFX Application Thread] DEBUG Input                - Registered new binding: Dev Options - 1
21:40:16.470 [JavaFX Application Thread] DEBUG Input                - Registered new binding: Dev Console - 2
21:40:16.470 [JavaFX Application Thread] DEBUG Input                - Registered new binding: System info dump - CTRL+9
21:40:16.471 [JavaFX Application Thread] DEBUG Input                - Registered new binding: Restart - CTRL+R
21:40:16.471 [JavaFX Application Thread] DEBUG Input                - Registered new binding: Toggle Debug Camera - CTRL+7
21:40:16.474 [JavaFX Application Thread] DEBUG LoopRunner           - Starting loop
21:40:16.486 [JavaFX Application Thread] DEBUG LoopRunner           - Initializing JavaFX AnimationTimerLoop
21:40:16.488 [JavaFX Application Thread] DEBUG GameApplicationServi - Starting new game
21:40:16.488 [JavaFX Application Thread] DEBUG Input                - Clearing active input actions
21:40:16.508 [JavaFX Application Thread] DEBUG GameApplicationServi - Removing overlay from FXGLStartupScene and adding to MainLoadingScene
21:40:16.512 [JavaFX Application Thread] DEBUG PrimaryStageWindow   - FXGLStartupScene -> MainLoadingScene
21:40:16.512 [JavaFX Application Thread] DEBUG GameApplicationServi - Clearing previous game
21:40:16.512 [JavaFX Application Thread] DEBUG GameScene            - Clearing game scene
21:40:16.512 [JavaFX Application Thread] DEBUG GameWorld            - Clearing game world
21:40:16.513 [JavaFX Application Thread] DEBUG PhysicsWorld         - Clearing physics world
21:40:16.514 [FXGL Background Thread 4 ] DEBUG FXGLApplication      - Initializing game
21:40:16.515 [FXGL Background Thread 4 ] DEBUG FXGLAssetLoaderServi - Loading from file system: jar:file:/C:/Users/nykum/OneDrive/%c3%81rea%20de%20Trabalho/The-Fallen-Piolin-%20CODING/Game/target/The%20Fallen%20Piolin.jar!/assets/sounds/detenha.wav
21:40:16.539 [FXGL Background Thread 4 ] DEBUG FXGLAssetLoaderServi - Loading from file system: jar:file:/C:/Users/nykum/OneDrive/%c3%81rea%20de%20Trabalho/The-Fallen-Piolin-%20CODING/Game/target/The%20Fallen%20Piolin.jar!/assets/textures/background/forest.png
21:40:16.691 [FXGL Background Thread 4 ] WARN  TMXLevelLoader       - TiledMap generated from 1.10.2. Supported version: 1.9.0. Some features may not be parsed fully.
21:40:16.755 [FXGL Background Thread 4 ] DEBUG TMXLevelLoader       - Parsed TiledMap: jar:file:/C:/Users/nykum/OneDrive/%c3%81rea%20de%20Trabalho/The-Fallen-Piolin-%20CODING/Game/target/The%20Fallen%20Piolin.jar!/assets/levels/tmx/map-remastered8.tmx
21:40:16.756 [FXGL Background Thread 2 ] INFO  UpdaterService       - Your current version:  21
21:40:16.756 [FXGL Background Thread 4 ] DEBUG TMXLevelLoader       - Creating tile layer entities
21:40:16.756 [FXGL Background Thread 2 ] INFO  UpdaterService       - Latest stable version: 21.1
21:40:16.758 [FXGL Background Thread 4 ] DEBUG TilesetLoader        - Loading view for layer lower-down-above
21:40:16.761 [FXGL Background Thread 4 ] DEBUG TilesetLoader        - Created buffer with size 2560.0x800.0
21:40:16.781 [FXGL Background Thread 4 ] DEBUG TilesetLoader        - Loading view for layer end
21:40:16.788 [FXGL Background Thread 4 ] DEBUG TilesetLoader        - Created buffer with size 2560.0x800.0
21:40:16.794 [FXGL Background Thread 4 ] DEBUG TilesetLoader        - Loading view for layer middle
21:40:16.799 [FXGL Background Thread 4 ] DEBUG TilesetLoader        - Created buffer with size 2560.0x800.0
21:40:16.800 [FXGL Background Thread 4 ] DEBUG TilesetLoader        - Loading view for layer first
21:40:16.807 [FXGL Background Thread 4 ] DEBUG TilesetLoader        - Created buffer with size 2560.0x800.0
21:40:16.809 [FXGL Background Thread 4 ] DEBUG TilesetLoader        - Loading view for layer last
21:40:16.818 [FXGL Background Thread 4 ] DEBUG TilesetLoader        - Created buffer with size 2560.0x800.0
21:40:16.820 [FXGL Background Thread 4 ] DEBUG TilesetLoader        - Loading view for layer trees to burn
21:40:16.832 [FXGL Background Thread 4 ] DEBUG TilesetLoader        - Created buffer with size 2560.0x800.0
21:40:16.834 [FXGL Background Thread 4 ] DEBUG TilesetLoader        - Loading view for layer front-one-more
21:40:16.844 [FXGL Background Thread 4 ] DEBUG TilesetLoader        - Created buffer with size 2560.0x800.0
21:40:16.845 [FXGL Background Thread 4 ] DEBUG TMXLevelLoader       - Creating object layer entities
21:40:16.899 [FXGL Background Thread 4 ] DEBUG GameWorld            - Clearing removable entities
21:40:16.899 [FXGL Background Thread 4 ] DEBUG GameWorld            - Setting level: com.almasb.fxgl.entity.level.Level@45241cea
21:40:16.912 [FXGL Background Thread 4 ] DEBUG FXGLAssetLoaderServi - Loading from file system: jar:file:/C:/Users/nykum/OneDrive/%c3%81rea%20de%20Trabalho/The-Fallen-Piolin-%20CODING/Game/target/The%20Fallen%20Piolin.jar!/assets/textures/walk_piolin1-Sheet.png
21:40:16.927 [FXGL Background Thread 4 ] DEBUG FXGLAssetLoaderServi - Loading from file system: jar:file:/C:/Users/nykum/OneDrive/%c3%81rea%20de%20Trabalho/The-Fallen-Piolin-%20CODING/Game/target/The%20Fallen%20Piolin.jar!/assets/textures/whole-espalha-lixot.png
21:40:16.934 [FXGL Background Thread 4 ] INFO  FXGLApplication      - Game initialization took: 0,420 sec
21:40:16.936 [JavaFX Application Thread] DEBUG Input                - Clearing active input actions
21:40:16.944 [JavaFX Application Thread] DEBUG GameApplicationServi - Removing overlay from MainLoadingScene and adding to GameScene
21:40:16.950 [JavaFX Application Thread] DEBUG PrimaryStageWindow   - MainLoadingScene -> GameScene
21:40:18.767 [JavaFX Application Thread] DEBUG FXGLAssetLoaderServi - Loading from file system: jar:file:/C:/Users/nykum/OneDrive/%c3%81rea%20de%20Trabalho/The-Fallen-Piolin-%20CODING/Game/target/The%20Fallen%20Piolin.jar!/assets/textures/tiro_de_fogo.png
21:40:19.304 [FXGL Background Thread 3 ] DEBUG Engine               - Logging environment variables
21:40:19.304 [FXGL Background Thread 3 ] DEBUG Engine               - achievements: []
21:40:19.305 [FXGL Background Thread 3 ] DEBUG Engine               - actualHeight: 700.0
21:40:19.305 [FXGL Background Thread 3 ] DEBUG Engine               - actualHeightProperty: ReadOnlyDoubleProperty [value: 700.0]
21:40:19.305 [FXGL Background Thread 3 ] DEBUG Engine               - actualWidth: 1050.0
21:40:19.305 [FXGL Background Thread 3 ] DEBUG Engine               - actualWidthProperty: ReadOnlyDoubleProperty [value: 1050.0]
21:40:19.305 [FXGL Background Thread 3 ] DEBUG Engine               - appIcon: fxgl_icon.png
21:40:19.305 [FXGL Background Thread 3 ] DEBUG Engine               - applicationMode: DEVELOPER
21:40:19.305 [FXGL Background Thread 3 ] DEBUG Engine               - cSSList: [fxgl_dark.css]
21:40:19.305 [FXGL Background Thread 3 ] DEBUG Engine               - collisionDetectionStrategy: BRUTE_FORCE
21:40:19.306 [FXGL Background Thread 3 ] DEBUG Engine               - configClass: Optional.empty
21:40:19.307 [FXGL Background Thread 3 ] DEBUG Engine               - credits: []
21:40:19.308 [FXGL Background Thread 3 ] DEBUG Engine               - defaultCursor: CursorInfo(imageName=fxgl_default_cursor.png, hotspotX=7.0, hotspotY=6.0)
21:40:19.308 [FXGL Background Thread 3 ] DEBUG Engine               - devBBoxColorProperty: ObjectProperty [value: 0xff0000ff]
21:40:19.308 [FXGL Background Thread 3 ] DEBUG Engine               - devEnableDebugCameraProperty: BooleanProperty [value: false]
21:40:19.308 [FXGL Background Thread 3 ] DEBUG Engine               - devSensorColorProperty: ObjectProperty [value: 0xffff00ff]
21:40:19.308 [FXGL Background Thread 3 ] DEBUG Engine               - devShowBBoxProperty: BooleanProperty [value: false]
21:40:19.308 [FXGL Background Thread 3 ] DEBUG Engine               - devShowPositionProperty: BooleanProperty [value: false]
21:40:19.308 [FXGL Background Thread 3 ] DEBUG Engine               - enabledMenuItems: []
21:40:19.308 [FXGL Background Thread 3 ] DEBUG Engine               - engineServices: [class com.almasb.fxgl.app.services.FXGLAssetLoaderService, class com.almasb.fxgl.app.FXGLApplication$GameApplicationService, class com.almasb.fxgl.app.services.FXGLDialogService, class com.almasb.fxgl.app.services.IOTaskExecutorService, class com.almasb.fxgl.io.FileSystemService, class com.almasb.fxgl.localization.LocalizationService, class com.almasb.fxgl.app.services.SystemBundleService, class com.almasb.fxgl.profile.SaveLoadService, class com.almasb.fxgl.ui.FXGLUIFactoryServiceProvider, class com.almasb.fxgl.ui.FXGLDialogFactoryServiceProvider, class com.almasb.fxgl.audio.AudioPlayer, class com.almasb.fxgl.notification.impl.NotificationServiceProvider, class com.almasb.fxgl.achievement.AchievementService, class com.almasb.fxgl.cutscene.CutsceneService, class com.almasb.fxgl.minigames.MiniGameService, class com.almasb.fxgl.net.NetService, class com.almasb.fxgl.app.services.UpdaterService, class com.almasb.fxgl.dev.DevService]
21:40:19.308 [FXGL Background Thread 3 ] DEBUG Engine               - fontGame: Abel-Regular.ttf
21:40:19.309 [FXGL Background Thread 3 ] DEBUG Engine               - fontMono: TerminalLandMono-Regular.otf
21:40:19.309 [FXGL Background Thread 3 ] DEBUG Engine               - fontSizeScaleUI: 1.0
21:40:19.309 [FXGL Background Thread 3 ] DEBUG Engine               - fontText: Courier-Prime.ttf
21:40:19.309 [FXGL Background Thread 3 ] DEBUG Engine               - fontUI: VarelaRound-Regular.ttf
21:40:19.309 [FXGL Background Thread 3 ] DEBUG Engine               - fullScreen: BooleanProperty [value: false]
21:40:19.309 [FXGL Background Thread 3 ] DEBUG Engine               - gameDifficulty: MEDIUM
21:40:19.309 [FXGL Background Thread 3 ] DEBUG Engine               - gameDifficultyProperty: ObjectProperty [value: MEDIUM]
21:40:19.309 [FXGL Background Thread 3 ] DEBUG Engine               - globalMusicVolume: 0.5
21:40:19.309 [FXGL Background Thread 3 ] DEBUG Engine               - globalMusicVolumeProperty: DoubleProperty [value: 0.2]
21:40:19.309 [FXGL Background Thread 3 ] DEBUG Engine               - globalSoundVolume: 0.5
21:40:19.309 [FXGL Background Thread 3 ] DEBUG Engine               - globalSoundVolumeProperty: DoubleProperty [value: 0.5]
21:40:19.310 [FXGL Background Thread 3 ] DEBUG Engine               - height: 700
21:40:19.310 [FXGL Background Thread 3 ] DEBUG Engine               - is3D: false
21:40:19.310 [FXGL Background Thread 3 ] DEBUG Engine               - isAndroid: false
21:40:19.310 [FXGL Background Thread 3 ] DEBUG Engine               - isBrowser: false
21:40:19.310 [FXGL Background Thread 3 ] DEBUG Engine               - isClickFeedbackEnabled: false
21:40:19.310 [FXGL Background Thread 3 ] DEBUG Engine               - isCloseConfirmation: false
21:40:19.310 [FXGL Background Thread 3 ] DEBUG Engine               - isDesktop: true
21:40:19.310 [FXGL Background Thread 3 ] DEBUG Engine               - isDeveloperMenuEnabled: true
21:40:19.310 [FXGL Background Thread 3 ] DEBUG Engine               - isEmbedded: false
21:40:19.310 [FXGL Background Thread 3 ] DEBUG Engine               - isEntityPreloadEnabled: true
21:40:19.310 [FXGL Background Thread 3 ] DEBUG Engine               - isExperimentalTiledLargeMap: false
21:40:19.310 [FXGL Background Thread 3 ] DEBUG Engine               - isFileSystemWriteAllowed: true
21:40:19.311 [FXGL Background Thread 3 ] DEBUG Engine               - isFullScreenAllowed: false
21:40:19.311 [FXGL Background Thread 3 ] DEBUG Engine               - isFullScreenFromStart: false
21:40:19.311 [FXGL Background Thread 3 ] DEBUG Engine               - isGameMenuEnabled: true
21:40:19.311 [FXGL Background Thread 3 ] DEBUG Engine               - isIOS: false
21:40:19.311 [FXGL Background Thread 3 ] DEBUG Engine               - isIntroEnabled: false
21:40:19.311 [FXGL Background Thread 3 ] DEBUG Engine               - isLinux: false
21:40:19.311 [FXGL Background Thread 3 ] DEBUG Engine               - isMac: false
21:40:19.311 [FXGL Background Thread 3 ] DEBUG Engine               - isMainMenuEnabled: false
21:40:19.311 [FXGL Background Thread 3 ] DEBUG Engine               - isManualResizeEnabled: false
21:40:19.311 [FXGL Background Thread 3 ] DEBUG Engine               - isMobile: false
21:40:19.311 [FXGL Background Thread 3 ] DEBUG Engine               - isNative: false
21:40:19.311 [FXGL Background Thread 3 ] DEBUG Engine               - isPauseMusicWhenMinimized: true
21:40:19.311 [FXGL Background Thread 3 ] DEBUG Engine               - isPreserveResizeRatio: false
21:40:19.311 [FXGL Background Thread 3 ] DEBUG Engine               - isProfilingEnabled: false
21:40:19.311 [FXGL Background Thread 3 ] DEBUG Engine               - isScaleAffectedOnResize: true
21:40:19.311 [FXGL Background Thread 3 ] DEBUG Engine               - isSingleStep: false
21:40:19.311 [FXGL Background Thread 3 ] DEBUG Engine               - isUserProfileEnabled: false
21:40:19.311 [FXGL Background Thread 3 ] DEBUG Engine               - isWindows: true
21:40:19.311 [FXGL Background Thread 3 ] DEBUG Engine               - language: ObjectProperty [value: ENGLISH]
21:40:19.311 [FXGL Background Thread 3 ] DEBUG Engine               - menuKey: ESCAPE
21:40:19.311 [FXGL Background Thread 3 ] DEBUG Engine               - mouseSensitivity: 0.2
21:40:19.312 [FXGL Background Thread 3 ] DEBUG Engine               - notificationViewClass: class com.almasb.fxgl.notification.view.XboxNotificationView
21:40:19.312 [FXGL Background Thread 3 ] DEBUG Engine               - pixelsPerMeter: 50.0
21:40:19.312 [FXGL Background Thread 3 ] DEBUG Engine               - platform: WINDOWS
21:40:19.312 [FXGL Background Thread 3 ] DEBUG Engine               - prefHeightProperty: ReadOnlyDoubleProperty [value: 700.0]
21:40:19.312 [FXGL Background Thread 3 ] DEBUG Engine               - prefWidthProperty: ReadOnlyDoubleProperty [value: 1050.0]
21:40:19.312 [FXGL Background Thread 3 ] DEBUG Engine               - profileDir: profiles/
21:40:19.312 [FXGL Background Thread 3 ] DEBUG Engine               - profileName: StringProperty [value: DEFAULT]
21:40:19.312 [FXGL Background Thread 3 ] DEBUG Engine               - randomSeed: -1
21:40:19.313 [FXGL Background Thread 3 ] DEBUG Engine               - runtimeInfo: RuntimeInfo(platform=WINDOWS, version=21, build=28.12.2023 13.35)
21:40:19.313 [FXGL Background Thread 3 ] DEBUG Engine               - saveFileExt: sav
21:40:19.313 [FXGL Background Thread 3 ] DEBUG Engine               - scaledHeightProp$fxgl: DoubleProperty [bound, value: 700.0]
21:40:19.313 [FXGL Background Thread 3 ] DEBUG Engine               - scaledWidthProp$fxgl: DoubleProperty [bound, value: 1050.0]
21:40:19.313 [FXGL Background Thread 3 ] DEBUG Engine               - sceneFactory: org.example.Main$1@38d4acad
21:40:19.313 [FXGL Background Thread 3 ] DEBUG Engine               - secondsIn24h: 60
21:40:19.313 [FXGL Background Thread 3 ] DEBUG Engine               - soundMenuBack: menu/back.wav
21:40:19.313 [FXGL Background Thread 3 ] DEBUG Engine               - soundMenuPress: menu/press.wav
21:40:19.313 [FXGL Background Thread 3 ] DEBUG Engine               - soundMenuSelect: menu/select.wav
21:40:19.313 [FXGL Background Thread 3 ] DEBUG Engine               - soundNotification: core/notification.wav
21:40:19.313 [FXGL Background Thread 3 ] DEBUG Engine               - stageStyle: DECORATED
21:40:19.314 [FXGL Background Thread 3 ] DEBUG Engine               - supportedLanguages: [ENGLISH, FRENCH, GERMAN, HUNGARIAN, RUSSIAN]
21:40:19.314 [FXGL Background Thread 3 ] DEBUG Engine               - ticksPerSecond: -1
21:40:19.314 [FXGL Background Thread 3 ] DEBUG Engine               - title: Untitled
21:40:19.314 [FXGL Background Thread 3 ] DEBUG Engine               - urlGithub: https://github.com/AlmasB/FXGL
21:40:19.314 [FXGL Background Thread 3 ] DEBUG Engine               - urlLeaderboard: http://fxgl-top.herokuapp.com/
21:40:19.314 [FXGL Background Thread 3 ] DEBUG Engine               - urlPOM: https://raw.githubusercontent.com/AlmasB/FXGL/release/README.md
21:40:19.314 [FXGL Background Thread 3 ] DEBUG Engine               - userAppClass: class org.example.Main
21:40:19.314 [FXGL Background Thread 3 ] DEBUG Engine               - version: 0.0
21:40:19.315 [FXGL Background Thread 3 ] DEBUG Engine               - versionCheckDays: 7
21:40:19.315 [FXGL Background Thread 3 ] DEBUG Engine               - width: 1050
21:40:19.315 [FXGL Background Thread 3 ] DEBUG Engine               - Logging services
21:40:19.315 [FXGL Background Thread 3 ] DEBUG Engine               - class com.almasb.fxgl.app.services.FXGLAssetLoaderService
21:40:19.315 [FXGL Background Thread 3 ] DEBUG Engine               - class com.almasb.fxgl.app.FXGLApplication$GameApplicationService
21:40:19.315 [FXGL Background Thread 3 ] DEBUG Engine               - class com.almasb.fxgl.app.services.FXGLDialogService
21:40:19.315 [FXGL Background Thread 3 ] DEBUG Engine               - class com.almasb.fxgl.app.services.IOTaskExecutorService
21:40:19.315 [FXGL Background Thread 3 ] DEBUG Engine               - class com.almasb.fxgl.io.FileSystemService
21:40:19.315 [FXGL Background Thread 3 ] DEBUG Engine               - class com.almasb.fxgl.localization.LocalizationService
21:40:19.315 [FXGL Background Thread 3 ] DEBUG Engine               - class com.almasb.fxgl.app.services.SystemBundleService
21:40:19.316 [FXGL Background Thread 3 ] DEBUG Engine               - class com.almasb.fxgl.profile.SaveLoadService
21:40:19.316 [FXGL Background Thread 3 ] DEBUG Engine               - class com.almasb.fxgl.ui.FXGLUIFactoryServiceProvider
21:40:19.316 [FXGL Background Thread 3 ] DEBUG Engine               - class com.almasb.fxgl.ui.FXGLDialogFactoryServiceProvider
21:40:19.316 [FXGL Background Thread 3 ] DEBUG Engine               - class com.almasb.fxgl.audio.AudioPlayer
21:40:19.316 [FXGL Background Thread 3 ] DEBUG Engine               - class com.almasb.fxgl.notification.impl.NotificationServiceProvider
21:40:19.316 [FXGL Background Thread 3 ] DEBUG Engine               - class com.almasb.fxgl.achievement.AchievementService
21:40:19.316 [FXGL Background Thread 3 ] DEBUG Engine               - class com.almasb.fxgl.cutscene.CutsceneService
21:40:19.316 [FXGL Background Thread 3 ] DEBUG Engine               - class com.almasb.fxgl.minigames.MiniGameService
21:40:19.316 [FXGL Background Thread 3 ] DEBUG Engine               - class com.almasb.fxgl.net.NetService
21:40:19.316 [FXGL Background Thread 3 ] DEBUG Engine               - class com.almasb.fxgl.app.services.UpdaterService
21:40:19.316 [FXGL Background Thread 3 ] DEBUG Engine               - class com.almasb.fxgl.dev.DevService
21:40:19.328 [JavaFX Application Thread] DEBUG PrimaryStageWindow   - Push state: FXGLDefaultMenu
21:40:19.330 [JavaFX Application Thread] DEBUG Input                - Clearing active input actions
21:40:19.332 [JavaFX Application Thread] DEBUG GameApplicationServi - Removing overlay from GameScene and adding to FXGLDefaultMenu
21:40:19.334 [JavaFX Application Thread] DEBUG PrimaryStageWindow   - GameScene -> FXGLDefaultMenu
21:40:55.243 [JavaFX Application Thread] DEBUG AudioPlayer          - Pausing music com.almasb.fxgl.audio.Music@307a6dcc
21:40:55.243 [JavaFX Application Thread] DEBUG LoopRunner           - Pausing loop
21:41:02.896 [JavaFX Application Thread] DEBUG LoopRunner           - Resuming loop
21:41:02.896 [JavaFX Application Thread] DEBUG AudioPlayer          - Resuming music com.almasb.fxgl.audio.Music@307a6dcc
21:41:03.647 [JavaFX Application Thread] DEBUG Menu                 - fireResume()
21:41:03.649 [JavaFX Application Thread] DEBUG PrimaryStageWindow   - Pop state: FXGLDefaultMenu
21:41:03.649 [JavaFX Application Thread] DEBUG Input                - Clearing active input actions
21:41:03.650 [JavaFX Application Thread] DEBUG GameApplicationServi - Removing overlay from FXGLDefaultMenu and adding to GameScene
21:41:03.651 [JavaFX Application Thread] DEBUG PrimaryStageWindow   - GameScene <- FXGLDefaultMenu
21:41:04.258 [JavaFX Application Thread] DEBUG FXGLAssetLoaderServi - Loading from file system: jar:file:/C:/Users/nykum/OneDrive/%c3%81rea%20de%20Trabalho/The-Fallen-Piolin-%20CODING/Game/target/The%20Fallen%20Piolin.jar!/assets/sounds/fire_launcher.wav
21:41:04.589 [JavaFX Application Thread] DEBUG PrimaryStageWindow   - Push state: FXGLDefaultMenu
21:41:04.589 [JavaFX Application Thread] DEBUG Input                - Clearing active input actions
21:41:04.591 [JavaFX Application Thread] DEBUG GameApplicationServi - Removing overlay from GameScene and adding to FXGLDefaultMenu
21:41:04.591 [JavaFX Application Thread] DEBUG PrimaryStageWindow   - GameScene -> FXGLDefaultMenu
21:41:05.747 [JavaFX Application Thread] DEBUG AudioPlayer          - Pausing music com.almasb.fxgl.audio.Music@307a6dcc
21:41:05.747 [JavaFX Application Thread] DEBUG LoopRunner           - Pausing loop
21:41:19.049 [JavaFX Application Thread] DEBUG LoopRunner           - Resuming loop
21:41:19.050 [JavaFX Application Thread] DEBUG AudioPlayer          - Resuming music com.almasb.fxgl.audio.Music@307a6dcc
21:41:23.444 [JavaFX Application Thread] DEBUG Menu                 - fireResume()
21:41:23.444 [JavaFX Application Thread] DEBUG PrimaryStageWindow   - Pop state: FXGLDefaultMenu
21:41:23.444 [JavaFX Application Thread] DEBUG Input                - Clearing active input actions
21:41:23.445 [JavaFX Application Thread] DEBUG GameApplicationServi - Removing overlay from FXGLDefaultMenu and adding to GameScene
21:41:23.446 [JavaFX Application Thread] DEBUG PrimaryStageWindow   - GameScene <- FXGLDefaultMenu
21:41:23.450 [JavaFX Application Thread] DEBUG FXGLAssetLoaderServi - Loading from file system: jar:file:/C:/Users/nykum/OneDrive/%c3%81rea%20de%20Trabalho/The-Fallen-Piolin-%20CODING/Game/target/The%20Fallen%20Piolin.jar!/assets/sounds/fogo.wav
21:41:23.621 [JavaFX Application Thread] DEBUG PrimaryStageWindow   - Push state: FXGLDefaultMenu
21:41:23.621 [JavaFX Application Thread] DEBUG Input                - Clearing active input actions
21:41:23.623 [JavaFX Application Thread] DEBUG GameApplicationServi - Removing overlay from GameScene and adding to FXGLDefaultMenu
21:41:23.624 [JavaFX Application Thread] DEBUG PrimaryStageWindow   - GameScene -> FXGLDefaultMenu
21:41:55.546 [JavaFX Application Thread] DEBUG Menu                 - fireResume()
21:41:55.547 [JavaFX Application Thread] DEBUG PrimaryStageWindow   - Pop state: FXGLDefaultMenu
21:41:55.547 [JavaFX Application Thread] DEBUG Input                - Clearing active input actions
21:41:55.547 [JavaFX Application Thread] DEBUG GameApplicationServi - Removing overlay from FXGLDefaultMenu and adding to GameScene
21:41:55.548 [JavaFX Application Thread] DEBUG PrimaryStageWindow   - GameScene <- FXGLDefaultMenu
21:41:55.726 [JavaFX Application Thread] DEBUG PrimaryStageWindow   - Push state: FXGLDefaultMenu
21:41:55.726 [JavaFX Application Thread] DEBUG Input                - Clearing active input actions
21:41:55.727 [JavaFX Application Thread] DEBUG GameApplicationServi - Removing overlay from GameScene and adding to FXGLDefaultMenu
21:41:55.728 [JavaFX Application Thread] DEBUG PrimaryStageWindow   - GameScene -> FXGLDefaultMenu
21:43:28.282 [JavaFX Application Thread] DEBUG Menu                 - fireResume()
21:43:28.283 [JavaFX Application Thread] DEBUG PrimaryStageWindow   - Pop state: FXGLDefaultMenu
21:43:28.283 [JavaFX Application Thread] DEBUG Input                - Clearing active input actions
21:43:28.283 [JavaFX Application Thread] DEBUG GameApplicationServi - Removing overlay from FXGLDefaultMenu and adding to GameScene
21:43:28.283 [JavaFX Application Thread] DEBUG PrimaryStageWindow   - GameScene <- FXGLDefaultMenu
21:43:33.147 [JavaFX Application Thread] DEBUG FXGLAssetLoaderServi - Loading from file system: jar:file:/C:/Users/nykum/OneDrive/%c3%81rea%20de%20Trabalho/The-Fallen-Piolin-%20CODING/Game/target/The%20Fallen%20Piolin.jar!/assets/textures/waterD.png
21:43:39.615 [JavaFX Application Thread] DEBUG FXGLAssetLoaderServi - Loading from file system: jar:file:/C:/Users/nykum/OneDrive/%c3%81rea%20de%20Trabalho/The-Fallen-Piolin-%20CODING/Game/target/The%20Fallen%20Piolin.jar!/assets/sounds/water.wav
21:43:44.018 [JavaFX Application Thread] DEBUG FXGLAssetLoaderServi - Loading from file system: jar:file:/C:/Users/nykum/OneDrive/%c3%81rea%20de%20Trabalho/The-Fallen-Piolin-%20CODING/Game/target/The%20Fallen%20Piolin.jar!/assets/textures/normal_feather.png
21:43:44.019 [JavaFX Application Thread] DEBUG FXGLAssetLoaderServi - Loading from file system: jar:file:/C:/Users/nykum/OneDrive/%c3%81rea%20de%20Trabalho/The-Fallen-Piolin-%20CODING/Game/target/The%20Fallen%20Piolin.jar!/assets/sounds/paper.wav
21:43:45.192 [JavaFX Application Thread] DEBUG FXGLAssetLoaderServi - Loading from file system: jar:file:/C:/Users/nykum/OneDrive/%c3%81rea%20de%20Trabalho/The-Fallen-Piolin-%20CODING/Game/target/The%20Fallen%20Piolin.jar!/assets/sounds/vaiqueimar.wav
21:43:49.859 [JavaFX Application Thread] DEBUG FXGLAssetLoaderServi - Loading from file system: jar:file:/C:/Users/nykum/OneDrive/%c3%81rea%20de%20Trabalho/The-Fallen-Piolin-%20CODING/Game/target/The%20Fallen%20Piolin.jar!/assets/sounds/haha.wav
21:44:08.987 [JavaFX Application Thread] DEBUG FXGLApplication      - Exiting FXGL
21:44:08.987 [JavaFX Application Thread] DEBUG LoopRunner           - Stopping loop
21:44:08.988 [JavaFX Application Thread] DEBUG SystemBundleService  - Saving FXGL system data
21:44:08.991 [JavaFX Application Thread] DEBUG FileSystemAccess     - Writing to: C:\Users\nykum\OneDrive\Área de Trabalho\The-Fallen-Piolin- CODING\Game\target\system\fxgl.bundle
21:44:08.993 [JavaFX Application Thread] DEBUG Async                - Shutting down background threads
21:44:08.993 [JavaFX Application Thread] DEBUG PrimaryStageWindow   - Closing main window
21:44:09.005 [JavaFX Application Thread] DEBUG Logger               - Closing Logger
