21:46:21.969 [main                     ] DEBUG Logger               - Configured Logger
21:46:21.991 [main                     ] DEBUG GameApplication      - Logging settings
Title: Untitled
Version: 0.0
Width: 1050
Height: 700
Fullscreen: false
Intro: false
Profiling: false
Single step:false
App Mode: DEVELOPER
Menu Key: ESCAPE
Stage Style: DECORATED
Scene Factory: class org.example.Main$1

21:46:22.429 [JavaFX Application Thread] DEBUG FXGLApplication      - Initializing FXGL
21:46:22.433 [JavaFX Application Thread] INFO  Engine               - FXGL-21 (28.12.2023 13.35) on WINDOWS (J:21.0.3 FX:21.0.1)
21:46:22.433 [JavaFX Application Thread] DEBUG Engine               - JRE Vendor Name: Oracle Corporation
21:46:22.434 [JavaFX Application Thread] DEBUG Engine               - Running on OS: Windows 11 version 10.0
21:46:22.434 [JavaFX Application Thread] DEBUG Engine               - Architecture: amd64
21:46:22.434 [JavaFX Application Thread] INFO  Engine               - Source code and latest versions at: https://github.com/AlmasB/FXGL
21:46:22.434 [JavaFX Application Thread] INFO  Engine               -       Ask questions and discuss at: https://github.com/AlmasB/FXGL/discussions
21:46:22.434 [JavaFX Application Thread] INFO  Engine               -              Join the FXGL chat at: https://gitter.im/AlmasB/FXGL
21:46:22.532 [JavaFX Application Thread] DEBUG PrimaryStageWindow   - Creating a JavaFX scene
21:46:22.574 [JavaFX Application Thread] DEBUG PrimaryStageWindow   - Target settings size: 1050.0 x 700.0
21:46:22.574 [JavaFX Application Thread] DEBUG PrimaryStageWindow   - Scaled scene size:    1050.0 x 700.0
21:46:22.574 [JavaFX Application Thread] DEBUG PrimaryStageWindow   - Scaled ratio: (1.0, 1.0)
21:46:22.576 [JavaFX Application Thread] DEBUG PrimaryStageWindow   - Set initial scene to FXGLStartupScene
21:46:22.580 [JavaFX Application Thread] DEBUG PrimaryStageWindow   - Opening main window
21:46:22.665 [JavaFX Application Thread] DEBUG PrimaryStageWindow   - Window border size: (16.0, 39.0)
21:46:22.665 [JavaFX Application Thread] DEBUG PrimaryStageWindow   - Scaled size: 1050.0 x 700.0
21:46:22.666 [JavaFX Application Thread] DEBUG PrimaryStageWindow   - Scaled ratio: (1.0, 1.0)
21:46:22.666 [JavaFX Application Thread] DEBUG PrimaryStageWindow   - Scene size: 1050.0 x 700.0
21:46:22.666 [JavaFX Application Thread] DEBUG PrimaryStageWindow   - Stage size: 1066.0 x 739.0
21:46:22.671 [FXGL Background Thread 1 ] DEBUG Engine               - Initializing environment variables
21:46:22.722 [FXGL Background Thread 1 ] DEBUG FXGLAssetLoaderServi - User app class for loading assets: class org.example.Main
21:46:22.723 [FXGL Background Thread 1 ] DEBUG GameApplicationServi - Applying CSS: fxgl_dark.css
21:46:22.723 [FXGL Background Thread 1 ] DEBUG FXGLAssetLoaderServi - Loading from file system: jar:file:/C:/Users/nykum/OneDrive/%c3%81rea%20de%20Trabalho/The-Fallen-Piolin-%20CODING/Game/target/The%20Fallen%20Piolin.jar!/fxglassets/ui/css/fxgl_dark.css
21:46:22.770 [FXGL Background Thread 1 ] DEBUG GameApplicationServi - Initializing application scenes
21:46:22.937 [FXGL Background Thread 1 ] WARN  FXGLAssetLoaderServi - Asset "/assets/textures/player.png" was not found!
21:46:22.937 [FXGL Background Thread 1 ] WARN  FXGLAssetLoaderServi - Failed to load IMAGE
21:46:22.966 [FXGL Background Thread 1 ] DEBUG GameWorld            - Game world initialized
21:46:23.019 [FXGL Background Thread 1 ] DEBUG PhysicsWorld         - Physics world initialized: appHeight=700, physics.ppm=50,0
21:46:23.019 [FXGL Background Thread 1 ] DEBUG PhysicsWorld         - Using strategy: BRUTE_FORCE
21:46:23.023 [FXGL Background Thread 1 ] DEBUG GameScene            - Game scene initialized: 1050x700
21:46:23.031 [FXGL Background Thread 1 ] DEBUG FXGL.DefaultMenu     - createMenuBodyGameMenu()
21:46:23.056 [FXGL Background Thread 1 ] DEBUG FXGL.DefaultMenu     - createOptionsMenu()
21:46:23.065 [FXGL Background Thread 1 ] DEBUG FXGLAssetLoaderServi - Loading from file system: jar:file:/C:/Users/nykum/OneDrive/%c3%81rea%20de%20Trabalho/The-Fallen-Piolin-%20CODING/Game/target/The%20Fallen%20Piolin.jar!/fxglassets/textures/particles/smoke.png
21:46:23.196 [FXGL Background Thread 1 ] DEBUG FXGLAssetLoaderServi - Loading from file system: jar:file:/C:/Users/nykum/OneDrive/%c3%81rea%20de%20Trabalho/The-Fallen-Piolin-%20CODING/Game/target/The%20Fallen%20Piolin.jar!/fxglassets/textures/particles/trace_horizontal.png
21:46:23.237 [FXGL Background Thread 1 ] DEBUG GameApplicationServi - Application scenes initialized
21:46:23.250 [FXGL Background Thread 1 ] DEBUG SystemBundleService  - Loading FXGL system data
21:46:23.254 [FXGL Background Thread 1 ] DEBUG FileSystemAccess     - Reading from: C:\Users\nykum\OneDrive\Área de Trabalho\The-Fallen-Piolin- CODING\Game\target\system\fxgl.bundle
21:46:23.264 [FXGL Background Thread 1 ] DEBUG SystemBundleService  - Bundle FXGL: {}
21:46:23.264 [FXGL Background Thread 1 ] DEBUG UpdaterService       - Checking for updates
21:46:23.298 [FXGL Background Thread 4 ] DEBUG FXGLApplication      - Loading fonts
21:46:23.298 [FXGL Background Thread 4 ] DEBUG FXGLAssetLoaderServi - Loading from file system: jar:file:/C:/Users/nykum/OneDrive/%c3%81rea%20de%20Trabalho/The-Fallen-Piolin-%20CODING/Game/target/The%20Fallen%20Piolin.jar!/fxglassets/ui/fonts/VarelaRound-Regular.ttf
21:46:23.299 [FXGL Background Thread 1 ] DEBUG FXGLApplication      - Loading default localization
21:46:23.299 [FXGL Background Thread 1 ] DEBUG FXGLAssetLoaderServi - Loading from file system: jar:file:/C:/Users/nykum/OneDrive/%c3%81rea%20de%20Trabalho/The-Fallen-Piolin-%20CODING/Game/target/The%20Fallen%20Piolin.jar!/fxglassets/languages/english.lang
21:46:23.320 [FXGL Background Thread 1 ] INFO  FXGLApplication      - FXGL initialization took: 0,648 sec
21:46:23.331 [FXGL Background Thread 4 ] DEBUG FXGLAssetLoaderServi - Loading from file system: jar:file:/C:/Users/nykum/OneDrive/%c3%81rea%20de%20Trabalho/The-Fallen-Piolin-%20CODING/Game/target/The%20Fallen%20Piolin.jar!/fxglassets/ui/fonts/Abel-Regular.ttf
21:46:23.333 [JavaFX Application Thread] DEBUG Input                - Registered new binding: Left - A
21:46:23.334 [JavaFX Application Thread] DEBUG Input                - Registered new binding: Right - D
21:46:23.334 [JavaFX Application Thread] DEBUG Input                - Registered new binding: Jump - W
21:46:23.335 [JavaFX Application Thread] DEBUG Input                - Registered new binding: Disparar pena - LMB
21:46:23.336 [FXGL Background Thread 4 ] DEBUG FXGLAssetLoaderServi - Loading from file system: jar:file:/C:/Users/nykum/OneDrive/%c3%81rea%20de%20Trabalho/The-Fallen-Piolin-%20CODING/Game/target/The%20Fallen%20Piolin.jar!/fxglassets/ui/fonts/TerminalLandMono-Regular.otf
21:46:23.336 [JavaFX Application Thread] DEBUG Input                - Registered new binding: Disparar água - RMB
21:46:23.336 [JavaFX Application Thread] DEBUG Input                - Registered new binding: PAUSE - F
21:46:23.336 [JavaFX Application Thread] DEBUG Input                - Registered new binding: RESUME - G
21:46:23.336 [JavaFX Application Thread] DEBUG Input                - Registered new binding: Move espalha lixo para a esquerda! - J
21:46:23.336 [JavaFX Application Thread] DEBUG Input                - Registered new binding: Move espalha lixo para a direita! - K
21:46:23.337 [JavaFX Application Thread] DEBUG Input                - Registered new binding: Disparar com Espalha Lixo - L
21:46:23.337 [JavaFX Application Thread] DEBUG FXGLAssetLoaderServi - Loading from file system: jar:file:/C:/Users/nykum/OneDrive/%c3%81rea%20de%20Trabalho/The-Fallen-Piolin-%20CODING/Game/target/The%20Fallen%20Piolin.jar!/assets/music/backsound.wav
21:46:23.339 [FXGL Background Thread 4 ] DEBUG FXGLAssetLoaderServi - Loading from file system: jar:file:/C:/Users/nykum/OneDrive/%c3%81rea%20de%20Trabalho/The-Fallen-Piolin-%20CODING/Game/target/The%20Fallen%20Piolin.jar!/fxglassets/ui/fonts/Courier-Prime.ttf
21:46:23.447 [JavaFX Application Thread] DEBUG AudioPlayer          - Playing music com.almasb.fxgl.audio.Music@1c49e3f7
21:46:23.447 [JavaFX Application Thread] DEBUG FXGLAssetLoaderServi - Loading from file system: jar:file:/C:/Users/nykum/OneDrive/%c3%81rea%20de%20Trabalho/The-Fallen-Piolin-%20CODING/Game/target/The%20Fallen%20Piolin.jar!/fxglassets/textures/fxgl_icon.png
21:46:23.466 [JavaFX Application Thread] DEBUG FXGLAssetLoaderServi - Loading from file system: jar:file:/C:/Users/nykum/OneDrive/%c3%81rea%20de%20Trabalho/The-Fallen-Piolin-%20CODING/Game/target/The%20Fallen%20Piolin.jar!/fxglassets/textures/fxgl_default_cursor.png
21:46:23.468 [JavaFX Application Thread] DEBUG Input                - Registered new binding: Screenshot - CTRL+8
21:46:23.468 [JavaFX Application Thread] DEBUG Input                - Registered new binding: Dev Options - 1
21:46:23.469 [JavaFX Application Thread] DEBUG Input                - Registered new binding: Dev Console - 2
21:46:23.469 [JavaFX Application Thread] DEBUG Input                - Registered new binding: System info dump - CTRL+9
21:46:23.470 [JavaFX Application Thread] DEBUG Input                - Registered new binding: Restart - CTRL+R
21:46:23.470 [JavaFX Application Thread] DEBUG Input                - Registered new binding: Toggle Debug Camera - CTRL+7
21:46:23.473 [JavaFX Application Thread] DEBUG LoopRunner           - Starting loop
21:46:23.486 [JavaFX Application Thread] DEBUG LoopRunner           - Initializing JavaFX AnimationTimerLoop
21:46:23.487 [JavaFX Application Thread] DEBUG GameApplicationServi - Starting new game
21:46:23.488 [JavaFX Application Thread] DEBUG Input                - Clearing active input actions
21:46:23.499 [JavaFX Application Thread] DEBUG GameApplicationServi - Removing overlay from FXGLStartupScene and adding to MainLoadingScene
21:46:23.503 [JavaFX Application Thread] DEBUG PrimaryStageWindow   - FXGLStartupScene -> MainLoadingScene
21:46:23.503 [JavaFX Application Thread] DEBUG GameApplicationServi - Clearing previous game
21:46:23.503 [JavaFX Application Thread] DEBUG GameScene            - Clearing game scene
21:46:23.504 [JavaFX Application Thread] DEBUG GameWorld            - Clearing game world
21:46:23.504 [JavaFX Application Thread] DEBUG PhysicsWorld         - Clearing physics world
21:46:23.505 [FXGL Background Thread 4 ] DEBUG FXGLApplication      - Initializing game
21:46:23.505 [JavaFX Application Thread] DEBUG FXGLApplication      - Registering font factories with UI factory
21:46:23.506 [FXGL Background Thread 4 ] DEBUG FXGLAssetLoaderServi - Loading from file system: jar:file:/C:/Users/nykum/OneDrive/%c3%81rea%20de%20Trabalho/The-Fallen-Piolin-%20CODING/Game/target/The%20Fallen%20Piolin.jar!/assets/sounds/detenha.wav
21:46:23.528 [FXGL Background Thread 4 ] DEBUG FXGLAssetLoaderServi - Loading from file system: jar:file:/C:/Users/nykum/OneDrive/%c3%81rea%20de%20Trabalho/The-Fallen-Piolin-%20CODING/Game/target/The%20Fallen%20Piolin.jar!/assets/textures/background/forest.png
21:46:23.690 [FXGL Background Thread 4 ] WARN  TMXLevelLoader       - TiledMap generated from 1.10.2. Supported version: 1.9.0. Some features may not be parsed fully.
21:46:23.759 [FXGL Background Thread 4 ] DEBUG TMXLevelLoader       - Parsed TiledMap: jar:file:/C:/Users/nykum/OneDrive/%c3%81rea%20de%20Trabalho/The-Fallen-Piolin-%20CODING/Game/target/The%20Fallen%20Piolin.jar!/assets/levels/tmx/map-remastered8.tmx
21:46:23.760 [FXGL Background Thread 4 ] DEBUG TMXLevelLoader       - Creating tile layer entities
21:46:23.763 [FXGL Background Thread 4 ] DEBUG TilesetLoader        - Loading view for layer lower-down-above
21:46:23.767 [FXGL Background Thread 4 ] DEBUG TilesetLoader        - Created buffer with size 2560.0x800.0
21:46:23.801 [FXGL Background Thread 4 ] DEBUG TilesetLoader        - Loading view for layer end
21:46:23.803 [FXGL Background Thread 4 ] DEBUG TilesetLoader        - Created buffer with size 2560.0x800.0
21:46:23.805 [FXGL Background Thread 4 ] DEBUG TilesetLoader        - Loading view for layer middle
21:46:23.807 [FXGL Background Thread 4 ] DEBUG TilesetLoader        - Created buffer with size 2560.0x800.0
21:46:23.810 [FXGL Background Thread 4 ] DEBUG TilesetLoader        - Loading view for layer first
21:46:23.811 [FXGL Background Thread 4 ] DEBUG TilesetLoader        - Created buffer with size 2560.0x800.0
21:46:23.815 [FXGL Background Thread 4 ] DEBUG TilesetLoader        - Loading view for layer last
21:46:23.817 [FXGL Background Thread 4 ] DEBUG TilesetLoader        - Created buffer with size 2560.0x800.0
21:46:23.819 [FXGL Background Thread 4 ] DEBUG TilesetLoader        - Loading view for layer trees to burn
21:46:23.823 [FXGL Background Thread 4 ] DEBUG TilesetLoader        - Created buffer with size 2560.0x800.0
21:46:23.826 [FXGL Background Thread 4 ] DEBUG TilesetLoader        - Loading view for layer front-one-more
21:46:23.829 [FXGL Background Thread 4 ] DEBUG TilesetLoader        - Created buffer with size 2560.0x800.0
21:46:23.831 [FXGL Background Thread 4 ] DEBUG TMXLevelLoader       - Creating object layer entities
21:46:23.864 [FXGL Background Thread 4 ] DEBUG GameWorld            - Clearing removable entities
21:46:23.865 [FXGL Background Thread 4 ] DEBUG GameWorld            - Setting level: com.almasb.fxgl.entity.level.Level@1e3bc03
21:46:23.877 [FXGL Background Thread 4 ] DEBUG FXGLAssetLoaderServi - Loading from file system: jar:file:/C:/Users/nykum/OneDrive/%c3%81rea%20de%20Trabalho/The-Fallen-Piolin-%20CODING/Game/target/The%20Fallen%20Piolin.jar!/assets/textures/walk_piolin1-Sheet.png
21:46:23.887 [FXGL Background Thread 4 ] DEBUG FXGLAssetLoaderServi - Loading from file system: jar:file:/C:/Users/nykum/OneDrive/%c3%81rea%20de%20Trabalho/The-Fallen-Piolin-%20CODING/Game/target/The%20Fallen%20Piolin.jar!/assets/textures/whole-espalha-lixot.png
21:46:23.892 [FXGL Background Thread 4 ] INFO  FXGLApplication      - Game initialization took: 0,386 sec
21:46:23.893 [JavaFX Application Thread] DEBUG Input                - Clearing active input actions
21:46:23.907 [JavaFX Application Thread] DEBUG GameApplicationServi - Removing overlay from MainLoadingScene and adding to GameScene
21:46:23.912 [JavaFX Application Thread] DEBUG PrimaryStageWindow   - MainLoadingScene -> GameScene
21:46:23.918 [JavaFX Application Thread] DEBUG FXGLAssetLoaderServi - Loading from file system: jar:file:/C:/Users/nykum/OneDrive/%c3%81rea%20de%20Trabalho/The-Fallen-Piolin-%20CODING/Game/target/The%20Fallen%20Piolin.jar!/assets/textures/tiro_de_fogo.png
21:46:23.979 [FXGL Background Thread 2 ] INFO  UpdaterService       - Your current version:  21
21:46:23.980 [FXGL Background Thread 2 ] INFO  UpdaterService       - Latest stable version: 21.1
21:46:25.124 [JavaFX Application Thread] DEBUG FXGLAssetLoaderServi - Loading from file system: jar:file:/C:/Users/nykum/OneDrive/%c3%81rea%20de%20Trabalho/The-Fallen-Piolin-%20CODING/Game/target/The%20Fallen%20Piolin.jar!/assets/sounds/fire_launcher.wav
21:46:25.727 [JavaFX Application Thread] DEBUG FXGLAssetLoaderServi - Loading from file system: jar:file:/C:/Users/nykum/OneDrive/%c3%81rea%20de%20Trabalho/The-Fallen-Piolin-%20CODING/Game/target/The%20Fallen%20Piolin.jar!/assets/sounds/fogo.wav
21:46:26.296 [FXGL Background Thread 3 ] DEBUG Engine               - Logging environment variables
21:46:26.296 [FXGL Background Thread 3 ] DEBUG Engine               - achievements: []
21:46:26.297 [FXGL Background Thread 3 ] DEBUG Engine               - actualHeight: 700.0
21:46:26.297 [FXGL Background Thread 3 ] DEBUG Engine               - actualHeightProperty: ReadOnlyDoubleProperty [value: 700.0]
21:46:26.297 [FXGL Background Thread 3 ] DEBUG Engine               - actualWidth: 1050.0
21:46:26.297 [FXGL Background Thread 3 ] DEBUG Engine               - actualWidthProperty: ReadOnlyDoubleProperty [value: 1050.0]
21:46:26.297 [FXGL Background Thread 3 ] DEBUG Engine               - appIcon: fxgl_icon.png
21:46:26.297 [FXGL Background Thread 3 ] DEBUG Engine               - applicationMode: DEVELOPER
21:46:26.297 [FXGL Background Thread 3 ] DEBUG Engine               - cSSList: [fxgl_dark.css]
21:46:26.297 [FXGL Background Thread 3 ] DEBUG Engine               - collisionDetectionStrategy: BRUTE_FORCE
21:46:26.298 [FXGL Background Thread 3 ] DEBUG Engine               - configClass: Optional.empty
21:46:26.298 [FXGL Background Thread 3 ] DEBUG Engine               - credits: []
21:46:26.298 [FXGL Background Thread 3 ] DEBUG Engine               - defaultCursor: CursorInfo(imageName=fxgl_default_cursor.png, hotspotX=7.0, hotspotY=6.0)
21:46:26.299 [FXGL Background Thread 3 ] DEBUG Engine               - devBBoxColorProperty: ObjectProperty [value: 0xff0000ff]
21:46:26.299 [FXGL Background Thread 3 ] DEBUG Engine               - devEnableDebugCameraProperty: BooleanProperty [value: false]
21:46:26.299 [FXGL Background Thread 3 ] DEBUG Engine               - devSensorColorProperty: ObjectProperty [value: 0xffff00ff]
21:46:26.299 [FXGL Background Thread 3 ] DEBUG Engine               - devShowBBoxProperty: BooleanProperty [value: false]
21:46:26.299 [FXGL Background Thread 3 ] DEBUG Engine               - devShowPositionProperty: BooleanProperty [value: false]
21:46:26.299 [FXGL Background Thread 3 ] DEBUG Engine               - enabledMenuItems: []
21:46:26.299 [FXGL Background Thread 3 ] DEBUG Engine               - engineServices: [class com.almasb.fxgl.app.services.FXGLAssetLoaderService, class com.almasb.fxgl.app.FXGLApplication$GameApplicationService, class com.almasb.fxgl.app.services.FXGLDialogService, class com.almasb.fxgl.app.services.IOTaskExecutorService, class com.almasb.fxgl.io.FileSystemService, class com.almasb.fxgl.localization.LocalizationService, class com.almasb.fxgl.app.services.SystemBundleService, class com.almasb.fxgl.profile.SaveLoadService, class com.almasb.fxgl.ui.FXGLUIFactoryServiceProvider, class com.almasb.fxgl.ui.FXGLDialogFactoryServiceProvider, class com.almasb.fxgl.audio.AudioPlayer, class com.almasb.fxgl.notification.impl.NotificationServiceProvider, class com.almasb.fxgl.achievement.AchievementService, class com.almasb.fxgl.cutscene.CutsceneService, class com.almasb.fxgl.minigames.MiniGameService, class com.almasb.fxgl.net.NetService, class com.almasb.fxgl.app.services.UpdaterService, class com.almasb.fxgl.dev.DevService]
21:46:26.299 [FXGL Background Thread 3 ] DEBUG Engine               - fontGame: Abel-Regular.ttf
21:46:26.300 [FXGL Background Thread 3 ] DEBUG Engine               - fontMono: TerminalLandMono-Regular.otf
21:46:26.300 [FXGL Background Thread 3 ] DEBUG Engine               - fontSizeScaleUI: 1.0
21:46:26.300 [FXGL Background Thread 3 ] DEBUG Engine               - fontText: Courier-Prime.ttf
21:46:26.300 [FXGL Background Thread 3 ] DEBUG Engine               - fontUI: VarelaRound-Regular.ttf
21:46:26.300 [FXGL Background Thread 3 ] DEBUG Engine               - fullScreen: BooleanProperty [value: false]
21:46:26.300 [FXGL Background Thread 3 ] DEBUG Engine               - gameDifficulty: MEDIUM
21:46:26.300 [FXGL Background Thread 3 ] DEBUG Engine               - gameDifficultyProperty: ObjectProperty [value: MEDIUM]
21:46:26.300 [FXGL Background Thread 3 ] DEBUG Engine               - globalMusicVolume: 0.5
21:46:26.301 [FXGL Background Thread 3 ] DEBUG Engine               - globalMusicVolumeProperty: DoubleProperty [value: 0.2]
21:46:26.301 [FXGL Background Thread 3 ] DEBUG Engine               - globalSoundVolume: 0.5
21:46:26.301 [FXGL Background Thread 3 ] DEBUG Engine               - globalSoundVolumeProperty: DoubleProperty [value: 0.5]
21:46:26.301 [FXGL Background Thread 3 ] DEBUG Engine               - height: 700
21:46:26.301 [FXGL Background Thread 3 ] DEBUG Engine               - is3D: false
21:46:26.301 [FXGL Background Thread 3 ] DEBUG Engine               - isAndroid: false
21:46:26.301 [FXGL Background Thread 3 ] DEBUG Engine               - isBrowser: false
21:46:26.301 [FXGL Background Thread 3 ] DEBUG Engine               - isClickFeedbackEnabled: false
21:46:26.301 [FXGL Background Thread 3 ] DEBUG Engine               - isCloseConfirmation: false
21:46:26.301 [FXGL Background Thread 3 ] DEBUG Engine               - isDesktop: true
21:46:26.301 [FXGL Background Thread 3 ] DEBUG Engine               - isDeveloperMenuEnabled: true
21:46:26.301 [FXGL Background Thread 3 ] DEBUG Engine               - isEmbedded: false
21:46:26.301 [FXGL Background Thread 3 ] DEBUG Engine               - isEntityPreloadEnabled: true
21:46:26.301 [FXGL Background Thread 3 ] DEBUG Engine               - isExperimentalTiledLargeMap: false
21:46:26.301 [FXGL Background Thread 3 ] DEBUG Engine               - isFileSystemWriteAllowed: true
21:46:26.301 [FXGL Background Thread 3 ] DEBUG Engine               - isFullScreenAllowed: false
21:46:26.301 [FXGL Background Thread 3 ] DEBUG Engine               - isFullScreenFromStart: false
21:46:26.301 [FXGL Background Thread 3 ] DEBUG Engine               - isGameMenuEnabled: true
21:46:26.301 [FXGL Background Thread 3 ] DEBUG Engine               - isIOS: false
21:46:26.302 [FXGL Background Thread 3 ] DEBUG Engine               - isIntroEnabled: false
21:46:26.302 [FXGL Background Thread 3 ] DEBUG Engine               - isLinux: false
21:46:26.302 [FXGL Background Thread 3 ] DEBUG Engine               - isMac: false
21:46:26.302 [FXGL Background Thread 3 ] DEBUG Engine               - isMainMenuEnabled: false
21:46:26.302 [FXGL Background Thread 3 ] DEBUG Engine               - isManualResizeEnabled: false
21:46:26.302 [FXGL Background Thread 3 ] DEBUG Engine               - isMobile: false
21:46:26.302 [FXGL Background Thread 3 ] DEBUG Engine               - isNative: false
21:46:26.302 [FXGL Background Thread 3 ] DEBUG Engine               - isPauseMusicWhenMinimized: true
21:46:26.302 [FXGL Background Thread 3 ] DEBUG Engine               - isPreserveResizeRatio: false
21:46:26.302 [FXGL Background Thread 3 ] DEBUG Engine               - isProfilingEnabled: false
21:46:26.302 [FXGL Background Thread 3 ] DEBUG Engine               - isScaleAffectedOnResize: true
21:46:26.302 [FXGL Background Thread 3 ] DEBUG Engine               - isSingleStep: false
21:46:26.302 [FXGL Background Thread 3 ] DEBUG Engine               - isUserProfileEnabled: false
21:46:26.302 [FXGL Background Thread 3 ] DEBUG Engine               - isWindows: true
21:46:26.302 [FXGL Background Thread 3 ] DEBUG Engine               - language: ObjectProperty [value: ENGLISH]
21:46:26.302 [FXGL Background Thread 3 ] DEBUG Engine               - menuKey: ESCAPE
21:46:26.302 [FXGL Background Thread 3 ] DEBUG Engine               - mouseSensitivity: 0.2
21:46:26.303 [FXGL Background Thread 3 ] DEBUG Engine               - notificationViewClass: class com.almasb.fxgl.notification.view.XboxNotificationView
21:46:26.303 [FXGL Background Thread 3 ] DEBUG Engine               - pixelsPerMeter: 50.0
21:46:26.303 [FXGL Background Thread 3 ] DEBUG Engine               - platform: WINDOWS
21:46:26.303 [FXGL Background Thread 3 ] DEBUG Engine               - prefHeightProperty: ReadOnlyDoubleProperty [value: 700.0]
21:46:26.303 [FXGL Background Thread 3 ] DEBUG Engine               - prefWidthProperty: ReadOnlyDoubleProperty [value: 1050.0]
21:46:26.303 [FXGL Background Thread 3 ] DEBUG Engine               - profileDir: profiles/
21:46:26.303 [FXGL Background Thread 3 ] DEBUG Engine               - profileName: StringProperty [value: DEFAULT]
21:46:26.303 [FXGL Background Thread 3 ] DEBUG Engine               - randomSeed: -1
21:46:26.303 [FXGL Background Thread 3 ] DEBUG Engine               - runtimeInfo: RuntimeInfo(platform=WINDOWS, version=21, build=28.12.2023 13.35)
21:46:26.304 [FXGL Background Thread 3 ] DEBUG Engine               - saveFileExt: sav
21:46:26.304 [FXGL Background Thread 3 ] DEBUG Engine               - scaledHeightProp$fxgl: DoubleProperty [bound, value: 700.0]
21:46:26.304 [FXGL Background Thread 3 ] DEBUG Engine               - scaledWidthProp$fxgl: DoubleProperty [bound, value: 1050.0]
21:46:26.304 [FXGL Background Thread 3 ] DEBUG Engine               - sceneFactory: org.example.Main$1@70fcdec2
21:46:26.304 [FXGL Background Thread 3 ] DEBUG Engine               - secondsIn24h: 60
21:46:26.304 [FXGL Background Thread 3 ] DEBUG Engine               - soundMenuBack: menu/back.wav
21:46:26.304 [FXGL Background Thread 3 ] DEBUG Engine               - soundMenuPress: menu/press.wav
21:46:26.304 [FXGL Background Thread 3 ] DEBUG Engine               - soundMenuSelect: menu/select.wav
21:46:26.304 [FXGL Background Thread 3 ] DEBUG Engine               - soundNotification: core/notification.wav
21:46:26.304 [FXGL Background Thread 3 ] DEBUG Engine               - stageStyle: DECORATED
21:46:26.304 [FXGL Background Thread 3 ] DEBUG Engine               - supportedLanguages: [ENGLISH, FRENCH, GERMAN, HUNGARIAN, RUSSIAN]
21:46:26.304 [FXGL Background Thread 3 ] DEBUG Engine               - ticksPerSecond: -1
21:46:26.304 [FXGL Background Thread 3 ] DEBUG Engine               - title: Untitled
21:46:26.304 [FXGL Background Thread 3 ] DEBUG Engine               - urlGithub: https://github.com/AlmasB/FXGL
21:46:26.305 [FXGL Background Thread 3 ] DEBUG Engine               - urlLeaderboard: http://fxgl-top.herokuapp.com/
21:46:26.305 [FXGL Background Thread 3 ] DEBUG Engine               - urlPOM: https://raw.githubusercontent.com/AlmasB/FXGL/release/README.md
21:46:26.305 [FXGL Background Thread 3 ] DEBUG Engine               - userAppClass: class org.example.Main
21:46:26.305 [FXGL Background Thread 3 ] DEBUG Engine               - version: 0.0
21:46:26.305 [FXGL Background Thread 3 ] DEBUG Engine               - versionCheckDays: 7
21:46:26.305 [FXGL Background Thread 3 ] DEBUG Engine               - width: 1050
21:46:26.305 [FXGL Background Thread 3 ] DEBUG Engine               - Logging services
21:46:26.305 [FXGL Background Thread 3 ] DEBUG Engine               - class com.almasb.fxgl.app.services.FXGLAssetLoaderService
21:46:26.305 [FXGL Background Thread 3 ] DEBUG Engine               - class com.almasb.fxgl.app.FXGLApplication$GameApplicationService
21:46:26.305 [FXGL Background Thread 3 ] DEBUG Engine               - class com.almasb.fxgl.app.services.FXGLDialogService
21:46:26.305 [FXGL Background Thread 3 ] DEBUG Engine               - class com.almasb.fxgl.app.services.IOTaskExecutorService
21:46:26.305 [FXGL Background Thread 3 ] DEBUG Engine               - class com.almasb.fxgl.io.FileSystemService
21:46:26.305 [FXGL Background Thread 3 ] DEBUG Engine               - class com.almasb.fxgl.localization.LocalizationService
21:46:26.305 [FXGL Background Thread 3 ] DEBUG Engine               - class com.almasb.fxgl.app.services.SystemBundleService
21:46:26.305 [FXGL Background Thread 3 ] DEBUG Engine               - class com.almasb.fxgl.profile.SaveLoadService
21:46:26.305 [FXGL Background Thread 3 ] DEBUG Engine               - class com.almasb.fxgl.ui.FXGLUIFactoryServiceProvider
21:46:26.305 [FXGL Background Thread 3 ] DEBUG Engine               - class com.almasb.fxgl.ui.FXGLDialogFactoryServiceProvider
21:46:26.306 [FXGL Background Thread 3 ] DEBUG Engine               - class com.almasb.fxgl.audio.AudioPlayer
21:46:26.306 [FXGL Background Thread 3 ] DEBUG Engine               - class com.almasb.fxgl.notification.impl.NotificationServiceProvider
21:46:26.306 [FXGL Background Thread 3 ] DEBUG Engine               - class com.almasb.fxgl.achievement.AchievementService
21:46:26.306 [FXGL Background Thread 3 ] DEBUG Engine               - class com.almasb.fxgl.cutscene.CutsceneService
21:46:26.306 [FXGL Background Thread 3 ] DEBUG Engine               - class com.almasb.fxgl.minigames.MiniGameService
21:46:26.306 [FXGL Background Thread 3 ] DEBUG Engine               - class com.almasb.fxgl.net.NetService
21:46:26.306 [FXGL Background Thread 3 ] DEBUG Engine               - class com.almasb.fxgl.app.services.UpdaterService
21:46:26.306 [FXGL Background Thread 3 ] DEBUG Engine               - class com.almasb.fxgl.dev.DevService
21:46:27.274 [JavaFX Application Thread] DEBUG FXGLAssetLoaderServi - Loading from file system: jar:file:/C:/Users/nykum/OneDrive/%c3%81rea%20de%20Trabalho/The-Fallen-Piolin-%20CODING/Game/target/The%20Fallen%20Piolin.jar!/assets/textures/normal_feather.png
21:46:27.276 [JavaFX Application Thread] DEBUG FXGLAssetLoaderServi - Loading from file system: jar:file:/C:/Users/nykum/OneDrive/%c3%81rea%20de%20Trabalho/The-Fallen-Piolin-%20CODING/Game/target/The%20Fallen%20Piolin.jar!/assets/sounds/paper.wav
21:46:27.482 [JavaFX Application Thread] DEBUG PrimaryStageWindow   - Push state: FXGLDefaultMenu
21:46:27.483 [JavaFX Application Thread] DEBUG Input                - Clearing active input actions
21:46:27.485 [JavaFX Application Thread] DEBUG GameApplicationServi - Removing overlay from GameScene and adding to FXGLDefaultMenu
21:46:27.487 [JavaFX Application Thread] DEBUG PrimaryStageWindow   - GameScene -> FXGLDefaultMenu
21:46:55.006 [JavaFX Application Thread] DEBUG PrimaryStageWindow   - Pop state: FXGLDefaultMenu
21:46:55.006 [JavaFX Application Thread] DEBUG Input                - Clearing active input actions
21:46:55.007 [JavaFX Application Thread] DEBUG GameApplicationServi - Removing overlay from FXGLDefaultMenu and adding to GameScene
21:46:55.008 [JavaFX Application Thread] DEBUG PrimaryStageWindow   - GameScene <- FXGLDefaultMenu
21:46:55.584 [JavaFX Application Thread] DEBUG PrimaryStageWindow   - Push state: FXGLDefaultMenu
21:46:55.584 [JavaFX Application Thread] DEBUG Input                - Clearing active input actions
21:46:55.586 [JavaFX Application Thread] DEBUG GameApplicationServi - Removing overlay from GameScene and adding to FXGLDefaultMenu
21:46:55.586 [JavaFX Application Thread] DEBUG PrimaryStageWindow   - GameScene -> FXGLDefaultMenu
21:47:30.498 [JavaFX Application Thread] DEBUG FXGLApplication      - Exiting FXGL
21:47:30.498 [JavaFX Application Thread] DEBUG LoopRunner           - Stopping loop
21:47:30.498 [JavaFX Application Thread] DEBUG SystemBundleService  - Saving FXGL system data
21:47:30.501 [JavaFX Application Thread] DEBUG FileSystemAccess     - Writing to: C:\Users\nykum\OneDrive\Área de Trabalho\The-Fallen-Piolin- CODING\Game\target\system\fxgl.bundle
21:47:30.502 [JavaFX Application Thread] DEBUG Async                - Shutting down background threads
21:47:30.503 [JavaFX Application Thread] DEBUG PrimaryStageWindow   - Closing main window
21:47:30.516 [JavaFX Application Thread] DEBUG Logger               - Closing Logger
